[02-Nov-2022 01:20:49 UTC] PHP Notice:  Undefined property: stdClass::$is_enabled in /home/muhannad1/public_html/themes/altum/views/partials/footer.php on line 69
[02-Nov-2022 01:20:49 UTC] PHP Notice:  Undefined property: stdClass::$is_enabled in /home/muhannad1/public_html/themes/altum/views/partials/cookie_consent.php on line 3
[02-Nov-2022 02:12:25 UTC] PHP Notice:  Undefined property: stdClass::$is_enabled in /home/muhannad1/public_html/themes/altum/views/partials/footer.php on line 69
[02-Nov-2022 02:12:25 UTC] PHP Notice:  Undefined property: stdClass::$is_enabled in /home/muhannad1/public_html/themes/altum/views/partials/cookie_consent.php on line 3
[02-Nov-2022 02:12:27 UTC] PHP Notice:  Undefined property: stdClass::$is_enabled in /home/muhannad1/public_html/themes/altum/views/partials/footer.php on line 69
[02-Nov-2022 02:12:27 UTC] PHP Notice:  Undefined property: stdClass::$is_enabled in /home/muhannad1/public_html/themes/altum/views/partials/cookie_consent.php on line 3
[02-Nov-2022 02:12:27 UTC] PHP Notice:  Undefined property: stdClass::$is_enabled in /home/muhannad1/public_html/themes/altum/views/partials/footer.php on line 69
[02-Nov-2022 02:12:27 UTC] PHP Notice:  Undefined property: stdClass::$is_enabled in /home/muhannad1/public_html/themes/altum/views/partials/cookie_consent.php on line 3
[02-Nov-2022 02:12:27 UTC] PHP Notice:  Undefined property: stdClass::$is_enabled in /home/muhannad1/public_html/themes/altum/views/partials/footer.php on line 69
[02-Nov-2022 02:12:27 UTC] PHP Notice:  Undefined property: stdClass::$is_enabled in /home/muhannad1/public_html/themes/altum/views/partials/cookie_consent.php on line 3
[02-Nov-2022 02:12:28 UTC] PHP Notice:  Undefined property: stdClass::$is_enabled in /home/muhannad1/public_html/themes/altum/views/partials/footer.php on line 69
[02-Nov-2022 02:12:28 UTC] PHP Notice:  Undefined property: stdClass::$is_enabled in /home/muhannad1/public_html/themes/altum/views/partials/cookie_consent.php on line 3
[02-Nov-2022 02:12:28 UTC] PHP Notice:  Undefined property: stdClass::$is_enabled in /home/muhannad1/public_html/themes/altum/views/partials/footer.php on line 69
[02-Nov-2022 02:12:28 UTC] PHP Notice:  Undefined property: stdClass::$is_enabled in /home/muhannad1/public_html/themes/altum/views/partials/cookie_consent.php on line 3
[02-Nov-2022 02:12:29 UTC] PHP Notice:  Undefined property: stdClass::$is_enabled in /home/muhannad1/public_html/themes/altum/views/partials/footer.php on line 69
[02-Nov-2022 02:12:29 UTC] PHP Notice:  Undefined property: stdClass::$is_enabled in /home/muhannad1/public_html/themes/altum/views/partials/cookie_consent.php on line 3
[02-Nov-2022 02:12:29 UTC] PHP Notice:  Undefined property: stdClass::$is_enabled in /home/muhannad1/public_html/themes/altum/views/partials/footer.php on line 69
[02-Nov-2022 02:12:29 UTC] PHP Notice:  Undefined property: stdClass::$is_enabled in /home/muhannad1/public_html/themes/altum/views/partials/cookie_consent.php on line 3
[02-Nov-2022 02:12:29 UTC] PHP Notice:  Undefined property: stdClass::$is_enabled in /home/muhannad1/public_html/themes/altum/views/partials/footer.php on line 69
[02-Nov-2022 02:12:29 UTC] PHP Notice:  Undefined property: stdClass::$is_enabled in /home/muhannad1/public_html/themes/altum/views/partials/cookie_consent.php on line 3
[02-Nov-2022 02:12:30 UTC] PHP Notice:  Undefined property: stdClass::$is_enabled in /home/muhannad1/public_html/themes/altum/views/partials/footer.php on line 69
[02-Nov-2022 02:12:30 UTC] PHP Notice:  Undefined property: stdClass::$is_enabled in /home/muhannad1/public_html/themes/altum/views/partials/cookie_consent.php on line 3
[02-Nov-2022 02:12:30 UTC] PHP Notice:  Undefined property: stdClass::$is_enabled in /home/muhannad1/public_html/themes/altum/views/partials/footer.php on line 69
[02-Nov-2022 02:12:30 UTC] PHP Notice:  Undefined property: stdClass::$is_enabled in /home/muhannad1/public_html/themes/altum/views/partials/cookie_consent.php on line 3
[02-Nov-2022 02:12:30 UTC] PHP Notice:  Undefined property: stdClass::$is_enabled in /home/muhannad1/public_html/themes/altum/views/partials/footer.php on line 69
[02-Nov-2022 02:12:30 UTC] PHP Notice:  Undefined property: stdClass::$is_enabled in /home/muhannad1/public_html/themes/altum/views/partials/cookie_consent.php on line 3
[02-Nov-2022 02:12:30 UTC] PHP Notice:  Undefined property: stdClass::$is_enabled in /home/muhannad1/public_html/themes/altum/views/partials/footer.php on line 69
[02-Nov-2022 02:12:30 UTC] PHP Notice:  Undefined property: stdClass::$is_enabled in /home/muhannad1/public_html/themes/altum/views/partials/cookie_consent.php on line 3
[02-Nov-2022 02:12:31 UTC] PHP Notice:  Undefined property: stdClass::$is_enabled in /home/muhannad1/public_html/themes/altum/views/partials/footer.php on line 69
[02-Nov-2022 02:12:31 UTC] PHP Notice:  Undefined property: stdClass::$is_enabled in /home/muhannad1/public_html/themes/altum/views/partials/cookie_consent.php on line 3
[02-Nov-2022 02:12:31 UTC] PHP Notice:  Undefined property: stdClass::$is_enabled in /home/muhannad1/public_html/themes/altum/views/partials/footer.php on line 69
[02-Nov-2022 02:12:31 UTC] PHP Notice:  Undefined property: stdClass::$is_enabled in /home/muhannad1/public_html/themes/altum/views/partials/cookie_consent.php on line 3
[02-Nov-2022 02:12:31 UTC] PHP Notice:  Undefined property: stdClass::$is_enabled in /home/muhannad1/public_html/themes/altum/views/partials/footer.php on line 69
[02-Nov-2022 02:12:31 UTC] PHP Notice:  Undefined property: stdClass::$is_enabled in /home/muhannad1/public_html/themes/altum/views/partials/cookie_consent.php on line 3
[02-Nov-2022 02:12:32 UTC] PHP Notice:  Undefined property: stdClass::$is_enabled in /home/muhannad1/public_html/themes/altum/views/partials/footer.php on line 69
[02-Nov-2022 02:12:32 UTC] PHP Notice:  Undefined property: stdClass::$is_enabled in /home/muhannad1/public_html/themes/altum/views/partials/cookie_consent.php on line 3
[02-Nov-2022 02:12:32 UTC] PHP Notice:  Undefined property: stdClass::$is_enabled in /home/muhannad1/public_html/themes/altum/views/partials/footer.php on line 69
[02-Nov-2022 02:12:32 UTC] PHP Notice:  Undefined property: stdClass::$is_enabled in /home/muhannad1/public_html/themes/altum/views/partials/cookie_consent.php on line 3
[02-Nov-2022 02:12:32 UTC] PHP Notice:  Undefined property: stdClass::$is_enabled in /home/muhannad1/public_html/themes/altum/views/partials/footer.php on line 69
[02-Nov-2022 02:12:32 UTC] PHP Notice:  Undefined property: stdClass::$is_enabled in /home/muhannad1/public_html/themes/altum/views/partials/cookie_consent.php on line 3
[02-Nov-2022 02:20:32 UTC] PHP Notice:  Undefined property: stdClass::$is_enabled in /home/muhannad1/public_html/themes/altum/views/partials/footer.php on line 69
[02-Nov-2022 02:20:32 UTC] PHP Notice:  Undefined property: stdClass::$is_enabled in /home/muhannad1/public_html/themes/altum/views/partials/cookie_consent.php on line 3
[02-Nov-2022 02:51:10 UTC] PHP Notice:  Undefined property: stdClass::$is_enabled in /home/muhannad1/public_html/themes/altum/views/partials/footer.php on line 69
[02-Nov-2022 02:51:10 UTC] PHP Notice:  Undefined property: stdClass::$is_enabled in /home/muhannad1/public_html/themes/altum/views/partials/cookie_consent.php on line 3
[02-Nov-2022 02:56:43 UTC] PHP Notice:  Undefined property: stdClass::$is_enabled in /home/muhannad1/public_html/themes/altum/views/partials/footer.php on line 69
[02-Nov-2022 02:56:43 UTC] PHP Notice:  Undefined property: stdClass::$is_enabled in /home/muhannad1/public_html/themes/altum/views/partials/cookie_consent.php on line 3
[02-Nov-2022 02:56:45 UTC] PHP Notice:  Undefined property: stdClass::$is_enabled in /home/muhannad1/public_html/themes/altum/views/partials/cookie_consent.php on line 3
[02-Nov-2022 02:56:49 UTC] PHP Notice:  Undefined property: stdClass::$is_enabled in /home/muhannad1/public_html/themes/altum/views/partials/footer.php on line 69
[02-Nov-2022 02:56:49 UTC] PHP Notice:  Undefined property: stdClass::$is_enabled in /home/muhannad1/public_html/themes/altum/views/partials/cookie_consent.php on line 3
[02-Nov-2022 02:56:51 UTC] PHP Notice:  Undefined property: stdClass::$is_enabled in /home/muhannad1/public_html/themes/altum/views/partials/footer.php on line 69
[02-Nov-2022 02:56:51 UTC] PHP Notice:  Undefined property: stdClass::$is_enabled in /home/muhannad1/public_html/themes/altum/views/partials/cookie_consent.php on line 3
[02-Nov-2022 02:56:56 UTC] PHP Notice:  Undefined property: stdClass::$is_enabled in /home/muhannad1/public_html/themes/altum/views/partials/footer.php on line 69
[02-Nov-2022 02:56:56 UTC] PHP Notice:  Undefined property: stdClass::$is_enabled in /home/muhannad1/public_html/themes/altum/views/partials/cookie_consent.php on line 3
[02-Nov-2022 02:56:57 UTC] PHP Notice:  Undefined property: stdClass::$is_enabled in /home/muhannad1/public_html/themes/altum/views/partials/footer.php on line 69
[02-Nov-2022 02:56:57 UTC] PHP Notice:  Undefined property: stdClass::$is_enabled in /home/muhannad1/public_html/themes/altum/views/partials/cookie_consent.php on line 3
[02-Nov-2022 02:57:06 UTC] PHP Notice:  Undefined property: stdClass::$is_enabled in /home/muhannad1/public_html/themes/altum/views/partials/footer.php on line 69
[02-Nov-2022 02:57:06 UTC] PHP Notice:  Undefined property: stdClass::$is_enabled in /home/muhannad1/public_html/themes/altum/views/partials/cookie_consent.php on line 3
[02-Nov-2022 02:58:11 UTC] PHP Notice:  Undefined property: stdClass::$resource_name in /home/muhannad1/public_html/themes/altum/views/admin/languages/admin_language_dropdown_button.php on line 11
[02-Nov-2022 02:59:13 UTC] PHP Notice:  Undefined index: Arabic in /home/muhannad1/public_html/themes/altum/views/admin/blog-posts-categories/index.php on line 141
[02-Nov-2022 03:00:42 UTC] PHP Notice:  Undefined property: stdClass::$resource_name in /home/muhannad1/public_html/themes/altum/views/admin/languages/admin_language_dropdown_button.php on line 11
[02-Nov-2022 03:00:44 UTC] PHP Notice:  Undefined index: Arabic in /home/muhannad1/public_html/themes/altum/views/admin/blog-posts-categories/index.php on line 141
[02-Nov-2022 03:00:46 UTC] PHP Notice:  Undefined index: Arabic in /home/muhannad1/public_html/themes/altum/views/admin/blog-posts-categories/index.php on line 141
[02-Nov-2022 03:00:48 UTC] PHP Notice:  Undefined index: Arabic in /home/muhannad1/public_html/themes/altum/views/admin/blog-posts/index.php on line 153
[02-Nov-2022 03:01:27 UTC] PHP Notice:  Undefined index: Arabic in /home/muhannad1/public_html/themes/altum/views/admin/blog-posts-categories/index.php on line 141
[02-Nov-2022 03:01:29 UTC] PHP Notice:  Undefined index: Arabic in /home/muhannad1/public_html/themes/altum/views/admin/blog-posts/index.php on line 153
[02-Nov-2022 03:01:45 UTC] PHP Notice:  Undefined property: stdClass::$resource_name in /home/muhannad1/public_html/themes/altum/views/admin/languages/admin_language_dropdown_button.php on line 11
[02-Nov-2022 03:01:48 UTC] PHP Notice:  Undefined index: Arabic in /home/muhannad1/public_html/themes/altum/views/admin/blog-posts/index.php on line 153
[02-Nov-2022 03:01:50 UTC] PHP Notice:  Undefined index: Arabic in /home/muhannad1/public_html/themes/altum/views/admin/blog-posts-categories/index.php on line 141
[02-Nov-2022 03:01:52 UTC] PHP Notice:  Undefined index: Arabic in /home/muhannad1/public_html/themes/altum/views/admin/blog-posts/index.php on line 153
[02-Nov-2022 03:02:41 UTC] PHP Notice:  Undefined index: Arabic in /home/muhannad1/public_html/themes/altum/views/admin/blog-posts-categories/index.php on line 141
[02-Nov-2022 03:03:37 UTC] PHP Notice:  Undefined property: stdClass::$resource_name in /home/muhannad1/public_html/themes/altum/views/admin/languages/admin_language_dropdown_button.php on line 11
[02-Nov-2022 03:04:45 UTC] PHP Notice:  Undefined index: Arabic in /home/muhannad1/public_html/themes/altum/views/admin/blog-posts-categories/index.php on line 141
[02-Nov-2022 03:04:47 UTC] PHP Notice:  Undefined index: Arabic in /home/muhannad1/public_html/themes/altum/views/admin/blog-posts-categories/index.php on line 141
[02-Nov-2022 03:04:49 UTC] PHP Notice:  Undefined index: Arabic in /home/muhannad1/public_html/themes/altum/views/admin/blog-posts-categories/index.php on line 141
[02-Nov-2022 03:05:14 UTC] PHP Notice:  Undefined index: Arabic in /home/muhannad1/public_html/themes/altum/views/admin/blog-posts-categories/index.php on line 141
[02-Nov-2022 03:05:16 UTC] PHP Notice:  Undefined index: Arabic in /home/muhannad1/public_html/themes/altum/views/admin/blog-posts/index.php on line 153
[02-Nov-2022 03:06:24 UTC] PHP Notice:  Undefined index: Arabic in /home/muhannad1/public_html/themes/altum/views/admin/blog-posts-categories/index.php on line 141
[02-Nov-2022 03:06:24 UTC] PHP Notice:  Undefined property: stdClass::$resource_name in /home/muhannad1/public_html/themes/altum/views/admin/languages/admin_language_dropdown_button.php on line 11
[02-Nov-2022 03:07:03 UTC] PHP Notice:  Undefined index: Arabic in /home/muhannad1/public_html/themes/altum/views/admin/blog-posts/index.php on line 153
[02-Nov-2022 03:07:06 UTC] PHP Notice:  Undefined index: Arabic in /home/muhannad1/public_html/themes/altum/views/admin/blog-posts-categories/index.php on line 141
[02-Nov-2022 03:07:39 UTC] PHP Notice:  Undefined property: stdClass::$resource_name in /home/muhannad1/public_html/themes/altum/views/admin/languages/admin_language_dropdown_button.php on line 11
[02-Nov-2022 03:07:40 UTC] PHP Notice:  Undefined index: Arabic in /home/muhannad1/public_html/themes/altum/views/admin/blog-posts-categories/index.php on line 141
[02-Nov-2022 03:07:43 UTC] PHP Notice:  Undefined index: Arabic in /home/muhannad1/public_html/themes/altum/views/admin/blog-posts-categories/index.php on line 141
[02-Nov-2022 03:07:47 UTC] PHP Notice:  Undefined index: Arabic in /home/muhannad1/public_html/themes/altum/views/admin/blog-posts-categories/index.php on line 141
[02-Nov-2022 03:07:49 UTC] PHP Notice:  Undefined index: Arabic in /home/muhannad1/public_html/themes/altum/views/admin/blog-posts/index.php on line 153
[02-Nov-2022 03:07:52 UTC] PHP Notice:  Undefined index: Arabic in /home/muhannad1/public_html/themes/altum/views/admin/blog-posts-categories/index.php on line 141
[02-Nov-2022 03:09:00 UTC] PHP Notice:  Undefined property: stdClass::$resource_name in /home/muhannad1/public_html/themes/altum/views/admin/languages/admin_language_dropdown_button.php on line 11
[02-Nov-2022 03:09:02 UTC] PHP Notice:  Undefined index: Arabic in /home/muhannad1/public_html/themes/altum/views/admin/blog-posts-categories/index.php on line 141
[02-Nov-2022 03:09:54 UTC] PHP Notice:  Undefined property: stdClass::$resource_name in /home/muhannad1/public_html/themes/altum/views/admin/languages/admin_language_dropdown_button.php on line 11
[02-Nov-2022 03:10:29 UTC] PHP Notice:  Undefined property: stdClass::$is_enabled in /home/muhannad1/public_html/themes/altum/views/partials/footer.php on line 69
[02-Nov-2022 03:10:29 UTC] PHP Notice:  Undefined property: stdClass::$is_enabled in /home/muhannad1/public_html/themes/altum/views/partials/cookie_consent.php on line 3
[02-Nov-2022 03:10:30 UTC] PHP Notice:  Undefined property: stdClass::$is_enabled in /home/muhannad1/public_html/themes/altum/views/partials/footer.php on line 69
[02-Nov-2022 03:10:30 UTC] PHP Notice:  Undefined property: stdClass::$is_enabled in /home/muhannad1/public_html/themes/altum/views/partials/cookie_consent.php on line 3
[02-Nov-2022 03:11:37 UTC] PHP Notice:  Undefined property: stdClass::$is_enabled in /home/muhannad1/public_html/themes/altum/views/partials/footer.php on line 69
[02-Nov-2022 03:11:37 UTC] PHP Notice:  Undefined property: stdClass::$is_enabled in /home/muhannad1/public_html/themes/altum/views/partials/cookie_consent.php on line 3
[02-Nov-2022 03:11:47 UTC] PHP Notice:  Undefined property: stdClass::$is_enabled in /home/muhannad1/public_html/themes/altum/views/partials/footer.php on line 69
[02-Nov-2022 03:11:47 UTC] PHP Notice:  Undefined property: stdClass::$is_enabled in /home/muhannad1/public_html/themes/altum/views/partials/cookie_consent.php on line 3
[02-Nov-2022 03:21:24 UTC] PHP Notice:  Undefined property: stdClass::$is_enabled in /home/muhannad1/public_html/themes/altum/views/partials/footer.php on line 69
[02-Nov-2022 03:21:24 UTC] PHP Notice:  Undefined property: stdClass::$is_enabled in /home/muhannad1/public_html/themes/altum/views/partials/cookie_consent.php on line 3
[02-Nov-2022 03:24:04 UTC] PHP Notice:  Undefined property: stdClass::$resource_name in /home/muhannad1/public_html/themes/altum/views/admin/languages/admin_language_dropdown_button.php on line 11
[02-Nov-2022 03:24:33 UTC] PHP Notice:  Undefined property: stdClass::$is_enabled in /home/muhannad1/public_html/themes/altum/views/partials/footer.php on line 69
[02-Nov-2022 03:24:33 UTC] PHP Notice:  Undefined property: stdClass::$is_enabled in /home/muhannad1/public_html/themes/altum/views/partials/cookie_consent.php on line 3
[02-Nov-2022 03:24:36 UTC] PHP Notice:  Undefined property: stdClass::$is_enabled in /home/muhannad1/public_html/themes/altum/views/partials/footer.php on line 69
[02-Nov-2022 03:24:36 UTC] PHP Notice:  Undefined property: stdClass::$is_enabled in /home/muhannad1/public_html/themes/altum/views/partials/cookie_consent.php on line 3
[02-Nov-2022 03:25:02 UTC] PHP Notice:  Undefined property: stdClass::$is_enabled in /home/muhannad1/public_html/themes/altum/views/partials/footer.php on line 69
[02-Nov-2022 03:25:02 UTC] PHP Notice:  Undefined property: stdClass::$is_enabled in /home/muhannad1/public_html/themes/altum/views/partials/cookie_consent.php on line 3
[02-Nov-2022 03:25:11 UTC] PHP Notice:  Undefined property: stdClass::$is_enabled in /home/muhannad1/public_html/themes/altum/views/partials/footer.php on line 69
[02-Nov-2022 03:25:11 UTC] PHP Notice:  Undefined property: stdClass::$is_enabled in /home/muhannad1/public_html/themes/altum/views/partials/cookie_consent.php on line 3
[02-Nov-2022 03:25:21 UTC] PHP Notice:  Undefined property: stdClass::$is_enabled in /home/muhannad1/public_html/themes/altum/views/partials/footer.php on line 69
[02-Nov-2022 03:25:21 UTC] PHP Notice:  Undefined property: stdClass::$is_enabled in /home/muhannad1/public_html/themes/altum/views/partials/cookie_consent.php on line 3
[02-Nov-2022 03:25:21 UTC] PHP Notice:  Undefined property: stdClass::$is_enabled in /home/muhannad1/public_html/themes/altum/views/partials/footer.php on line 69
[02-Nov-2022 03:25:21 UTC] PHP Notice:  Undefined property: stdClass::$is_enabled in /home/muhannad1/public_html/themes/altum/views/partials/cookie_consent.php on line 3
[02-Nov-2022 03:25:22 UTC] PHP Notice:  Undefined property: stdClass::$is_enabled in /home/muhannad1/public_html/themes/altum/views/partials/footer.php on line 69
[02-Nov-2022 03:25:22 UTC] PHP Notice:  Undefined property: stdClass::$is_enabled in /home/muhannad1/public_html/themes/altum/views/partials/cookie_consent.php on line 3
[02-Nov-2022 03:25:24 UTC] PHP Notice:  Undefined property: stdClass::$is_enabled in /home/muhannad1/public_html/themes/altum/views/partials/footer.php on line 69
[02-Nov-2022 03:25:24 UTC] PHP Notice:  Undefined property: stdClass::$is_enabled in /home/muhannad1/public_html/themes/altum/views/partials/cookie_consent.php on line 3
[02-Nov-2022 03:25:32 UTC] PHP Notice:  Undefined property: stdClass::$is_enabled in /home/muhannad1/public_html/themes/altum/views/partials/footer.php on line 69
[02-Nov-2022 03:25:32 UTC] PHP Notice:  Undefined property: stdClass::$is_enabled in /home/muhannad1/public_html/themes/altum/views/partials/cookie_consent.php on line 3
[02-Nov-2022 03:25:42 UTC] PHP Notice:  Undefined property: stdClass::$is_enabled in /home/muhannad1/public_html/themes/altum/views/partials/footer.php on line 69
[02-Nov-2022 03:25:42 UTC] PHP Notice:  Undefined property: stdClass::$is_enabled in /home/muhannad1/public_html/themes/altum/views/partials/cookie_consent.php on line 3
[02-Nov-2022 03:25:53 UTC] PHP Notice:  Undefined property: stdClass::$is_enabled in /home/muhannad1/public_html/themes/altum/views/partials/footer.php on line 69
[02-Nov-2022 03:25:53 UTC] PHP Notice:  Undefined property: stdClass::$is_enabled in /home/muhannad1/public_html/themes/altum/views/partials/cookie_consent.php on line 3
[02-Nov-2022 03:26:03 UTC] PHP Notice:  Undefined property: stdClass::$is_enabled in /home/muhannad1/public_html/themes/altum/views/partials/footer.php on line 69
[02-Nov-2022 03:26:03 UTC] PHP Notice:  Undefined property: stdClass::$is_enabled in /home/muhannad1/public_html/themes/altum/views/partials/cookie_consent.php on line 3
[02-Nov-2022 03:26:06 UTC] PHP Notice:  Undefined property: stdClass::$is_enabled in /home/muhannad1/public_html/themes/altum/views/partials/footer.php on line 69
[02-Nov-2022 03:26:06 UTC] PHP Notice:  Undefined property: stdClass::$is_enabled in /home/muhannad1/public_html/themes/altum/views/partials/cookie_consent.php on line 3
[02-Nov-2022 03:26:50 UTC] PHP Notice:  Undefined property: stdClass::$resource_name in /home/muhannad1/public_html/themes/altum/views/admin/languages/admin_language_dropdown_button.php on line 11
[02-Nov-2022 03:27:40 UTC] PHP Notice:  Undefined property: stdClass::$is_enabled in /home/muhannad1/public_html/themes/altum/views/partials/cookie_consent.php on line 3
[02-Nov-2022 03:27:43 UTC] PHP Notice:  Undefined property: stdClass::$is_enabled in /home/muhannad1/public_html/themes/altum/views/partials/footer.php on line 69
[02-Nov-2022 03:27:43 UTC] PHP Notice:  Undefined property: stdClass::$is_enabled in /home/muhannad1/public_html/themes/altum/views/partials/cookie_consent.php on line 3
[02-Nov-2022 03:27:44 UTC] PHP Notice:  Undefined property: stdClass::$is_enabled in /home/muhannad1/public_html/themes/altum/views/partials/footer.php on line 69
[02-Nov-2022 03:27:44 UTC] PHP Notice:  Undefined property: stdClass::$is_enabled in /home/muhannad1/public_html/themes/altum/views/partials/cookie_consent.php on line 3
[02-Nov-2022 03:27:44 UTC] PHP Notice:  Undefined property: stdClass::$is_enabled in /home/muhannad1/public_html/themes/altum/views/partials/footer.php on line 69
[02-Nov-2022 03:27:44 UTC] PHP Notice:  Undefined property: stdClass::$is_enabled in /home/muhannad1/public_html/themes/altum/views/partials/cookie_consent.php on line 3
[02-Nov-2022 03:27:47 UTC] PHP Notice:  Undefined property: stdClass::$is_enabled in /home/muhannad1/public_html/themes/altum/views/partials/cookie_consent.php on line 3
[02-Nov-2022 03:27:49 UTC] PHP Notice:  Undefined property: stdClass::$is_enabled in /home/muhannad1/public_html/themes/altum/views/partials/cookie_consent.php on line 3
[02-Nov-2022 03:27:50 UTC] PHP Notice:  Undefined property: stdClass::$is_enabled in /home/muhannad1/public_html/themes/altum/views/partials/footer.php on line 69
[02-Nov-2022 03:27:50 UTC] PHP Notice:  Undefined property: stdClass::$is_enabled in /home/muhannad1/public_html/themes/altum/views/partials/cookie_consent.php on line 3
[02-Nov-2022 03:27:58 UTC] PHP Notice:  Undefined property: stdClass::$is_enabled in /home/muhannad1/public_html/themes/altum/views/partials/footer.php on line 69
[02-Nov-2022 03:27:58 UTC] PHP Notice:  Undefined property: stdClass::$is_enabled in /home/muhannad1/public_html/themes/altum/views/partials/cookie_consent.php on line 3
[02-Nov-2022 03:27:58 UTC] PHP Notice:  Undefined property: stdClass::$resource_name in /home/muhannad1/public_html/themes/altum/views/admin/languages/admin_language_dropdown_button.php on line 11
[02-Nov-2022 03:30:28 UTC] PHP Notice:  Undefined property: stdClass::$is_enabled in /home/muhannad1/public_html/themes/altum/views/partials/footer.php on line 69
[02-Nov-2022 03:30:28 UTC] PHP Notice:  Undefined property: stdClass::$is_enabled in /home/muhannad1/public_html/themes/altum/views/partials/cookie_consent.php on line 3
[02-Nov-2022 03:30:31 UTC] PHP Notice:  Undefined property: stdClass::$is_enabled in /home/muhannad1/public_html/themes/altum/views/partials/footer.php on line 69
[02-Nov-2022 03:30:31 UTC] PHP Notice:  Undefined property: stdClass::$is_enabled in /home/muhannad1/public_html/themes/altum/views/partials/cookie_consent.php on line 3
[02-Nov-2022 03:30:33 UTC] PHP Notice:  Undefined property: stdClass::$is_enabled in /home/muhannad1/public_html/themes/altum/views/partials/footer.php on line 69
[02-Nov-2022 03:30:33 UTC] PHP Notice:  Undefined property: stdClass::$is_enabled in /home/muhannad1/public_html/themes/altum/views/partials/cookie_consent.php on line 3
[02-Nov-2022 03:30:35 UTC] PHP Notice:  Undefined property: stdClass::$is_enabled in /home/muhannad1/public_html/themes/altum/views/partials/footer.php on line 69
[02-Nov-2022 03:30:35 UTC] PHP Notice:  Undefined property: stdClass::$is_enabled in /home/muhannad1/public_html/themes/altum/views/partials/cookie_consent.php on line 3
[02-Nov-2022 03:30:35 UTC] PHP Notice:  Undefined property: stdClass::$is_enabled in /home/muhannad1/public_html/themes/altum/views/partials/cookie_consent.php on line 3
[02-Nov-2022 03:30:36 UTC] PHP Notice:  Undefined property: stdClass::$is_enabled in /home/muhannad1/public_html/themes/altum/views/partials/footer.php on line 69
[02-Nov-2022 03:30:36 UTC] PHP Notice:  Undefined property: stdClass::$is_enabled in /home/muhannad1/public_html/themes/altum/views/partials/cookie_consent.php on line 3
[02-Nov-2022 03:30:38 UTC] PHP Notice:  Undefined property: stdClass::$is_enabled in /home/muhannad1/public_html/themes/altum/views/partials/cookie_consent.php on line 3
[02-Nov-2022 03:30:38 UTC] PHP Notice:  Undefined property: stdClass::$is_enabled in /home/muhannad1/public_html/themes/altum/views/partials/footer.php on line 69
[02-Nov-2022 03:30:38 UTC] PHP Notice:  Undefined property: stdClass::$is_enabled in /home/muhannad1/public_html/themes/altum/views/partials/cookie_consent.php on line 3
[02-Nov-2022 03:30:41 UTC] PHP Notice:  Undefined property: stdClass::$is_enabled in /home/muhannad1/public_html/themes/altum/views/partials/footer.php on line 69
[02-Nov-2022 03:30:41 UTC] PHP Notice:  Undefined property: stdClass::$is_enabled in /home/muhannad1/public_html/themes/altum/views/partials/cookie_consent.php on line 3
[02-Nov-2022 03:30:41 UTC] PHP Notice:  Undefined property: stdClass::$is_enabled in /home/muhannad1/public_html/themes/altum/views/partials/cookie_consent.php on line 3
[02-Nov-2022 03:30:42 UTC] PHP Notice:  Undefined property: stdClass::$is_enabled in /home/muhannad1/public_html/themes/altum/views/partials/footer.php on line 69
[02-Nov-2022 03:30:42 UTC] PHP Notice:  Undefined property: stdClass::$is_enabled in /home/muhannad1/public_html/themes/altum/views/partials/cookie_consent.php on line 3
[02-Nov-2022 03:30:42 UTC] PHP Notice:  Undefined property: stdClass::$is_enabled in /home/muhannad1/public_html/themes/altum/views/partials/cookie_consent.php on line 3
[02-Nov-2022 03:30:52 UTC] PHP Notice:  Undefined property: stdClass::$is_enabled in /home/muhannad1/public_html/themes/altum/views/partials/footer.php on line 69
[02-Nov-2022 03:30:52 UTC] PHP Notice:  Undefined property: stdClass::$is_enabled in /home/muhannad1/public_html/themes/altum/views/partials/cookie_consent.php on line 3
[02-Nov-2022 03:30:55 UTC] PHP Notice:  Undefined property: stdClass::$is_enabled in /home/muhannad1/public_html/themes/altum/views/partials/footer.php on line 69
[02-Nov-2022 03:30:55 UTC] PHP Notice:  Undefined property: stdClass::$is_enabled in /home/muhannad1/public_html/themes/altum/views/partials/cookie_consent.php on line 3
[02-Nov-2022 03:30:57 UTC] PHP Notice:  Undefined property: stdClass::$is_enabled in /home/muhannad1/public_html/themes/altum/views/partials/cookie_consent.php on line 3
[02-Nov-2022 03:31:00 UTC] PHP Notice:  Undefined property: stdClass::$is_enabled in /home/muhannad1/public_html/themes/altum/views/partials/footer.php on line 69
[02-Nov-2022 03:31:00 UTC] PHP Notice:  Undefined property: stdClass::$is_enabled in /home/muhannad1/public_html/themes/altum/views/partials/cookie_consent.php on line 3
[02-Nov-2022 03:31:02 UTC] PHP Notice:  Undefined property: stdClass::$is_enabled in /home/muhannad1/public_html/themes/altum/views/partials/footer.php on line 69
[02-Nov-2022 03:31:02 UTC] PHP Notice:  Undefined property: stdClass::$is_enabled in /home/muhannad1/public_html/themes/altum/views/partials/cookie_consent.php on line 3
[02-Nov-2022 03:31:24 UTC] PHP Notice:  Undefined property: stdClass::$is_enabled in /home/muhannad1/public_html/themes/altum/views/partials/cookie_consent.php on line 3
[02-Nov-2022 03:31:36 UTC] PHP Notice:  Undefined property: stdClass::$is_enabled in /home/muhannad1/public_html/themes/altum/views/partials/footer.php on line 69
[02-Nov-2022 03:31:36 UTC] PHP Notice:  Undefined property: stdClass::$is_enabled in /home/muhannad1/public_html/themes/altum/views/partials/cookie_consent.php on line 3
[02-Nov-2022 03:31:42 UTC] PHP Notice:  Undefined property: stdClass::$is_enabled in /home/muhannad1/public_html/themes/altum/views/partials/footer.php on line 69
[02-Nov-2022 03:31:42 UTC] PHP Notice:  Undefined property: stdClass::$is_enabled in /home/muhannad1/public_html/themes/altum/views/partials/cookie_consent.php on line 3
[02-Nov-2022 03:31:46 UTC] PHP Notice:  Undefined property: stdClass::$is_enabled in /home/muhannad1/public_html/themes/altum/views/partials/footer.php on line 69
[02-Nov-2022 03:31:46 UTC] PHP Notice:  Undefined property: stdClass::$is_enabled in /home/muhannad1/public_html/themes/altum/views/partials/cookie_consent.php on line 3
[02-Nov-2022 03:31:48 UTC] PHP Notice:  Undefined property: stdClass::$is_enabled in /home/muhannad1/public_html/themes/altum/views/partials/footer.php on line 69
[02-Nov-2022 03:31:48 UTC] PHP Notice:  Undefined property: stdClass::$is_enabled in /home/muhannad1/public_html/themes/altum/views/partials/cookie_consent.php on line 3
[02-Nov-2022 04:12:09 UTC] PHP Notice:  Undefined property: stdClass::$is_enabled in /home/muhannad1/public_html/themes/altum/views/partials/footer.php on line 69
[02-Nov-2022 04:12:09 UTC] PHP Notice:  Undefined property: stdClass::$is_enabled in /home/muhannad1/public_html/themes/altum/views/partials/cookie_consent.php on line 3
[02-Nov-2022 04:12:38 UTC] PHP Notice:  Undefined property: stdClass::$is_enabled in /home/muhannad1/public_html/themes/altum/views/partials/footer.php on line 69
[02-Nov-2022 04:12:38 UTC] PHP Notice:  Undefined property: stdClass::$is_enabled in /home/muhannad1/public_html/themes/altum/views/partials/cookie_consent.php on line 3
[02-Nov-2022 04:53:37 UTC] PHP Notice:  Undefined property: stdClass::$is_enabled in /home/muhannad1/public_html/themes/altum/views/partials/footer.php on line 69
[02-Nov-2022 04:53:37 UTC] PHP Notice:  Undefined property: stdClass::$is_enabled in /home/muhannad1/public_html/themes/altum/views/partials/cookie_consent.php on line 3
[02-Nov-2022 04:53:38 UTC] PHP Notice:  Undefined property: stdClass::$is_enabled in /home/muhannad1/public_html/themes/altum/views/partials/footer.php on line 69
[02-Nov-2022 04:53:38 UTC] PHP Notice:  Undefined property: stdClass::$is_enabled in /home/muhannad1/public_html/themes/altum/views/partials/cookie_consent.php on line 3
[02-Nov-2022 04:53:39 UTC] PHP Notice:  Undefined property: stdClass::$is_enabled in /home/muhannad1/public_html/themes/altum/views/partials/cookie_consent.php on line 3
[02-Nov-2022 04:53:39 UTC] PHP Notice:  Undefined property: stdClass::$is_enabled in /home/muhannad1/public_html/themes/altum/views/partials/cookie_consent.php on line 3
[02-Nov-2022 04:53:39 UTC] PHP Notice:  Undefined property: stdClass::$is_enabled in /home/muhannad1/public_html/themes/altum/views/partials/footer.php on line 69
[02-Nov-2022 04:53:39 UTC] PHP Notice:  Undefined property: stdClass::$is_enabled in /home/muhannad1/public_html/themes/altum/views/partials/cookie_consent.php on line 3
[02-Nov-2022 04:53:39 UTC] PHP Notice:  Undefined property: stdClass::$is_enabled in /home/muhannad1/public_html/themes/altum/views/partials/footer.php on line 69
[02-Nov-2022 04:53:39 UTC] PHP Notice:  Undefined property: stdClass::$is_enabled in /home/muhannad1/public_html/themes/altum/views/partials/cookie_consent.php on line 3
[02-Nov-2022 04:53:41 UTC] PHP Notice:  Undefined property: stdClass::$is_enabled in /home/muhannad1/public_html/themes/altum/views/partials/cookie_consent.php on line 3
[02-Nov-2022 04:53:41 UTC] PHP Notice:  Undefined property: stdClass::$is_enabled in /home/muhannad1/public_html/themes/altum/views/partials/cookie_consent.php on line 3
[02-Nov-2022 04:53:42 UTC] PHP Notice:  Undefined property: stdClass::$is_enabled in /home/muhannad1/public_html/themes/altum/views/partials/footer.php on line 69
[02-Nov-2022 04:53:42 UTC] PHP Notice:  Undefined property: stdClass::$is_enabled in /home/muhannad1/public_html/themes/altum/views/partials/cookie_consent.php on line 3
[02-Nov-2022 04:53:42 UTC] PHP Notice:  Undefined property: stdClass::$is_enabled in /home/muhannad1/public_html/themes/altum/views/partials/footer.php on line 69
[02-Nov-2022 04:53:42 UTC] PHP Notice:  Undefined property: stdClass::$is_enabled in /home/muhannad1/public_html/themes/altum/views/partials/cookie_consent.php on line 3
[02-Nov-2022 04:53:46 UTC] PHP Notice:  Undefined property: stdClass::$is_enabled in /home/muhannad1/public_html/themes/altum/views/partials/cookie_consent.php on line 3
[02-Nov-2022 04:53:46 UTC] PHP Notice:  Undefined property: stdClass::$is_enabled in /home/muhannad1/public_html/themes/altum/views/partials/cookie_consent.php on line 3
[02-Nov-2022 04:53:46 UTC] PHP Notice:  Undefined property: stdClass::$is_enabled in /home/muhannad1/public_html/themes/altum/views/partials/footer.php on line 69
[02-Nov-2022 04:53:46 UTC] PHP Notice:  Undefined property: stdClass::$is_enabled in /home/muhannad1/public_html/themes/altum/views/partials/cookie_consent.php on line 3
[02-Nov-2022 04:53:47 UTC] PHP Notice:  Undefined property: stdClass::$is_enabled in /home/muhannad1/public_html/themes/altum/views/partials/footer.php on line 69
[02-Nov-2022 04:53:47 UTC] PHP Notice:  Undefined property: stdClass::$is_enabled in /home/muhannad1/public_html/themes/altum/views/partials/cookie_consent.php on line 3
[02-Nov-2022 04:53:49 UTC] PHP Notice:  Undefined property: stdClass::$is_enabled in /home/muhannad1/public_html/themes/altum/views/partials/footer.php on line 69
[02-Nov-2022 04:53:49 UTC] PHP Notice:  Undefined property: stdClass::$is_enabled in /home/muhannad1/public_html/themes/altum/views/partials/cookie_consent.php on line 3
[02-Nov-2022 04:53:49 UTC] PHP Notice:  Undefined property: stdClass::$is_enabled in /home/muhannad1/public_html/themes/altum/views/partials/footer.php on line 69
[02-Nov-2022 04:53:49 UTC] PHP Notice:  Undefined property: stdClass::$is_enabled in /home/muhannad1/public_html/themes/altum/views/partials/cookie_consent.php on line 3
[02-Nov-2022 04:53:50 UTC] PHP Notice:  Undefined property: stdClass::$is_enabled in /home/muhannad1/public_html/themes/altum/views/partials/footer.php on line 69
[02-Nov-2022 04:53:50 UTC] PHP Notice:  Undefined property: stdClass::$is_enabled in /home/muhannad1/public_html/themes/altum/views/partials/cookie_consent.php on line 3
[02-Nov-2022 04:53:51 UTC] PHP Notice:  Undefined property: stdClass::$is_enabled in /home/muhannad1/public_html/themes/altum/views/partials/footer.php on line 69
[02-Nov-2022 04:53:51 UTC] PHP Notice:  Undefined property: stdClass::$is_enabled in /home/muhannad1/public_html/themes/altum/views/partials/cookie_consent.php on line 3
[02-Nov-2022 05:22:21 UTC] PHP Notice:  Undefined property: stdClass::$is_enabled in /home/muhannad1/public_html/themes/altum/views/partials/footer.php on line 69
[02-Nov-2022 05:22:21 UTC] PHP Notice:  Undefined property: stdClass::$is_enabled in /home/muhannad1/public_html/themes/altum/views/partials/cookie_consent.php on line 3
[02-Nov-2022 05:22:21 UTC] PHP Notice:  Undefined property: stdClass::$is_enabled in /home/muhannad1/public_html/themes/altum/views/partials/footer.php on line 69
[02-Nov-2022 05:22:21 UTC] PHP Notice:  Undefined property: stdClass::$is_enabled in /home/muhannad1/public_html/themes/altum/views/partials/cookie_consent.php on line 3
[02-Nov-2022 05:22:24 UTC] PHP Notice:  Undefined property: stdClass::$is_enabled in /home/muhannad1/public_html/themes/altum/views/partials/footer.php on line 69
[02-Nov-2022 05:22:24 UTC] PHP Notice:  Undefined property: stdClass::$is_enabled in /home/muhannad1/public_html/themes/altum/views/partials/cookie_consent.php on line 3
[02-Nov-2022 05:27:00 UTC] PHP Notice:  Undefined property: stdClass::$is_enabled in /home/muhannad1/public_html/themes/altum/views/partials/footer.php on line 69
[02-Nov-2022 05:27:00 UTC] PHP Notice:  Undefined property: stdClass::$is_enabled in /home/muhannad1/public_html/themes/altum/views/partials/cookie_consent.php on line 3
[02-Nov-2022 05:27:00 UTC] PHP Notice:  Undefined property: stdClass::$is_enabled in /home/muhannad1/public_html/themes/altum/views/partials/footer.php on line 69
[02-Nov-2022 05:27:00 UTC] PHP Notice:  Undefined property: stdClass::$is_enabled in /home/muhannad1/public_html/themes/altum/views/partials/cookie_consent.php on line 3
[02-Nov-2022 05:44:43 UTC] PHP Notice:  Undefined property: stdClass::$is_enabled in /home/muhannad1/public_html/themes/altum/views/partials/footer.php on line 69
[02-Nov-2022 05:44:43 UTC] PHP Notice:  Undefined property: stdClass::$is_enabled in /home/muhannad1/public_html/themes/altum/views/partials/cookie_consent.php on line 3
[02-Nov-2022 05:44:44 UTC] PHP Notice:  Undefined property: stdClass::$is_enabled in /home/muhannad1/public_html/themes/altum/views/partials/footer.php on line 69
[02-Nov-2022 05:44:44 UTC] PHP Notice:  Undefined property: stdClass::$is_enabled in /home/muhannad1/public_html/themes/altum/views/partials/cookie_consent.php on line 3
[02-Nov-2022 05:48:34 UTC] PHP Notice:  Undefined property: stdClass::$is_enabled in /home/muhannad1/public_html/themes/altum/views/partials/footer.php on line 69
[02-Nov-2022 05:48:34 UTC] PHP Notice:  Undefined property: stdClass::$is_enabled in /home/muhannad1/public_html/themes/altum/views/partials/cookie_consent.php on line 3
[02-Nov-2022 05:48:39 UTC] PHP Notice:  Undefined property: stdClass::$is_enabled in /home/muhannad1/public_html/themes/altum/views/partials/footer.php on line 69
[02-Nov-2022 05:48:39 UTC] PHP Notice:  Undefined property: stdClass::$is_enabled in /home/muhannad1/public_html/themes/altum/views/partials/cookie_consent.php on line 3
[02-Nov-2022 05:53:24 UTC] PHP Notice:  Undefined property: stdClass::$is_enabled in /home/muhannad1/public_html/themes/altum/views/partials/footer.php on line 69
[02-Nov-2022 05:53:24 UTC] PHP Notice:  Undefined property: stdClass::$is_enabled in /home/muhannad1/public_html/themes/altum/views/partials/cookie_consent.php on line 3
[02-Nov-2022 06:02:31 UTC] PHP Notice:  Undefined property: stdClass::$is_enabled in /home/muhannad1/public_html/themes/altum/views/partials/footer.php on line 69
[02-Nov-2022 06:02:31 UTC] PHP Notice:  Undefined property: stdClass::$is_enabled in /home/muhannad1/public_html/themes/altum/views/partials/cookie_consent.php on line 3
[02-Nov-2022 06:02:35 UTC] PHP Notice:  Undefined property: stdClass::$is_enabled in /home/muhannad1/public_html/themes/altum/views/partials/footer.php on line 69
[02-Nov-2022 06:02:35 UTC] PHP Notice:  Undefined property: stdClass::$is_enabled in /home/muhannad1/public_html/themes/altum/views/partials/cookie_consent.php on line 3
[02-Nov-2022 06:17:52 UTC] PHP Notice:  Undefined property: stdClass::$is_enabled in /home/muhannad1/public_html/themes/altum/views/partials/footer.php on line 69
[02-Nov-2022 06:17:53 UTC] PHP Notice:  Undefined property: stdClass::$is_enabled in /home/muhannad1/public_html/themes/altum/views/partials/cookie_consent.php on line 3
[02-Nov-2022 06:25:41 UTC] PHP Notice:  Undefined property: stdClass::$is_enabled in /home/muhannad1/public_html/themes/altum/views/partials/cookie_consent.php on line 3
[02-Nov-2022 06:25:46 UTC] PHP Notice:  Undefined property: stdClass::$is_enabled in /home/muhannad1/public_html/themes/altum/views/partials/footer.php on line 69
[02-Nov-2022 06:25:46 UTC] PHP Notice:  Undefined property: stdClass::$is_enabled in /home/muhannad1/public_html/themes/altum/views/partials/cookie_consent.php on line 3
[02-Nov-2022 06:27:00 UTC] PHP Notice:  Undefined property: stdClass::$is_enabled in /home/muhannad1/public_html/themes/altum/views/partials/footer.php on line 69
[02-Nov-2022 06:27:00 UTC] PHP Notice:  Undefined property: stdClass::$is_enabled in /home/muhannad1/public_html/themes/altum/views/partials/cookie_consent.php on line 3
[02-Nov-2022 06:27:15 UTC] PHP Notice:  Undefined property: stdClass::$is_enabled in /home/muhannad1/public_html/themes/altum/views/partials/footer.php on line 69
[02-Nov-2022 06:27:15 UTC] PHP Notice:  Undefined property: stdClass::$is_enabled in /home/muhannad1/public_html/themes/altum/views/partials/cookie_consent.php on line 3
[02-Nov-2022 06:27:25 UTC] PHP Notice:  Undefined property: stdClass::$is_enabled in /home/muhannad1/public_html/themes/altum/views/partials/footer.php on line 69
[02-Nov-2022 06:27:25 UTC] PHP Notice:  Undefined property: stdClass::$is_enabled in /home/muhannad1/public_html/themes/altum/views/partials/cookie_consent.php on line 3
[02-Nov-2022 06:27:36 UTC] PHP Notice:  Undefined property: stdClass::$is_enabled in /home/muhannad1/public_html/themes/altum/views/partials/footer.php on line 69
[02-Nov-2022 06:27:36 UTC] PHP Notice:  Undefined property: stdClass::$is_enabled in /home/muhannad1/public_html/themes/altum/views/partials/cookie_consent.php on line 3
[02-Nov-2022 06:27:47 UTC] PHP Notice:  Undefined property: stdClass::$is_enabled in /home/muhannad1/public_html/themes/altum/views/partials/footer.php on line 69
[02-Nov-2022 06:27:47 UTC] PHP Notice:  Undefined property: stdClass::$is_enabled in /home/muhannad1/public_html/themes/altum/views/partials/cookie_consent.php on line 3
[02-Nov-2022 06:27:58 UTC] PHP Notice:  Undefined property: stdClass::$is_enabled in /home/muhannad1/public_html/themes/altum/views/partials/footer.php on line 69
[02-Nov-2022 06:27:58 UTC] PHP Notice:  Undefined property: stdClass::$is_enabled in /home/muhannad1/public_html/themes/altum/views/partials/cookie_consent.php on line 3
[02-Nov-2022 06:28:09 UTC] PHP Notice:  Undefined property: stdClass::$is_enabled in /home/muhannad1/public_html/themes/altum/views/partials/footer.php on line 69
[02-Nov-2022 06:28:09 UTC] PHP Notice:  Undefined property: stdClass::$is_enabled in /home/muhannad1/public_html/themes/altum/views/partials/cookie_consent.php on line 3
[02-Nov-2022 06:28:20 UTC] PHP Notice:  Undefined property: stdClass::$is_enabled in /home/muhannad1/public_html/themes/altum/views/partials/footer.php on line 69
[02-Nov-2022 06:28:20 UTC] PHP Notice:  Undefined property: stdClass::$is_enabled in /home/muhannad1/public_html/themes/altum/views/partials/cookie_consent.php on line 3
[02-Nov-2022 06:28:31 UTC] PHP Notice:  Undefined property: stdClass::$is_enabled in /home/muhannad1/public_html/themes/altum/views/partials/footer.php on line 69
[02-Nov-2022 06:28:31 UTC] PHP Notice:  Undefined property: stdClass::$is_enabled in /home/muhannad1/public_html/themes/altum/views/partials/cookie_consent.php on line 3
[02-Nov-2022 06:28:42 UTC] PHP Notice:  Undefined property: stdClass::$is_enabled in /home/muhannad1/public_html/themes/altum/views/partials/footer.php on line 69
[02-Nov-2022 06:28:42 UTC] PHP Notice:  Undefined property: stdClass::$is_enabled in /home/muhannad1/public_html/themes/altum/views/partials/cookie_consent.php on line 3
[02-Nov-2022 06:28:53 UTC] PHP Notice:  Undefined property: stdClass::$is_enabled in /home/muhannad1/public_html/themes/altum/views/partials/footer.php on line 69
[02-Nov-2022 06:28:53 UTC] PHP Notice:  Undefined property: stdClass::$is_enabled in /home/muhannad1/public_html/themes/altum/views/partials/cookie_consent.php on line 3
[02-Nov-2022 06:29:04 UTC] PHP Notice:  Undefined property: stdClass::$is_enabled in /home/muhannad1/public_html/themes/altum/views/partials/footer.php on line 69
[02-Nov-2022 06:29:04 UTC] PHP Notice:  Undefined property: stdClass::$is_enabled in /home/muhannad1/public_html/themes/altum/views/partials/cookie_consent.php on line 3
[02-Nov-2022 06:29:15 UTC] PHP Notice:  Undefined property: stdClass::$is_enabled in /home/muhannad1/public_html/themes/altum/views/partials/footer.php on line 69
[02-Nov-2022 06:29:15 UTC] PHP Notice:  Undefined property: stdClass::$is_enabled in /home/muhannad1/public_html/themes/altum/views/partials/cookie_consent.php on line 3
[02-Nov-2022 06:29:25 UTC] PHP Notice:  Undefined property: stdClass::$is_enabled in /home/muhannad1/public_html/themes/altum/views/partials/footer.php on line 69
[02-Nov-2022 06:29:25 UTC] PHP Notice:  Undefined property: stdClass::$is_enabled in /home/muhannad1/public_html/themes/altum/views/partials/cookie_consent.php on line 3
[02-Nov-2022 06:29:36 UTC] PHP Notice:  Undefined property: stdClass::$is_enabled in /home/muhannad1/public_html/themes/altum/views/partials/footer.php on line 69
[02-Nov-2022 06:29:36 UTC] PHP Notice:  Undefined property: stdClass::$is_enabled in /home/muhannad1/public_html/themes/altum/views/partials/cookie_consent.php on line 3
[02-Nov-2022 06:29:47 UTC] PHP Notice:  Undefined property: stdClass::$is_enabled in /home/muhannad1/public_html/themes/altum/views/partials/footer.php on line 69
[02-Nov-2022 06:29:47 UTC] PHP Notice:  Undefined property: stdClass::$is_enabled in /home/muhannad1/public_html/themes/altum/views/partials/cookie_consent.php on line 3
[02-Nov-2022 06:29:58 UTC] PHP Notice:  Undefined property: stdClass::$is_enabled in /home/muhannad1/public_html/themes/altum/views/partials/footer.php on line 69
[02-Nov-2022 06:29:58 UTC] PHP Notice:  Undefined property: stdClass::$is_enabled in /home/muhannad1/public_html/themes/altum/views/partials/cookie_consent.php on line 3
[02-Nov-2022 06:30:09 UTC] PHP Notice:  Undefined property: stdClass::$is_enabled in /home/muhannad1/public_html/themes/altum/views/partials/footer.php on line 69
[02-Nov-2022 06:30:09 UTC] PHP Notice:  Undefined property: stdClass::$is_enabled in /home/muhannad1/public_html/themes/altum/views/partials/cookie_consent.php on line 3
[02-Nov-2022 06:30:20 UTC] PHP Notice:  Undefined property: stdClass::$is_enabled in /home/muhannad1/public_html/themes/altum/views/partials/footer.php on line 69
[02-Nov-2022 06:30:20 UTC] PHP Notice:  Undefined property: stdClass::$is_enabled in /home/muhannad1/public_html/themes/altum/views/partials/cookie_consent.php on line 3
[02-Nov-2022 06:30:31 UTC] PHP Notice:  Undefined property: stdClass::$is_enabled in /home/muhannad1/public_html/themes/altum/views/partials/footer.php on line 69
[02-Nov-2022 06:30:31 UTC] PHP Notice:  Undefined property: stdClass::$is_enabled in /home/muhannad1/public_html/themes/altum/views/partials/cookie_consent.php on line 3
[02-Nov-2022 06:30:42 UTC] PHP Notice:  Undefined property: stdClass::$is_enabled in /home/muhannad1/public_html/themes/altum/views/partials/footer.php on line 69
[02-Nov-2022 06:30:42 UTC] PHP Notice:  Undefined property: stdClass::$is_enabled in /home/muhannad1/public_html/themes/altum/views/partials/cookie_consent.php on line 3
[02-Nov-2022 06:30:53 UTC] PHP Notice:  Undefined property: stdClass::$is_enabled in /home/muhannad1/public_html/themes/altum/views/partials/footer.php on line 69
[02-Nov-2022 06:30:53 UTC] PHP Notice:  Undefined property: stdClass::$is_enabled in /home/muhannad1/public_html/themes/altum/views/partials/cookie_consent.php on line 3
[02-Nov-2022 06:31:04 UTC] PHP Notice:  Undefined property: stdClass::$is_enabled in /home/muhannad1/public_html/themes/altum/views/partials/footer.php on line 69
[02-Nov-2022 06:31:04 UTC] PHP Notice:  Undefined property: stdClass::$is_enabled in /home/muhannad1/public_html/themes/altum/views/partials/cookie_consent.php on line 3
[02-Nov-2022 06:31:15 UTC] PHP Notice:  Undefined property: stdClass::$is_enabled in /home/muhannad1/public_html/themes/altum/views/partials/footer.php on line 69
[02-Nov-2022 06:31:15 UTC] PHP Notice:  Undefined property: stdClass::$is_enabled in /home/muhannad1/public_html/themes/altum/views/partials/cookie_consent.php on line 3
[02-Nov-2022 06:31:26 UTC] PHP Notice:  Undefined property: stdClass::$is_enabled in /home/muhannad1/public_html/themes/altum/views/partials/footer.php on line 69
[02-Nov-2022 06:31:26 UTC] PHP Notice:  Undefined property: stdClass::$is_enabled in /home/muhannad1/public_html/themes/altum/views/partials/cookie_consent.php on line 3
[02-Nov-2022 06:31:36 UTC] PHP Notice:  Undefined property: stdClass::$is_enabled in /home/muhannad1/public_html/themes/altum/views/partials/footer.php on line 69
[02-Nov-2022 06:31:36 UTC] PHP Notice:  Undefined property: stdClass::$is_enabled in /home/muhannad1/public_html/themes/altum/views/partials/cookie_consent.php on line 3
[02-Nov-2022 06:31:47 UTC] PHP Notice:  Undefined property: stdClass::$is_enabled in /home/muhannad1/public_html/themes/altum/views/partials/footer.php on line 69
[02-Nov-2022 06:31:47 UTC] PHP Notice:  Undefined property: stdClass::$is_enabled in /home/muhannad1/public_html/themes/altum/views/partials/cookie_consent.php on line 3
[02-Nov-2022 06:31:58 UTC] PHP Notice:  Undefined property: stdClass::$is_enabled in /home/muhannad1/public_html/themes/altum/views/partials/footer.php on line 69
[02-Nov-2022 06:31:58 UTC] PHP Notice:  Undefined property: stdClass::$is_enabled in /home/muhannad1/public_html/themes/altum/views/partials/cookie_consent.php on line 3
[02-Nov-2022 06:32:09 UTC] PHP Notice:  Undefined property: stdClass::$is_enabled in /home/muhannad1/public_html/themes/altum/views/partials/footer.php on line 69
[02-Nov-2022 06:32:09 UTC] PHP Notice:  Undefined property: stdClass::$is_enabled in /home/muhannad1/public_html/themes/altum/views/partials/cookie_consent.php on line 3
[02-Nov-2022 06:32:20 UTC] PHP Notice:  Undefined property: stdClass::$is_enabled in /home/muhannad1/public_html/themes/altum/views/partials/footer.php on line 69
[02-Nov-2022 06:32:20 UTC] PHP Notice:  Undefined property: stdClass::$is_enabled in /home/muhannad1/public_html/themes/altum/views/partials/cookie_consent.php on line 3
[02-Nov-2022 06:32:31 UTC] PHP Notice:  Undefined property: stdClass::$is_enabled in /home/muhannad1/public_html/themes/altum/views/partials/footer.php on line 69
[02-Nov-2022 06:32:31 UTC] PHP Notice:  Undefined property: stdClass::$is_enabled in /home/muhannad1/public_html/themes/altum/views/partials/cookie_consent.php on line 3
[02-Nov-2022 06:32:42 UTC] PHP Notice:  Undefined property: stdClass::$is_enabled in /home/muhannad1/public_html/themes/altum/views/partials/footer.php on line 69
[02-Nov-2022 06:32:42 UTC] PHP Notice:  Undefined property: stdClass::$is_enabled in /home/muhannad1/public_html/themes/altum/views/partials/cookie_consent.php on line 3
[02-Nov-2022 06:32:52 UTC] PHP Notice:  Undefined property: stdClass::$is_enabled in /home/muhannad1/public_html/themes/altum/views/partials/footer.php on line 69
[02-Nov-2022 06:32:52 UTC] PHP Notice:  Undefined property: stdClass::$is_enabled in /home/muhannad1/public_html/themes/altum/views/partials/cookie_consent.php on line 3
[02-Nov-2022 06:33:03 UTC] PHP Notice:  Undefined property: stdClass::$is_enabled in /home/muhannad1/public_html/themes/altum/views/partials/footer.php on line 69
[02-Nov-2022 06:33:03 UTC] PHP Notice:  Undefined property: stdClass::$is_enabled in /home/muhannad1/public_html/themes/altum/views/partials/cookie_consent.php on line 3
[02-Nov-2022 06:33:14 UTC] PHP Notice:  Undefined property: stdClass::$is_enabled in /home/muhannad1/public_html/themes/altum/views/partials/footer.php on line 69
[02-Nov-2022 06:33:14 UTC] PHP Notice:  Undefined property: stdClass::$is_enabled in /home/muhannad1/public_html/themes/altum/views/partials/cookie_consent.php on line 3
[02-Nov-2022 06:33:25 UTC] PHP Notice:  Undefined property: stdClass::$is_enabled in /home/muhannad1/public_html/themes/altum/views/partials/footer.php on line 69
[02-Nov-2022 06:33:25 UTC] PHP Notice:  Undefined property: stdClass::$is_enabled in /home/muhannad1/public_html/themes/altum/views/partials/cookie_consent.php on line 3
[02-Nov-2022 06:33:35 UTC] PHP Notice:  Undefined property: stdClass::$is_enabled in /home/muhannad1/public_html/themes/altum/views/partials/footer.php on line 69
[02-Nov-2022 06:33:35 UTC] PHP Notice:  Undefined property: stdClass::$is_enabled in /home/muhannad1/public_html/themes/altum/views/partials/cookie_consent.php on line 3
[02-Nov-2022 06:33:46 UTC] PHP Notice:  Undefined property: stdClass::$is_enabled in /home/muhannad1/public_html/themes/altum/views/partials/footer.php on line 69
[02-Nov-2022 06:33:46 UTC] PHP Notice:  Undefined property: stdClass::$is_enabled in /home/muhannad1/public_html/themes/altum/views/partials/cookie_consent.php on line 3
[02-Nov-2022 06:33:57 UTC] PHP Notice:  Undefined property: stdClass::$is_enabled in /home/muhannad1/public_html/themes/altum/views/partials/footer.php on line 69
[02-Nov-2022 06:33:57 UTC] PHP Notice:  Undefined property: stdClass::$is_enabled in /home/muhannad1/public_html/themes/altum/views/partials/cookie_consent.php on line 3
[02-Nov-2022 06:34:08 UTC] PHP Notice:  Undefined property: stdClass::$is_enabled in /home/muhannad1/public_html/themes/altum/views/partials/footer.php on line 69
[02-Nov-2022 06:34:08 UTC] PHP Notice:  Undefined property: stdClass::$is_enabled in /home/muhannad1/public_html/themes/altum/views/partials/cookie_consent.php on line 3
[02-Nov-2022 06:34:19 UTC] PHP Notice:  Undefined property: stdClass::$is_enabled in /home/muhannad1/public_html/themes/altum/views/partials/footer.php on line 69
[02-Nov-2022 06:34:19 UTC] PHP Notice:  Undefined property: stdClass::$is_enabled in /home/muhannad1/public_html/themes/altum/views/partials/cookie_consent.php on line 3
[02-Nov-2022 06:34:30 UTC] PHP Notice:  Undefined property: stdClass::$is_enabled in /home/muhannad1/public_html/themes/altum/views/partials/footer.php on line 69
[02-Nov-2022 06:34:30 UTC] PHP Notice:  Undefined property: stdClass::$is_enabled in /home/muhannad1/public_html/themes/altum/views/partials/cookie_consent.php on line 3
[02-Nov-2022 06:34:41 UTC] PHP Notice:  Undefined property: stdClass::$is_enabled in /home/muhannad1/public_html/themes/altum/views/partials/footer.php on line 69
[02-Nov-2022 06:34:41 UTC] PHP Notice:  Undefined property: stdClass::$is_enabled in /home/muhannad1/public_html/themes/altum/views/partials/cookie_consent.php on line 3
[02-Nov-2022 06:34:51 UTC] PHP Notice:  Undefined property: stdClass::$is_enabled in /home/muhannad1/public_html/themes/altum/views/partials/footer.php on line 69
[02-Nov-2022 06:34:51 UTC] PHP Notice:  Undefined property: stdClass::$is_enabled in /home/muhannad1/public_html/themes/altum/views/partials/cookie_consent.php on line 3
[02-Nov-2022 06:35:03 UTC] PHP Notice:  Undefined property: stdClass::$is_enabled in /home/muhannad1/public_html/themes/altum/views/partials/footer.php on line 69
[02-Nov-2022 06:35:03 UTC] PHP Notice:  Undefined property: stdClass::$is_enabled in /home/muhannad1/public_html/themes/altum/views/partials/cookie_consent.php on line 3
[02-Nov-2022 06:35:13 UTC] PHP Notice:  Undefined property: stdClass::$is_enabled in /home/muhannad1/public_html/themes/altum/views/partials/footer.php on line 69
[02-Nov-2022 06:35:13 UTC] PHP Notice:  Undefined property: stdClass::$is_enabled in /home/muhannad1/public_html/themes/altum/views/partials/cookie_consent.php on line 3
[02-Nov-2022 06:35:24 UTC] PHP Notice:  Undefined property: stdClass::$is_enabled in /home/muhannad1/public_html/themes/altum/views/partials/footer.php on line 69
[02-Nov-2022 06:35:24 UTC] PHP Notice:  Undefined property: stdClass::$is_enabled in /home/muhannad1/public_html/themes/altum/views/partials/cookie_consent.php on line 3
[02-Nov-2022 06:35:35 UTC] PHP Notice:  Undefined property: stdClass::$is_enabled in /home/muhannad1/public_html/themes/altum/views/partials/footer.php on line 69
[02-Nov-2022 06:35:35 UTC] PHP Notice:  Undefined property: stdClass::$is_enabled in /home/muhannad1/public_html/themes/altum/views/partials/cookie_consent.php on line 3
[02-Nov-2022 06:35:46 UTC] PHP Notice:  Undefined property: stdClass::$is_enabled in /home/muhannad1/public_html/themes/altum/views/partials/footer.php on line 69
[02-Nov-2022 06:35:46 UTC] PHP Notice:  Undefined property: stdClass::$is_enabled in /home/muhannad1/public_html/themes/altum/views/partials/cookie_consent.php on line 3
[02-Nov-2022 06:35:57 UTC] PHP Notice:  Undefined property: stdClass::$is_enabled in /home/muhannad1/public_html/themes/altum/views/partials/footer.php on line 69
[02-Nov-2022 06:35:57 UTC] PHP Notice:  Undefined property: stdClass::$is_enabled in /home/muhannad1/public_html/themes/altum/views/partials/cookie_consent.php on line 3
[02-Nov-2022 06:36:08 UTC] PHP Notice:  Undefined property: stdClass::$is_enabled in /home/muhannad1/public_html/themes/altum/views/partials/footer.php on line 69
[02-Nov-2022 06:36:08 UTC] PHP Notice:  Undefined property: stdClass::$is_enabled in /home/muhannad1/public_html/themes/altum/views/partials/cookie_consent.php on line 3
[02-Nov-2022 06:36:19 UTC] PHP Notice:  Undefined property: stdClass::$is_enabled in /home/muhannad1/public_html/themes/altum/views/partials/footer.php on line 69
[02-Nov-2022 06:36:19 UTC] PHP Notice:  Undefined property: stdClass::$is_enabled in /home/muhannad1/public_html/themes/altum/views/partials/cookie_consent.php on line 3
[02-Nov-2022 06:36:30 UTC] PHP Notice:  Undefined property: stdClass::$is_enabled in /home/muhannad1/public_html/themes/altum/views/partials/footer.php on line 69
[02-Nov-2022 06:36:30 UTC] PHP Notice:  Undefined property: stdClass::$is_enabled in /home/muhannad1/public_html/themes/altum/views/partials/cookie_consent.php on line 3
[02-Nov-2022 06:36:41 UTC] PHP Notice:  Undefined property: stdClass::$is_enabled in /home/muhannad1/public_html/themes/altum/views/partials/footer.php on line 69
[02-Nov-2022 06:36:41 UTC] PHP Notice:  Undefined property: stdClass::$is_enabled in /home/muhannad1/public_html/themes/altum/views/partials/cookie_consent.php on line 3
[02-Nov-2022 06:36:52 UTC] PHP Notice:  Undefined property: stdClass::$is_enabled in /home/muhannad1/public_html/themes/altum/views/partials/footer.php on line 69
[02-Nov-2022 06:36:52 UTC] PHP Notice:  Undefined property: stdClass::$is_enabled in /home/muhannad1/public_html/themes/altum/views/partials/cookie_consent.php on line 3
[02-Nov-2022 06:37:03 UTC] PHP Notice:  Undefined property: stdClass::$is_enabled in /home/muhannad1/public_html/themes/altum/views/partials/footer.php on line 69
[02-Nov-2022 06:37:03 UTC] PHP Notice:  Undefined property: stdClass::$is_enabled in /home/muhannad1/public_html/themes/altum/views/partials/cookie_consent.php on line 3
[02-Nov-2022 06:37:14 UTC] PHP Notice:  Undefined property: stdClass::$is_enabled in /home/muhannad1/public_html/themes/altum/views/partials/footer.php on line 69
[02-Nov-2022 06:37:14 UTC] PHP Notice:  Undefined property: stdClass::$is_enabled in /home/muhannad1/public_html/themes/altum/views/partials/cookie_consent.php on line 3
[02-Nov-2022 06:37:25 UTC] PHP Notice:  Undefined property: stdClass::$is_enabled in /home/muhannad1/public_html/themes/altum/views/partials/footer.php on line 69
[02-Nov-2022 06:37:25 UTC] PHP Notice:  Undefined property: stdClass::$is_enabled in /home/muhannad1/public_html/themes/altum/views/partials/cookie_consent.php on line 3
[02-Nov-2022 06:37:35 UTC] PHP Notice:  Undefined property: stdClass::$is_enabled in /home/muhannad1/public_html/themes/altum/views/partials/footer.php on line 69
[02-Nov-2022 06:37:35 UTC] PHP Notice:  Undefined property: stdClass::$is_enabled in /home/muhannad1/public_html/themes/altum/views/partials/cookie_consent.php on line 3
[02-Nov-2022 06:37:46 UTC] PHP Notice:  Undefined property: stdClass::$is_enabled in /home/muhannad1/public_html/themes/altum/views/partials/footer.php on line 69
[02-Nov-2022 06:37:46 UTC] PHP Notice:  Undefined property: stdClass::$is_enabled in /home/muhannad1/public_html/themes/altum/views/partials/cookie_consent.php on line 3
[02-Nov-2022 06:37:57 UTC] PHP Notice:  Undefined property: stdClass::$is_enabled in /home/muhannad1/public_html/themes/altum/views/partials/footer.php on line 69
[02-Nov-2022 06:37:57 UTC] PHP Notice:  Undefined property: stdClass::$is_enabled in /home/muhannad1/public_html/themes/altum/views/partials/cookie_consent.php on line 3
[02-Nov-2022 06:38:08 UTC] PHP Notice:  Undefined property: stdClass::$is_enabled in /home/muhannad1/public_html/themes/altum/views/partials/footer.php on line 69
[02-Nov-2022 06:38:08 UTC] PHP Notice:  Undefined property: stdClass::$is_enabled in /home/muhannad1/public_html/themes/altum/views/partials/cookie_consent.php on line 3
[02-Nov-2022 06:38:19 UTC] PHP Notice:  Undefined property: stdClass::$is_enabled in /home/muhannad1/public_html/themes/altum/views/partials/footer.php on line 69
[02-Nov-2022 06:38:19 UTC] PHP Notice:  Undefined property: stdClass::$is_enabled in /home/muhannad1/public_html/themes/altum/views/partials/cookie_consent.php on line 3
[02-Nov-2022 06:38:30 UTC] PHP Notice:  Undefined property: stdClass::$is_enabled in /home/muhannad1/public_html/themes/altum/views/partials/footer.php on line 69
[02-Nov-2022 06:38:30 UTC] PHP Notice:  Undefined property: stdClass::$is_enabled in /home/muhannad1/public_html/themes/altum/views/partials/cookie_consent.php on line 3
[02-Nov-2022 06:38:35 UTC] PHP Notice:  Undefined property: stdClass::$is_enabled in /home/muhannad1/public_html/themes/altum/views/partials/footer.php on line 69
[02-Nov-2022 06:38:35 UTC] PHP Notice:  Undefined property: stdClass::$is_enabled in /home/muhannad1/public_html/themes/altum/views/partials/cookie_consent.php on line 3
[02-Nov-2022 06:38:40 UTC] PHP Notice:  Undefined property: stdClass::$is_enabled in /home/muhannad1/public_html/themes/altum/views/partials/footer.php on line 69
[02-Nov-2022 06:38:40 UTC] PHP Notice:  Undefined property: stdClass::$is_enabled in /home/muhannad1/public_html/themes/altum/views/partials/cookie_consent.php on line 3
[02-Nov-2022 06:38:51 UTC] PHP Notice:  Undefined property: stdClass::$is_enabled in /home/muhannad1/public_html/themes/altum/views/partials/footer.php on line 69
[02-Nov-2022 06:38:51 UTC] PHP Notice:  Undefined property: stdClass::$is_enabled in /home/muhannad1/public_html/themes/altum/views/partials/cookie_consent.php on line 3
[02-Nov-2022 06:38:52 UTC] PHP Notice:  Undefined property: stdClass::$resource_name in /home/muhannad1/public_html/themes/altum/views/admin/languages/admin_language_dropdown_button.php on line 11
[02-Nov-2022 06:39:02 UTC] PHP Notice:  Undefined property: stdClass::$is_enabled in /home/muhannad1/public_html/themes/altum/views/partials/footer.php on line 69
[02-Nov-2022 06:39:02 UTC] PHP Notice:  Undefined property: stdClass::$is_enabled in /home/muhannad1/public_html/themes/altum/views/partials/cookie_consent.php on line 3
[02-Nov-2022 06:39:13 UTC] PHP Notice:  Undefined property: stdClass::$is_enabled in /home/muhannad1/public_html/themes/altum/views/partials/footer.php on line 69
[02-Nov-2022 06:39:13 UTC] PHP Notice:  Undefined property: stdClass::$is_enabled in /home/muhannad1/public_html/themes/altum/views/partials/cookie_consent.php on line 3
[02-Nov-2022 06:39:24 UTC] PHP Notice:  Undefined property: stdClass::$is_enabled in /home/muhannad1/public_html/themes/altum/views/partials/footer.php on line 69
[02-Nov-2022 06:39:24 UTC] PHP Notice:  Undefined property: stdClass::$is_enabled in /home/muhannad1/public_html/themes/altum/views/partials/cookie_consent.php on line 3
[02-Nov-2022 06:39:33 UTC] PHP Notice:  Undefined property: stdClass::$is_enabled in /home/muhannad1/public_html/themes/altum/views/partials/footer.php on line 69
[02-Nov-2022 06:39:33 UTC] PHP Notice:  Undefined property: stdClass::$is_enabled in /home/muhannad1/public_html/themes/altum/views/partials/cookie_consent.php on line 3
[02-Nov-2022 06:39:36 UTC] PHP Notice:  Undefined property: stdClass::$is_enabled in /home/muhannad1/public_html/themes/altum/views/partials/footer.php on line 69
[02-Nov-2022 06:39:36 UTC] PHP Notice:  Undefined property: stdClass::$is_enabled in /home/muhannad1/public_html/themes/altum/views/partials/cookie_consent.php on line 3
[02-Nov-2022 06:53:01 UTC] PHP Notice:  Undefined property: stdClass::$is_enabled in /home/muhannad1/public_html/themes/altum/views/partials/footer.php on line 69
[02-Nov-2022 06:53:01 UTC] PHP Notice:  Undefined property: stdClass::$is_enabled in /home/muhannad1/public_html/themes/altum/views/partials/cookie_consent.php on line 3
[02-Nov-2022 08:04:51 UTC] PHP Notice:  Undefined property: stdClass::$is_enabled in /home/muhannad1/public_html/themes/altum/views/partials/footer.php on line 69
[02-Nov-2022 08:04:51 UTC] PHP Notice:  Undefined property: stdClass::$is_enabled in /home/muhannad1/public_html/themes/altum/views/partials/cookie_consent.php on line 3
[02-Nov-2022 08:44:33 UTC] PHP Notice:  Undefined property: stdClass::$is_enabled in /home/muhannad1/public_html/themes/altum/views/partials/footer.php on line 69
[02-Nov-2022 08:44:33 UTC] PHP Notice:  Undefined property: stdClass::$is_enabled in /home/muhannad1/public_html/themes/altum/views/partials/cookie_consent.php on line 3
[02-Nov-2022 09:19:50 UTC] PHP Notice:  Undefined property: stdClass::$is_enabled in /home/muhannad1/public_html/themes/altum/views/partials/footer.php on line 69
[02-Nov-2022 09:19:50 UTC] PHP Notice:  Undefined property: stdClass::$is_enabled in /home/muhannad1/public_html/themes/altum/views/partials/footer.php on line 69
[02-Nov-2022 09:19:50 UTC] PHP Notice:  Undefined property: stdClass::$is_enabled in /home/muhannad1/public_html/themes/altum/views/partials/cookie_consent.php on line 3
[02-Nov-2022 09:19:50 UTC] PHP Notice:  Undefined property: stdClass::$is_enabled in /home/muhannad1/public_html/themes/altum/views/partials/cookie_consent.php on line 3
[02-Nov-2022 10:01:04 UTC] PHP Notice:  Undefined property: stdClass::$is_enabled in /home/muhannad1/public_html/themes/altum/views/partials/footer.php on line 69
[02-Nov-2022 10:01:04 UTC] PHP Notice:  Undefined property: stdClass::$is_enabled in /home/muhannad1/public_html/themes/altum/views/partials/cookie_consent.php on line 3
[02-Nov-2022 11:16:09 UTC] PHP Notice:  Undefined property: stdClass::$is_enabled in /home/muhannad1/public_html/themes/altum/views/partials/footer.php on line 69
[02-Nov-2022 11:16:09 UTC] PHP Notice:  Undefined property: stdClass::$is_enabled in /home/muhannad1/public_html/themes/altum/views/partials/cookie_consent.php on line 3
[02-Nov-2022 11:30:34 UTC] PHP Notice:  Undefined property: stdClass::$is_enabled in /home/muhannad1/public_html/themes/altum/views/partials/footer.php on line 69
[02-Nov-2022 11:30:34 UTC] PHP Notice:  Undefined property: stdClass::$is_enabled in /home/muhannad1/public_html/themes/altum/views/partials/cookie_consent.php on line 3
[02-Nov-2022 11:45:57 UTC] PHP Notice:  Undefined property: stdClass::$is_enabled in /home/muhannad1/public_html/themes/altum/views/partials/footer.php on line 69
[02-Nov-2022 11:45:57 UTC] PHP Notice:  Undefined property: stdClass::$is_enabled in /home/muhannad1/public_html/themes/altum/views/partials/cookie_consent.php on line 3
[02-Nov-2022 11:46:21 UTC] PHP Notice:  Undefined property: stdClass::$is_enabled in /home/muhannad1/public_html/themes/altum/views/partials/footer.php on line 69
[02-Nov-2022 11:46:21 UTC] PHP Notice:  Undefined property: stdClass::$is_enabled in /home/muhannad1/public_html/themes/altum/views/partials/cookie_consent.php on line 3
[02-Nov-2022 11:46:22 UTC] PHP Notice:  Undefined property: stdClass::$is_enabled in /home/muhannad1/public_html/themes/altum/views/partials/footer.php on line 69
[02-Nov-2022 11:46:22 UTC] PHP Notice:  Undefined property: stdClass::$is_enabled in /home/muhannad1/public_html/themes/altum/views/partials/cookie_consent.php on line 3
[02-Nov-2022 11:46:36 UTC] PHP Notice:  Undefined property: stdClass::$is_enabled in /home/muhannad1/public_html/themes/altum/views/partials/footer.php on line 69
[02-Nov-2022 11:46:36 UTC] PHP Notice:  Undefined property: stdClass::$is_enabled in /home/muhannad1/public_html/themes/altum/views/partials/cookie_consent.php on line 3
[02-Nov-2022 11:46:37 UTC] PHP Notice:  Undefined property: stdClass::$is_enabled in /home/muhannad1/public_html/themes/altum/views/partials/footer.php on line 69
[02-Nov-2022 11:46:37 UTC] PHP Notice:  Undefined property: stdClass::$is_enabled in /home/muhannad1/public_html/themes/altum/views/partials/cookie_consent.php on line 3
[02-Nov-2022 11:46:38 UTC] PHP Notice:  Undefined property: stdClass::$is_enabled in /home/muhannad1/public_html/themes/altum/views/partials/footer.php on line 69
[02-Nov-2022 11:46:38 UTC] PHP Notice:  Undefined property: stdClass::$is_enabled in /home/muhannad1/public_html/themes/altum/views/partials/cookie_consent.php on line 3
[02-Nov-2022 11:46:39 UTC] PHP Notice:  Undefined property: stdClass::$is_enabled in /home/muhannad1/public_html/themes/altum/views/partials/footer.php on line 69
[02-Nov-2022 11:46:39 UTC] PHP Notice:  Undefined property: stdClass::$is_enabled in /home/muhannad1/public_html/themes/altum/views/partials/cookie_consent.php on line 3
[02-Nov-2022 11:46:39 UTC] PHP Notice:  Undefined property: stdClass::$is_enabled in /home/muhannad1/public_html/themes/altum/views/partials/footer.php on line 69
[02-Nov-2022 11:46:39 UTC] PHP Notice:  Undefined property: stdClass::$is_enabled in /home/muhannad1/public_html/themes/altum/views/partials/cookie_consent.php on line 3
[02-Nov-2022 11:46:40 UTC] PHP Notice:  Undefined property: stdClass::$is_enabled in /home/muhannad1/public_html/themes/altum/views/partials/footer.php on line 69
[02-Nov-2022 11:46:40 UTC] PHP Notice:  Undefined property: stdClass::$is_enabled in /home/muhannad1/public_html/themes/altum/views/partials/cookie_consent.php on line 3
[02-Nov-2022 11:46:41 UTC] PHP Notice:  Undefined property: stdClass::$is_enabled in /home/muhannad1/public_html/themes/altum/views/partials/footer.php on line 69
[02-Nov-2022 11:46:41 UTC] PHP Notice:  Undefined property: stdClass::$is_enabled in /home/muhannad1/public_html/themes/altum/views/partials/cookie_consent.php on line 3
[02-Nov-2022 11:46:42 UTC] PHP Notice:  Undefined property: stdClass::$is_enabled in /home/muhannad1/public_html/themes/altum/views/partials/footer.php on line 69
[02-Nov-2022 11:46:42 UTC] PHP Notice:  Undefined property: stdClass::$is_enabled in /home/muhannad1/public_html/themes/altum/views/partials/cookie_consent.php on line 3
[02-Nov-2022 12:01:07 UTC] PHP Notice:  Undefined property: stdClass::$is_enabled in /home/muhannad1/public_html/themes/altum/views/partials/footer.php on line 69
[02-Nov-2022 12:01:08 UTC] PHP Notice:  Undefined property: stdClass::$is_enabled in /home/muhannad1/public_html/themes/altum/views/partials/cookie_consent.php on line 3
[02-Nov-2022 12:01:08 UTC] PHP Notice:  Undefined property: stdClass::$is_enabled in /home/muhannad1/public_html/themes/altum/views/partials/footer.php on line 69
[02-Nov-2022 12:01:08 UTC] PHP Notice:  Undefined property: stdClass::$is_enabled in /home/muhannad1/public_html/themes/altum/views/partials/cookie_consent.php on line 3
[02-Nov-2022 12:13:24 UTC] PHP Notice:  Undefined property: stdClass::$is_enabled in /home/muhannad1/public_html/themes/altum/views/partials/footer.php on line 69
[02-Nov-2022 12:13:24 UTC] PHP Notice:  Undefined property: stdClass::$is_enabled in /home/muhannad1/public_html/themes/altum/views/partials/cookie_consent.php on line 3
[02-Nov-2022 12:13:28 UTC] PHP Notice:  Undefined property: stdClass::$is_enabled in /home/muhannad1/public_html/themes/altum/views/partials/footer.php on line 69
[02-Nov-2022 12:13:28 UTC] PHP Notice:  Undefined property: stdClass::$is_enabled in /home/muhannad1/public_html/themes/altum/views/partials/cookie_consent.php on line 3
[02-Nov-2022 12:13:38 UTC] PHP Notice:  Undefined property: stdClass::$is_enabled in /home/muhannad1/public_html/themes/altum/views/partials/footer.php on line 69
[02-Nov-2022 12:13:38 UTC] PHP Notice:  Undefined property: stdClass::$is_enabled in /home/muhannad1/public_html/themes/altum/views/partials/cookie_consent.php on line 3
[02-Nov-2022 12:13:44 UTC] PHP Notice:  Undefined property: stdClass::$is_enabled in /home/muhannad1/public_html/themes/altum/views/partials/footer.php on line 69
[02-Nov-2022 12:13:44 UTC] PHP Notice:  Undefined property: stdClass::$is_enabled in /home/muhannad1/public_html/themes/altum/views/partials/cookie_consent.php on line 3
[02-Nov-2022 12:14:05 UTC] PHP Notice:  Undefined property: stdClass::$is_enabled in /home/muhannad1/public_html/themes/altum/views/partials/footer.php on line 69
[02-Nov-2022 12:14:05 UTC] PHP Notice:  Undefined property: stdClass::$is_enabled in /home/muhannad1/public_html/themes/altum/views/partials/cookie_consent.php on line 3
[02-Nov-2022 12:41:26 UTC] PHP Notice:  Undefined property: stdClass::$is_enabled in /home/muhannad1/public_html/themes/altum/views/partials/footer.php on line 69
[02-Nov-2022 12:41:26 UTC] PHP Notice:  Undefined property: stdClass::$is_enabled in /home/muhannad1/public_html/themes/altum/views/partials/cookie_consent.php on line 3
[02-Nov-2022 12:41:27 UTC] PHP Notice:  Undefined property: stdClass::$is_enabled in /home/muhannad1/public_html/themes/altum/views/partials/footer.php on line 69
[02-Nov-2022 12:41:27 UTC] PHP Notice:  Undefined property: stdClass::$is_enabled in /home/muhannad1/public_html/themes/altum/views/partials/cookie_consent.php on line 3
[02-Nov-2022 12:42:49 UTC] PHP Notice:  Undefined property: stdClass::$is_enabled in /home/muhannad1/public_html/themes/altum/views/partials/footer.php on line 69
[02-Nov-2022 12:42:49 UTC] PHP Notice:  Undefined property: stdClass::$is_enabled in /home/muhannad1/public_html/themes/altum/views/partials/cookie_consent.php on line 3
[02-Nov-2022 12:42:55 UTC] PHP Notice:  Undefined property: stdClass::$is_enabled in /home/muhannad1/public_html/themes/altum/views/partials/footer.php on line 69
[02-Nov-2022 12:42:55 UTC] PHP Notice:  Undefined property: stdClass::$is_enabled in /home/muhannad1/public_html/themes/altum/views/partials/cookie_consent.php on line 3
[02-Nov-2022 12:46:26 UTC] PHP Notice:  Undefined property: stdClass::$is_enabled in /home/muhannad1/public_html/themes/altum/views/partials/footer.php on line 69
[02-Nov-2022 12:46:26 UTC] PHP Notice:  Undefined property: stdClass::$is_enabled in /home/muhannad1/public_html/themes/altum/views/partials/cookie_consent.php on line 3
[02-Nov-2022 13:09:50 UTC] PHP Notice:  Undefined property: stdClass::$is_enabled in /home/muhannad1/public_html/themes/altum/views/partials/footer.php on line 69
[02-Nov-2022 13:09:50 UTC] PHP Notice:  Undefined property: stdClass::$is_enabled in /home/muhannad1/public_html/themes/altum/views/partials/cookie_consent.php on line 3
[02-Nov-2022 15:18:30 UTC] PHP Notice:  Undefined property: stdClass::$is_enabled in /home/muhannad1/public_html/themes/altum/views/partials/footer.php on line 69
[02-Nov-2022 15:18:30 UTC] PHP Notice:  Undefined property: stdClass::$is_enabled in /home/muhannad1/public_html/themes/altum/views/partials/cookie_consent.php on line 3
[02-Nov-2022 16:30:05 UTC] PHP Notice:  Undefined property: stdClass::$is_enabled in /home/muhannad1/public_html/themes/altum/views/partials/footer.php on line 69
[02-Nov-2022 16:30:05 UTC] PHP Notice:  Undefined property: stdClass::$is_enabled in /home/muhannad1/public_html/themes/altum/views/partials/cookie_consent.php on line 3
[02-Nov-2022 16:30:06 UTC] PHP Notice:  Undefined property: stdClass::$is_enabled in /home/muhannad1/public_html/themes/altum/views/partials/footer.php on line 69
[02-Nov-2022 16:30:06 UTC] PHP Notice:  Undefined property: stdClass::$is_enabled in /home/muhannad1/public_html/themes/altum/views/partials/cookie_consent.php on line 3
[02-Nov-2022 16:30:12 UTC] PHP Notice:  Undefined property: stdClass::$is_enabled in /home/muhannad1/public_html/themes/altum/views/partials/footer.php on line 69
[02-Nov-2022 16:30:12 UTC] PHP Notice:  Undefined property: stdClass::$is_enabled in /home/muhannad1/public_html/themes/altum/views/partials/cookie_consent.php on line 3
[02-Nov-2022 16:30:12 UTC] PHP Notice:  Undefined property: stdClass::$is_enabled in /home/muhannad1/public_html/themes/altum/views/partials/footer.php on line 69
[02-Nov-2022 16:30:12 UTC] PHP Notice:  Undefined property: stdClass::$is_enabled in /home/muhannad1/public_html/themes/altum/views/partials/cookie_consent.php on line 3
[02-Nov-2022 16:30:29 UTC] PHP Notice:  Undefined property: stdClass::$is_enabled in /home/muhannad1/public_html/themes/altum/views/partials/footer.php on line 69
[02-Nov-2022 16:30:29 UTC] PHP Notice:  Undefined property: stdClass::$is_enabled in /home/muhannad1/public_html/themes/altum/views/partials/cookie_consent.php on line 3
[02-Nov-2022 18:46:05 UTC] PHP Notice:  Undefined property: stdClass::$is_enabled in /home/muhannad1/public_html/themes/altum/views/partials/footer.php on line 69
[02-Nov-2022 18:46:05 UTC] PHP Notice:  Undefined property: stdClass::$is_enabled in /home/muhannad1/public_html/themes/altum/views/partials/cookie_consent.php on line 3
[02-Nov-2022 18:46:35 UTC] PHP Notice:  Undefined property: stdClass::$is_enabled in /home/muhannad1/public_html/themes/altum/views/partials/cookie_consent.php on line 3
[02-Nov-2022 19:08:07 UTC] PHP Notice:  Undefined property: stdClass::$is_enabled in /home/muhannad1/public_html/themes/altum/views/partials/footer.php on line 69
[02-Nov-2022 19:08:07 UTC] PHP Notice:  Undefined property: stdClass::$is_enabled in /home/muhannad1/public_html/themes/altum/views/partials/cookie_consent.php on line 3
[02-Nov-2022 19:08:18 UTC] PHP Notice:  Undefined property: stdClass::$is_enabled in /home/muhannad1/public_html/themes/altum/views/partials/cookie_consent.php on line 3
[02-Nov-2022 19:08:21 UTC] PHP Notice:  Undefined property: stdClass::$is_enabled in /home/muhannad1/public_html/themes/altum/views/partials/cookie_consent.php on line 3
[02-Nov-2022 19:08:23 UTC] PHP Notice:  Undefined property: stdClass::$is_enabled in /home/muhannad1/public_html/themes/altum/views/partials/cookie_consent.php on line 3
[02-Nov-2022 19:08:28 UTC] PHP Notice:  Undefined property: stdClass::$is_enabled in /home/muhannad1/public_html/themes/altum/views/partials/cookie_consent.php on line 3
[02-Nov-2022 19:18:06 UTC] PHP Notice:  Undefined property: stdClass::$is_enabled in /home/muhannad1/public_html/themes/altum/views/partials/footer.php on line 69
[02-Nov-2022 19:18:06 UTC] PHP Notice:  Undefined property: stdClass::$is_enabled in /home/muhannad1/public_html/themes/altum/views/partials/cookie_consent.php on line 3
[02-Nov-2022 19:18:06 UTC] PHP Notice:  Undefined property: stdClass::$is_enabled in /home/muhannad1/public_html/themes/altum/views/partials/footer.php on line 69
[02-Nov-2022 19:18:06 UTC] PHP Notice:  Undefined property: stdClass::$is_enabled in /home/muhannad1/public_html/themes/altum/views/partials/cookie_consent.php on line 3
[02-Nov-2022 19:35:28 UTC] PHP Notice:  Undefined property: stdClass::$is_enabled in /home/muhannad1/public_html/themes/altum/views/partials/footer.php on line 69
[02-Nov-2022 19:35:28 UTC] PHP Notice:  Undefined property: stdClass::$is_enabled in /home/muhannad1/public_html/themes/altum/views/partials/cookie_consent.php on line 3
[02-Nov-2022 19:35:29 UTC] PHP Notice:  Undefined property: stdClass::$is_enabled in /home/muhannad1/public_html/themes/altum/views/partials/footer.php on line 69
[02-Nov-2022 19:35:29 UTC] PHP Notice:  Undefined property: stdClass::$is_enabled in /home/muhannad1/public_html/themes/altum/views/partials/cookie_consent.php on line 3
[02-Nov-2022 19:52:42 UTC] PHP Notice:  Undefined property: stdClass::$is_enabled in /home/muhannad1/public_html/themes/altum/views/partials/footer.php on line 69
[02-Nov-2022 19:52:42 UTC] PHP Notice:  Undefined property: stdClass::$is_enabled in /home/muhannad1/public_html/themes/altum/views/partials/cookie_consent.php on line 3
[02-Nov-2022 19:55:28 UTC] PHP Notice:  Undefined property: stdClass::$is_enabled in /home/muhannad1/public_html/themes/altum/views/partials/footer.php on line 69
[02-Nov-2022 19:55:28 UTC] PHP Notice:  Undefined property: stdClass::$is_enabled in /home/muhannad1/public_html/themes/altum/views/partials/cookie_consent.php on line 3
[02-Nov-2022 19:55:30 UTC] PHP Notice:  Undefined property: stdClass::$is_enabled in /home/muhannad1/public_html/themes/altum/views/partials/footer.php on line 69
[02-Nov-2022 19:55:30 UTC] PHP Notice:  Undefined property: stdClass::$is_enabled in /home/muhannad1/public_html/themes/altum/views/partials/cookie_consent.php on line 3
[02-Nov-2022 19:55:30 UTC] PHP Notice:  Undefined property: stdClass::$is_enabled in /home/muhannad1/public_html/themes/altum/views/partials/footer.php on line 69
[02-Nov-2022 19:55:30 UTC] PHP Notice:  Undefined property: stdClass::$is_enabled in /home/muhannad1/public_html/themes/altum/views/partials/cookie_consent.php on line 3
[02-Nov-2022 19:55:30 UTC] PHP Notice:  Undefined property: stdClass::$is_enabled in /home/muhannad1/public_html/themes/altum/views/partials/footer.php on line 69
[02-Nov-2022 19:55:30 UTC] PHP Notice:  Undefined property: stdClass::$is_enabled in /home/muhannad1/public_html/themes/altum/views/partials/cookie_consent.php on line 3
[02-Nov-2022 19:55:31 UTC] PHP Notice:  Undefined property: stdClass::$is_enabled in /home/muhannad1/public_html/themes/altum/views/partials/footer.php on line 69
[02-Nov-2022 19:55:31 UTC] PHP Notice:  Undefined property: stdClass::$is_enabled in /home/muhannad1/public_html/themes/altum/views/partials/cookie_consent.php on line 3
[02-Nov-2022 19:55:31 UTC] PHP Notice:  Undefined property: stdClass::$is_enabled in /home/muhannad1/public_html/themes/altum/views/partials/footer.php on line 69
[02-Nov-2022 19:55:31 UTC] PHP Notice:  Undefined property: stdClass::$is_enabled in /home/muhannad1/public_html/themes/altum/views/partials/cookie_consent.php on line 3
[02-Nov-2022 19:55:32 UTC] PHP Notice:  Undefined property: stdClass::$is_enabled in /home/muhannad1/public_html/themes/altum/views/partials/footer.php on line 69
[02-Nov-2022 19:55:32 UTC] PHP Notice:  Undefined property: stdClass::$is_enabled in /home/muhannad1/public_html/themes/altum/views/partials/cookie_consent.php on line 3
[02-Nov-2022 19:55:32 UTC] PHP Notice:  Undefined property: stdClass::$is_enabled in /home/muhannad1/public_html/themes/altum/views/partials/footer.php on line 69
[02-Nov-2022 19:55:32 UTC] PHP Notice:  Undefined property: stdClass::$is_enabled in /home/muhannad1/public_html/themes/altum/views/partials/cookie_consent.php on line 3
[02-Nov-2022 19:55:32 UTC] PHP Notice:  Undefined property: stdClass::$is_enabled in /home/muhannad1/public_html/themes/altum/views/partials/footer.php on line 69
[02-Nov-2022 19:55:32 UTC] PHP Notice:  Undefined property: stdClass::$is_enabled in /home/muhannad1/public_html/themes/altum/views/partials/cookie_consent.php on line 3
[02-Nov-2022 19:55:33 UTC] PHP Notice:  Undefined property: stdClass::$is_enabled in /home/muhannad1/public_html/themes/altum/views/partials/footer.php on line 69
[02-Nov-2022 19:55:33 UTC] PHP Notice:  Undefined property: stdClass::$is_enabled in /home/muhannad1/public_html/themes/altum/views/partials/cookie_consent.php on line 3
[02-Nov-2022 19:55:33 UTC] PHP Notice:  Undefined property: stdClass::$is_enabled in /home/muhannad1/public_html/themes/altum/views/partials/footer.php on line 69
[02-Nov-2022 19:55:33 UTC] PHP Notice:  Undefined property: stdClass::$is_enabled in /home/muhannad1/public_html/themes/altum/views/partials/cookie_consent.php on line 3
[02-Nov-2022 19:55:33 UTC] PHP Notice:  Undefined property: stdClass::$is_enabled in /home/muhannad1/public_html/themes/altum/views/partials/footer.php on line 69
[02-Nov-2022 19:55:33 UTC] PHP Notice:  Undefined property: stdClass::$is_enabled in /home/muhannad1/public_html/themes/altum/views/partials/cookie_consent.php on line 3
[02-Nov-2022 19:55:34 UTC] PHP Notice:  Undefined property: stdClass::$is_enabled in /home/muhannad1/public_html/themes/altum/views/partials/footer.php on line 69
[02-Nov-2022 19:55:34 UTC] PHP Notice:  Undefined property: stdClass::$is_enabled in /home/muhannad1/public_html/themes/altum/views/partials/cookie_consent.php on line 3
[02-Nov-2022 19:55:34 UTC] PHP Notice:  Undefined property: stdClass::$is_enabled in /home/muhannad1/public_html/themes/altum/views/partials/footer.php on line 69
[02-Nov-2022 19:55:34 UTC] PHP Notice:  Undefined property: stdClass::$is_enabled in /home/muhannad1/public_html/themes/altum/views/partials/cookie_consent.php on line 3
[02-Nov-2022 19:55:34 UTC] PHP Notice:  Undefined property: stdClass::$is_enabled in /home/muhannad1/public_html/themes/altum/views/partials/footer.php on line 69
[02-Nov-2022 19:55:34 UTC] PHP Notice:  Undefined property: stdClass::$is_enabled in /home/muhannad1/public_html/themes/altum/views/partials/cookie_consent.php on line 3
[02-Nov-2022 19:55:35 UTC] PHP Notice:  Undefined property: stdClass::$is_enabled in /home/muhannad1/public_html/themes/altum/views/partials/footer.php on line 69
[02-Nov-2022 19:55:35 UTC] PHP Notice:  Undefined property: stdClass::$is_enabled in /home/muhannad1/public_html/themes/altum/views/partials/cookie_consent.php on line 3
[02-Nov-2022 19:55:35 UTC] PHP Notice:  Undefined property: stdClass::$is_enabled in /home/muhannad1/public_html/themes/altum/views/partials/footer.php on line 69
[02-Nov-2022 19:55:35 UTC] PHP Notice:  Undefined property: stdClass::$is_enabled in /home/muhannad1/public_html/themes/altum/views/partials/cookie_consent.php on line 3
[02-Nov-2022 19:55:35 UTC] PHP Notice:  Undefined property: stdClass::$is_enabled in /home/muhannad1/public_html/themes/altum/views/partials/footer.php on line 69
[02-Nov-2022 19:55:35 UTC] PHP Notice:  Undefined property: stdClass::$is_enabled in /home/muhannad1/public_html/themes/altum/views/partials/cookie_consent.php on line 3
[02-Nov-2022 19:55:35 UTC] PHP Notice:  Undefined property: stdClass::$is_enabled in /home/muhannad1/public_html/themes/altum/views/partials/footer.php on line 69
[02-Nov-2022 19:55:35 UTC] PHP Notice:  Undefined property: stdClass::$is_enabled in /home/muhannad1/public_html/themes/altum/views/partials/cookie_consent.php on line 3
[02-Nov-2022 19:55:36 UTC] PHP Notice:  Undefined property: stdClass::$is_enabled in /home/muhannad1/public_html/themes/altum/views/partials/footer.php on line 69
[02-Nov-2022 19:55:36 UTC] PHP Notice:  Undefined property: stdClass::$is_enabled in /home/muhannad1/public_html/themes/altum/views/partials/cookie_consent.php on line 3
