[03-Nov-2022 23:00:55 UTC] PHP Warning:  Undefined property: stdClass::$is_enabled in /opt/lampp/htdocs/test/muhannad1/themes/altum/views/partials/footer.php on line 69
[03-Nov-2022 23:00:55 UTC] PHP Warning:  Undefined property: stdClass::$is_enabled in /opt/lampp/htdocs/test/muhannad1/themes/altum/views/partials/cookie_consent.php on line 3
[03-Nov-2022 23:01:02 UTC] PHP Warning:  Undefined property: stdClass::$is_enabled in /opt/lampp/htdocs/test/muhannad1/themes/altum/views/partials/footer.php on line 69
[03-Nov-2022 23:01:02 UTC] PHP Warning:  Undefined property: stdClass::$is_enabled in /opt/lampp/htdocs/test/muhannad1/themes/altum/views/partials/cookie_consent.php on line 3
[03-Nov-2022 23:02:43 UTC] PHP Warning:  Undefined property: stdClass::$is_enabled in /opt/lampp/htdocs/test/muhannad1/themes/altum/views/partials/footer.php on line 69
[03-Nov-2022 23:02:43 UTC] PHP Warning:  Undefined property: stdClass::$is_enabled in /opt/lampp/htdocs/test/muhannad1/themes/altum/views/partials/cookie_consent.php on line 3
[03-Nov-2022 23:03:04 UTC] PHP Warning:  Undefined property: stdClass::$is_enabled in /opt/lampp/htdocs/test/muhannad1/themes/altum/views/partials/footer.php on line 69
[03-Nov-2022 23:03:04 UTC] PHP Warning:  Undefined property: stdClass::$is_enabled in /opt/lampp/htdocs/test/muhannad1/themes/altum/views/partials/cookie_consent.php on line 3
[03-Nov-2022 23:05:39 UTC] PHP Warning:  Undefined property: stdClass::$is_enabled in /opt/lampp/htdocs/test/muhannad1/themes/altum/views/partials/footer.php on line 69
[03-Nov-2022 23:05:39 UTC] PHP Warning:  Undefined property: stdClass::$is_enabled in /opt/lampp/htdocs/test/muhannad1/themes/altum/views/partials/cookie_consent.php on line 3
[03-Nov-2022 23:06:25 UTC] PHP Warning:  Undefined property: stdClass::$is_enabled in /opt/lampp/htdocs/test/muhannad1/themes/altum/views/partials/footer.php on line 69
[03-Nov-2022 23:06:25 UTC] PHP Warning:  Undefined property: stdClass::$is_enabled in /opt/lampp/htdocs/test/muhannad1/themes/altum/views/partials/cookie_consent.php on line 3
[03-Nov-2022 23:09:04 UTC] PHP Warning:  Undefined property: stdClass::$is_enabled in /opt/lampp/htdocs/test/muhannad1/themes/altum/views/partials/footer.php on line 69
[03-Nov-2022 23:09:04 UTC] PHP Warning:  Undefined property: stdClass::$is_enabled in /opt/lampp/htdocs/test/muhannad1/themes/altum/views/partials/cookie_consent.php on line 3
[03-Nov-2022 23:09:06 UTC] PHP Warning:  Undefined property: stdClass::$is_enabled in /opt/lampp/htdocs/test/muhannad1/themes/altum/views/partials/footer.php on line 69
[03-Nov-2022 23:09:06 UTC] PHP Warning:  Undefined property: stdClass::$is_enabled in /opt/lampp/htdocs/test/muhannad1/themes/altum/views/partials/cookie_consent.php on line 3
[03-Nov-2022 23:10:27 UTC] PHP Warning:  Undefined property: stdClass::$is_enabled in /opt/lampp/htdocs/test/muhannad1/themes/altum/views/partials/footer.php on line 69
[03-Nov-2022 23:10:27 UTC] PHP Warning:  Undefined property: stdClass::$is_enabled in /opt/lampp/htdocs/test/muhannad1/themes/altum/views/partials/cookie_consent.php on line 3
[03-Nov-2022 23:11:57 UTC] PHP Warning:  Undefined property: stdClass::$is_enabled in /opt/lampp/htdocs/test/muhannad1/themes/altum/views/partials/footer.php on line 69
[03-Nov-2022 23:11:57 UTC] PHP Warning:  Undefined property: stdClass::$is_enabled in /opt/lampp/htdocs/test/muhannad1/themes/altum/views/partials/cookie_consent.php on line 3
[03-Nov-2022 23:12:09 UTC] PHP Warning:  Undefined property: stdClass::$is_enabled in /opt/lampp/htdocs/test/muhannad1/themes/altum/views/partials/footer.php on line 69
[03-Nov-2022 23:12:09 UTC] PHP Warning:  Undefined property: stdClass::$is_enabled in /opt/lampp/htdocs/test/muhannad1/themes/altum/views/partials/cookie_consent.php on line 3
[03-Nov-2022 23:12:19 UTC] PHP Warning:  Undefined property: stdClass::$is_enabled in /opt/lampp/htdocs/test/muhannad1/themes/altum/views/partials/footer.php on line 69
[03-Nov-2022 23:12:19 UTC] PHP Warning:  Undefined property: stdClass::$is_enabled in /opt/lampp/htdocs/test/muhannad1/themes/altum/views/partials/cookie_consent.php on line 3
[03-Nov-2022 23:12:27 UTC] PHP Warning:  Undefined property: stdClass::$is_enabled in /opt/lampp/htdocs/test/muhannad1/themes/altum/views/partials/footer.php on line 69
[03-Nov-2022 23:12:27 UTC] PHP Warning:  Undefined property: stdClass::$is_enabled in /opt/lampp/htdocs/test/muhannad1/themes/altum/views/partials/cookie_consent.php on line 3
[03-Nov-2022 23:33:12 UTC] PHP Warning:  Undefined property: stdClass::$is_enabled in /opt/lampp/htdocs/test/muhannad1/themes/altum/views/partials/footer.php on line 69
[03-Nov-2022 23:33:12 UTC] PHP Warning:  Undefined property: stdClass::$is_enabled in /opt/lampp/htdocs/test/muhannad1/themes/altum/views/partials/cookie_consent.php on line 3
[04-Nov-2022 01:26:55 UTC] PHP Warning:  Undefined property: stdClass::$is_enabled in /opt/lampp/htdocs/test/muhannad1/themes/altum/views/partials/footer.php on line 69
[04-Nov-2022 01:26:55 UTC] PHP Warning:  Undefined property: stdClass::$is_enabled in /opt/lampp/htdocs/test/muhannad1/themes/altum/views/partials/cookie_consent.php on line 3
[04-Nov-2022 01:26:59 UTC] PHP Warning:  Undefined property: stdClass::$is_enabled in /opt/lampp/htdocs/test/muhannad1/themes/altum/views/partials/cookie_consent.php on line 3
[04-Nov-2022 01:27:27 UTC] PHP Warning:  Undefined property: stdClass::$is_enabled in /opt/lampp/htdocs/test/muhannad1/themes/altum/views/partials/footer.php on line 69
[04-Nov-2022 01:27:27 UTC] PHP Warning:  Undefined property: stdClass::$is_enabled in /opt/lampp/htdocs/test/muhannad1/themes/altum/views/partials/cookie_consent.php on line 3
[04-Nov-2022 01:28:43 UTC] PHP Warning:  Undefined property: stdClass::$is_enabled in /opt/lampp/htdocs/test/muhannad1/themes/altum/views/partials/footer.php on line 69
[04-Nov-2022 01:28:43 UTC] PHP Warning:  Undefined property: stdClass::$is_enabled in /opt/lampp/htdocs/test/muhannad1/themes/altum/views/partials/cookie_consent.php on line 3
[04-Nov-2022 01:28:43 UTC] PHP Warning:  Undefined property: stdClass::$is_enabled in /opt/lampp/htdocs/test/muhannad1/themes/altum/views/partials/footer.php on line 69
[04-Nov-2022 01:28:43 UTC] PHP Warning:  Undefined property: stdClass::$is_enabled in /opt/lampp/htdocs/test/muhannad1/themes/altum/views/partials/cookie_consent.php on line 3
[04-Nov-2022 01:30:26 UTC] PHP Warning:  Undefined property: stdClass::$is_enabled in /opt/lampp/htdocs/test/muhannad1/themes/altum/views/partials/footer.php on line 69
[04-Nov-2022 01:30:26 UTC] PHP Warning:  Undefined property: stdClass::$is_enabled in /opt/lampp/htdocs/test/muhannad1/themes/altum/views/partials/cookie_consent.php on line 3
[04-Nov-2022 01:30:43 UTC] PHP Warning:  Undefined property: stdClass::$is_enabled in /opt/lampp/htdocs/test/muhannad1/themes/altum/views/partials/footer.php on line 69
[04-Nov-2022 01:30:43 UTC] PHP Warning:  Undefined property: stdClass::$is_enabled in /opt/lampp/htdocs/test/muhannad1/themes/altum/views/partials/cookie_consent.php on line 3
[04-Nov-2022 01:30:55 UTC] PHP Warning:  Undefined property: stdClass::$is_enabled in /opt/lampp/htdocs/test/muhannad1/themes/altum/views/partials/footer.php on line 69
[04-Nov-2022 01:30:55 UTC] PHP Warning:  Undefined property: stdClass::$is_enabled in /opt/lampp/htdocs/test/muhannad1/themes/altum/views/partials/cookie_consent.php on line 3
[04-Nov-2022 01:31:23 UTC] PHP Warning:  Undefined property: stdClass::$is_enabled in /opt/lampp/htdocs/test/muhannad1/themes/altum/views/partials/footer.php on line 69
[04-Nov-2022 01:31:23 UTC] PHP Warning:  Undefined property: stdClass::$is_enabled in /opt/lampp/htdocs/test/muhannad1/themes/altum/views/partials/cookie_consent.php on line 3
[04-Nov-2022 01:31:50 UTC] PHP Warning:  Undefined property: stdClass::$is_enabled in /opt/lampp/htdocs/test/muhannad1/themes/altum/views/partials/footer.php on line 69
[04-Nov-2022 01:31:50 UTC] PHP Warning:  Undefined property: stdClass::$is_enabled in /opt/lampp/htdocs/test/muhannad1/themes/altum/views/partials/cookie_consent.php on line 3
[04-Nov-2022 01:32:20 UTC] PHP Warning:  Undefined property: stdClass::$is_enabled in /opt/lampp/htdocs/test/muhannad1/themes/altum/views/partials/footer.php on line 69
[04-Nov-2022 01:32:20 UTC] PHP Warning:  Undefined property: stdClass::$is_enabled in /opt/lampp/htdocs/test/muhannad1/themes/altum/views/partials/cookie_consent.php on line 3
[04-Nov-2022 01:33:09 UTC] PHP Warning:  Undefined property: stdClass::$is_enabled in /opt/lampp/htdocs/test/muhannad1/themes/altum/views/partials/footer.php on line 69
[04-Nov-2022 01:33:09 UTC] PHP Warning:  Undefined property: stdClass::$is_enabled in /opt/lampp/htdocs/test/muhannad1/themes/altum/views/partials/cookie_consent.php on line 3
[04-Nov-2022 01:34:00 UTC] PHP Warning:  Undefined property: stdClass::$is_enabled in /opt/lampp/htdocs/test/muhannad1/themes/altum/views/partials/footer.php on line 69
[04-Nov-2022 01:34:00 UTC] PHP Warning:  Undefined property: stdClass::$is_enabled in /opt/lampp/htdocs/test/muhannad1/themes/altum/views/partials/cookie_consent.php on line 3
[04-Nov-2022 01:34:58 UTC] PHP Warning:  Undefined property: stdClass::$is_enabled in /opt/lampp/htdocs/test/muhannad1/themes/altum/views/partials/footer.php on line 69
[04-Nov-2022 01:34:58 UTC] PHP Warning:  Undefined property: stdClass::$is_enabled in /opt/lampp/htdocs/test/muhannad1/themes/altum/views/partials/cookie_consent.php on line 3
[04-Nov-2022 01:35:00 UTC] PHP Warning:  Undefined property: stdClass::$is_enabled in /opt/lampp/htdocs/test/muhannad1/themes/altum/views/partials/footer.php on line 69
[04-Nov-2022 01:35:00 UTC] PHP Warning:  Undefined property: stdClass::$is_enabled in /opt/lampp/htdocs/test/muhannad1/themes/altum/views/partials/cookie_consent.php on line 3
[04-Nov-2022 01:35:05 UTC] PHP Warning:  Undefined property: stdClass::$is_enabled in /opt/lampp/htdocs/test/muhannad1/themes/altum/views/partials/footer.php on line 69
[04-Nov-2022 01:35:05 UTC] PHP Warning:  Undefined property: stdClass::$is_enabled in /opt/lampp/htdocs/test/muhannad1/themes/altum/views/partials/cookie_consent.php on line 3
[04-Nov-2022 01:35:06 UTC] PHP Warning:  Undefined property: stdClass::$is_enabled in /opt/lampp/htdocs/test/muhannad1/themes/altum/views/partials/footer.php on line 69
[04-Nov-2022 01:35:06 UTC] PHP Warning:  Undefined property: stdClass::$is_enabled in /opt/lampp/htdocs/test/muhannad1/themes/altum/views/partials/cookie_consent.php on line 3
[04-Nov-2022 01:35:10 UTC] PHP Warning:  Undefined property: stdClass::$is_enabled in /opt/lampp/htdocs/test/muhannad1/themes/altum/views/partials/footer.php on line 69
[04-Nov-2022 01:35:10 UTC] PHP Warning:  Undefined property: stdClass::$is_enabled in /opt/lampp/htdocs/test/muhannad1/themes/altum/views/partials/cookie_consent.php on line 3
[04-Nov-2022 01:36:50 UTC] PHP Warning:  Undefined property: stdClass::$is_enabled in /opt/lampp/htdocs/test/muhannad1/themes/altum/views/partials/footer.php on line 69
[04-Nov-2022 01:36:50 UTC] PHP Warning:  Undefined property: stdClass::$is_enabled in /opt/lampp/htdocs/test/muhannad1/themes/altum/views/partials/cookie_consent.php on line 3
[04-Nov-2022 01:36:55 UTC] PHP Warning:  Undefined property: stdClass::$is_enabled in /opt/lampp/htdocs/test/muhannad1/themes/altum/views/partials/footer.php on line 69
[04-Nov-2022 01:36:55 UTC] PHP Warning:  Undefined property: stdClass::$is_enabled in /opt/lampp/htdocs/test/muhannad1/themes/altum/views/partials/cookie_consent.php on line 3
[04-Nov-2022 01:36:57 UTC] PHP Warning:  Undefined property: stdClass::$is_enabled in /opt/lampp/htdocs/test/muhannad1/themes/altum/views/partials/footer.php on line 69
[04-Nov-2022 01:36:57 UTC] PHP Warning:  Undefined property: stdClass::$is_enabled in /opt/lampp/htdocs/test/muhannad1/themes/altum/views/partials/cookie_consent.php on line 3
[04-Nov-2022 01:37:12 UTC] PHP Warning:  Undefined property: stdClass::$is_enabled in /opt/lampp/htdocs/test/muhannad1/themes/altum/views/partials/footer.php on line 69
[04-Nov-2022 01:37:12 UTC] PHP Warning:  Undefined property: stdClass::$is_enabled in /opt/lampp/htdocs/test/muhannad1/themes/altum/views/partials/cookie_consent.php on line 3
[04-Nov-2022 01:37:14 UTC] PHP Warning:  Undefined property: stdClass::$is_enabled in /opt/lampp/htdocs/test/muhannad1/themes/altum/views/partials/footer.php on line 69
[04-Nov-2022 01:37:14 UTC] PHP Warning:  Undefined property: stdClass::$is_enabled in /opt/lampp/htdocs/test/muhannad1/themes/altum/views/partials/cookie_consent.php on line 3
[04-Nov-2022 01:37:17 UTC] PHP Warning:  Undefined property: stdClass::$is_enabled in /opt/lampp/htdocs/test/muhannad1/themes/altum/views/partials/footer.php on line 69
[04-Nov-2022 01:37:17 UTC] PHP Warning:  Undefined property: stdClass::$is_enabled in /opt/lampp/htdocs/test/muhannad1/themes/altum/views/partials/cookie_consent.php on line 3
[04-Nov-2022 01:40:52 UTC] PHP Warning:  Undefined property: stdClass::$is_enabled in /opt/lampp/htdocs/test/muhannad1/themes/altum/views/partials/footer.php on line 69
[04-Nov-2022 01:40:52 UTC] PHP Warning:  Undefined property: stdClass::$is_enabled in /opt/lampp/htdocs/test/muhannad1/themes/altum/views/partials/cookie_consent.php on line 3
[04-Nov-2022 01:40:53 UTC] PHP Warning:  Undefined property: stdClass::$is_enabled in /opt/lampp/htdocs/test/muhannad1/themes/altum/views/partials/footer.php on line 69
[04-Nov-2022 01:40:53 UTC] PHP Warning:  Undefined property: stdClass::$is_enabled in /opt/lampp/htdocs/test/muhannad1/themes/altum/views/partials/cookie_consent.php on line 3
[04-Nov-2022 02:43:44 Europe/Berlin] PHP Parse error:  syntax error, unexpected token ";", expecting "]" in /opt/lampp/htdocs/test/muhannad1/app/core/Router.php on line 1013
[04-Nov-2022 02:45:25 Europe/Berlin] PHP Parse error:  syntax error, unexpected token ";", expecting "]" in /opt/lampp/htdocs/test/muhannad1/app/core/Router.php on line 1009
[04-Nov-2022 02:45:51 Europe/Berlin] PHP Parse error:  syntax error, unexpected token ";", expecting "]" in /opt/lampp/htdocs/test/muhannad1/app/core/Router.php on line 1009
[04-Nov-2022 02:45:53 Europe/Berlin] PHP Parse error:  syntax error, unexpected token ";", expecting "]" in /opt/lampp/htdocs/test/muhannad1/app/core/Router.php on line 1009
[04-Nov-2022 02:45:56 Europe/Berlin] PHP Parse error:  syntax error, unexpected token ";", expecting "]" in /opt/lampp/htdocs/test/muhannad1/app/core/Router.php on line 1009
[04-Nov-2022 01:46:37 UTC] PHP Warning:  Undefined property: stdClass::$is_enabled in /opt/lampp/htdocs/test/muhannad1/themes/altum/views/partials/footer.php on line 69
[04-Nov-2022 01:46:37 UTC] PHP Warning:  Undefined property: stdClass::$is_enabled in /opt/lampp/htdocs/test/muhannad1/themes/altum/views/partials/cookie_consent.php on line 3
[04-Nov-2022 01:46:38 UTC] PHP Warning:  Undefined property: stdClass::$is_enabled in /opt/lampp/htdocs/test/muhannad1/themes/altum/views/partials/footer.php on line 69
[04-Nov-2022 01:46:38 UTC] PHP Warning:  Undefined property: stdClass::$is_enabled in /opt/lampp/htdocs/test/muhannad1/themes/altum/views/partials/cookie_consent.php on line 3
[04-Nov-2022 01:46:41 UTC] PHP Warning:  Undefined property: stdClass::$is_enabled in /opt/lampp/htdocs/test/muhannad1/themes/altum/views/partials/footer.php on line 69
[04-Nov-2022 01:46:41 UTC] PHP Warning:  Undefined property: stdClass::$is_enabled in /opt/lampp/htdocs/test/muhannad1/themes/altum/views/partials/cookie_consent.php on line 3
[04-Nov-2022 01:46:43 UTC] PHP Warning:  Undefined property: stdClass::$is_enabled in /opt/lampp/htdocs/test/muhannad1/themes/altum/views/partials/footer.php on line 69
[04-Nov-2022 01:46:43 UTC] PHP Warning:  Undefined property: stdClass::$is_enabled in /opt/lampp/htdocs/test/muhannad1/themes/altum/views/partials/cookie_consent.php on line 3
[04-Nov-2022 01:47:59 UTC] PHP Warning:  Undefined property: stdClass::$is_enabled in /opt/lampp/htdocs/test/muhannad1/themes/altum/views/partials/footer.php on line 69
[04-Nov-2022 01:47:59 UTC] PHP Warning:  Undefined property: stdClass::$is_enabled in /opt/lampp/htdocs/test/muhannad1/themes/altum/views/partials/cookie_consent.php on line 3
[04-Nov-2022 01:48:01 UTC] PHP Warning:  Undefined property: stdClass::$is_enabled in /opt/lampp/htdocs/test/muhannad1/themes/altum/views/partials/footer.php on line 69
[04-Nov-2022 01:48:01 UTC] PHP Warning:  Undefined property: stdClass::$is_enabled in /opt/lampp/htdocs/test/muhannad1/themes/altum/views/partials/cookie_consent.php on line 3
[04-Nov-2022 01:48:10 UTC] PHP Warning:  Undefined property: stdClass::$is_enabled in /opt/lampp/htdocs/test/muhannad1/themes/altum/views/partials/footer.php on line 69
[04-Nov-2022 01:48:10 UTC] PHP Warning:  Undefined property: stdClass::$is_enabled in /opt/lampp/htdocs/test/muhannad1/themes/altum/views/partials/cookie_consent.php on line 3
[04-Nov-2022 01:48:32 UTC] PHP Warning:  Undefined property: stdClass::$is_enabled in /opt/lampp/htdocs/test/muhannad1/themes/altum/views/partials/footer.php on line 69
[04-Nov-2022 01:48:32 UTC] PHP Warning:  Undefined property: stdClass::$is_enabled in /opt/lampp/htdocs/test/muhannad1/themes/altum/views/partials/cookie_consent.php on line 3
[04-Nov-2022 01:48:35 UTC] PHP Warning:  Undefined property: stdClass::$is_enabled in /opt/lampp/htdocs/test/muhannad1/themes/altum/views/partials/footer.php on line 69
[04-Nov-2022 01:48:35 UTC] PHP Warning:  Undefined property: stdClass::$is_enabled in /opt/lampp/htdocs/test/muhannad1/themes/altum/views/partials/cookie_consent.php on line 3
[04-Nov-2022 01:48:37 UTC] PHP Warning:  Undefined property: stdClass::$is_enabled in /opt/lampp/htdocs/test/muhannad1/themes/altum/views/partials/footer.php on line 69
[04-Nov-2022 01:48:37 UTC] PHP Warning:  Undefined property: stdClass::$is_enabled in /opt/lampp/htdocs/test/muhannad1/themes/altum/views/partials/cookie_consent.php on line 3
[04-Nov-2022 01:50:07 UTC] PHP Warning:  Undefined property: stdClass::$is_enabled in /opt/lampp/htdocs/test/muhannad1/themes/altum/views/partials/footer.php on line 69
[04-Nov-2022 01:50:07 UTC] PHP Warning:  Undefined property: stdClass::$is_enabled in /opt/lampp/htdocs/test/muhannad1/themes/altum/views/partials/cookie_consent.php on line 3
[04-Nov-2022 01:50:09 UTC] PHP Warning:  Undefined property: stdClass::$is_enabled in /opt/lampp/htdocs/test/muhannad1/themes/altum/views/partials/footer.php on line 69
[04-Nov-2022 01:50:09 UTC] PHP Warning:  Undefined property: stdClass::$is_enabled in /opt/lampp/htdocs/test/muhannad1/themes/altum/views/partials/cookie_consent.php on line 3
[04-Nov-2022 01:50:37 UTC] PHP Warning:  Undefined property: stdClass::$is_enabled in /opt/lampp/htdocs/test/muhannad1/themes/altum/views/partials/footer.php on line 69
[04-Nov-2022 01:50:37 UTC] PHP Warning:  Undefined property: stdClass::$is_enabled in /opt/lampp/htdocs/test/muhannad1/themes/altum/views/partials/cookie_consent.php on line 3
[04-Nov-2022 01:50:38 UTC] PHP Warning:  Undefined property: stdClass::$is_enabled in /opt/lampp/htdocs/test/muhannad1/themes/altum/views/partials/footer.php on line 69
[04-Nov-2022 01:50:38 UTC] PHP Warning:  Undefined property: stdClass::$is_enabled in /opt/lampp/htdocs/test/muhannad1/themes/altum/views/partials/cookie_consent.php on line 3
[04-Nov-2022 01:50:41 UTC] PHP Warning:  Undefined property: stdClass::$is_enabled in /opt/lampp/htdocs/test/muhannad1/themes/altum/views/partials/footer.php on line 69
[04-Nov-2022 01:50:41 UTC] PHP Warning:  Undefined property: stdClass::$is_enabled in /opt/lampp/htdocs/test/muhannad1/themes/altum/views/partials/cookie_consent.php on line 3
[04-Nov-2022 01:50:53 UTC] PHP Warning:  Undefined property: stdClass::$is_enabled in /opt/lampp/htdocs/test/muhannad1/themes/altum/views/partials/footer.php on line 69
[04-Nov-2022 01:50:53 UTC] PHP Warning:  Undefined property: stdClass::$is_enabled in /opt/lampp/htdocs/test/muhannad1/themes/altum/views/partials/cookie_consent.php on line 3
[04-Nov-2022 01:50:56 UTC] PHP Warning:  Undefined property: stdClass::$is_enabled in /opt/lampp/htdocs/test/muhannad1/themes/altum/views/partials/footer.php on line 69
[04-Nov-2022 01:50:56 UTC] PHP Warning:  Undefined property: stdClass::$is_enabled in /opt/lampp/htdocs/test/muhannad1/themes/altum/views/partials/cookie_consent.php on line 3
[04-Nov-2022 01:58:28 UTC] PHP Warning:  Undefined property: stdClass::$is_enabled in /opt/lampp/htdocs/test/muhannad1/themes/altum/views/partials/footer.php on line 69
[04-Nov-2022 01:58:28 UTC] PHP Warning:  Undefined property: stdClass::$is_enabled in /opt/lampp/htdocs/test/muhannad1/themes/altum/views/partials/cookie_consent.php on line 3
[04-Nov-2022 01:58:30 UTC] PHP Warning:  Undefined property: stdClass::$is_enabled in /opt/lampp/htdocs/test/muhannad1/themes/altum/views/partials/footer.php on line 69
[04-Nov-2022 01:58:30 UTC] PHP Warning:  Undefined property: stdClass::$is_enabled in /opt/lampp/htdocs/test/muhannad1/themes/altum/views/partials/cookie_consent.php on line 3
[04-Nov-2022 01:59:18 UTC] PHP Warning:  Undefined property: stdClass::$is_enabled in /opt/lampp/htdocs/test/muhannad1/themes/altum/views/partials/footer.php on line 69
[04-Nov-2022 01:59:18 UTC] PHP Warning:  Undefined property: stdClass::$is_enabled in /opt/lampp/htdocs/test/muhannad1/themes/altum/views/partials/cookie_consent.php on line 3
[04-Nov-2022 01:59:21 UTC] PHP Warning:  Undefined property: stdClass::$is_enabled in /opt/lampp/htdocs/test/muhannad1/themes/altum/views/partials/footer.php on line 69
[04-Nov-2022 01:59:21 UTC] PHP Warning:  Undefined property: stdClass::$is_enabled in /opt/lampp/htdocs/test/muhannad1/themes/altum/views/partials/cookie_consent.php on line 3
[04-Nov-2022 02:10:08 UTC] PHP Warning:  Undefined property: stdClass::$is_enabled in /opt/lampp/htdocs/test/muhannad1/themes/altum/views/partials/footer.php on line 69
[04-Nov-2022 02:10:08 UTC] PHP Warning:  Undefined property: stdClass::$is_enabled in /opt/lampp/htdocs/test/muhannad1/themes/altum/views/partials/cookie_consent.php on line 3
[04-Nov-2022 02:10:14 UTC] PHP Warning:  Undefined property: stdClass::$is_enabled in /opt/lampp/htdocs/test/muhannad1/themes/altum/views/partials/footer.php on line 69
[04-Nov-2022 02:10:14 UTC] PHP Warning:  Undefined property: stdClass::$is_enabled in /opt/lampp/htdocs/test/muhannad1/themes/altum/views/partials/cookie_consent.php on line 3
[04-Nov-2022 02:10:17 UTC] PHP Warning:  Undefined property: stdClass::$is_enabled in /opt/lampp/htdocs/test/muhannad1/themes/altum/views/partials/footer.php on line 69
[04-Nov-2022 02:10:17 UTC] PHP Warning:  Undefined property: stdClass::$is_enabled in /opt/lampp/htdocs/test/muhannad1/themes/altum/views/partials/cookie_consent.php on line 3
[04-Nov-2022 02:10:31 UTC] PHP Warning:  Undefined property: stdClass::$is_enabled in /opt/lampp/htdocs/test/muhannad1/themes/altum/views/partials/footer.php on line 69
[04-Nov-2022 02:10:31 UTC] PHP Warning:  Undefined property: stdClass::$is_enabled in /opt/lampp/htdocs/test/muhannad1/themes/altum/views/partials/cookie_consent.php on line 3
[04-Nov-2022 02:10:39 UTC] PHP Warning:  Undefined property: stdClass::$is_enabled in /opt/lampp/htdocs/test/muhannad1/themes/altum/views/partials/footer.php on line 69
[04-Nov-2022 02:10:39 UTC] PHP Warning:  Undefined property: stdClass::$is_enabled in /opt/lampp/htdocs/test/muhannad1/themes/altum/views/partials/cookie_consent.php on line 3
[04-Nov-2022 02:10:46 UTC] PHP Warning:  Undefined property: stdClass::$is_enabled in /opt/lampp/htdocs/test/muhannad1/themes/altum/views/partials/footer.php on line 69
[04-Nov-2022 02:10:46 UTC] PHP Warning:  Undefined property: stdClass::$is_enabled in /opt/lampp/htdocs/test/muhannad1/themes/altum/views/partials/cookie_consent.php on line 3
[04-Nov-2022 02:10:50 UTC] PHP Warning:  Undefined property: stdClass::$is_enabled in /opt/lampp/htdocs/test/muhannad1/themes/altum/views/partials/footer.php on line 69
[04-Nov-2022 02:10:50 UTC] PHP Warning:  Undefined property: stdClass::$is_enabled in /opt/lampp/htdocs/test/muhannad1/themes/altum/views/partials/cookie_consent.php on line 3
[04-Nov-2022 02:10:50 UTC] PHP Warning:  Undefined property: stdClass::$is_enabled in /opt/lampp/htdocs/test/muhannad1/themes/altum/views/partials/footer.php on line 69
[04-Nov-2022 02:10:50 UTC] PHP Warning:  Undefined property: stdClass::$is_enabled in /opt/lampp/htdocs/test/muhannad1/themes/altum/views/partials/cookie_consent.php on line 3
[04-Nov-2022 02:10:51 UTC] PHP Warning:  Undefined property: stdClass::$is_enabled in /opt/lampp/htdocs/test/muhannad1/themes/altum/views/partials/footer.php on line 69
[04-Nov-2022 02:10:51 UTC] PHP Warning:  Undefined property: stdClass::$is_enabled in /opt/lampp/htdocs/test/muhannad1/themes/altum/views/partials/cookie_consent.php on line 3
[04-Nov-2022 02:29:38 UTC] PHP Warning:  Undefined property: stdClass::$is_enabled in /opt/lampp/htdocs/test/muhannad1/themes/altum/views/partials/footer.php on line 69
[04-Nov-2022 02:29:38 UTC] PHP Warning:  Undefined property: stdClass::$is_enabled in /opt/lampp/htdocs/test/muhannad1/themes/altum/views/partials/cookie_consent.php on line 3
[04-Nov-2022 02:29:43 UTC] PHP Warning:  Undefined property: stdClass::$is_enabled in /opt/lampp/htdocs/test/muhannad1/themes/altum/views/partials/footer.php on line 69
[04-Nov-2022 02:29:43 UTC] PHP Warning:  Undefined property: stdClass::$is_enabled in /opt/lampp/htdocs/test/muhannad1/themes/altum/views/partials/cookie_consent.php on line 3
[04-Nov-2022 02:29:46 UTC] PHP Warning:  Undefined property: stdClass::$is_enabled in /opt/lampp/htdocs/test/muhannad1/themes/altum/views/partials/footer.php on line 69
[04-Nov-2022 02:29:46 UTC] PHP Warning:  Undefined property: stdClass::$is_enabled in /opt/lampp/htdocs/test/muhannad1/themes/altum/views/partials/cookie_consent.php on line 3
[04-Nov-2022 02:36:29 UTC] PHP Warning:  Undefined property: stdClass::$is_enabled in /opt/lampp/htdocs/test/muhannad1/themes/altum/views/partials/footer.php on line 69
[04-Nov-2022 02:36:29 UTC] PHP Warning:  Undefined property: stdClass::$is_enabled in /opt/lampp/htdocs/test/muhannad1/themes/altum/views/partials/cookie_consent.php on line 3
[04-Nov-2022 02:36:31 UTC] PHP Warning:  Undefined property: stdClass::$is_enabled in /opt/lampp/htdocs/test/muhannad1/themes/altum/views/partials/footer.php on line 69
[04-Nov-2022 02:36:31 UTC] PHP Warning:  Undefined property: stdClass::$is_enabled in /opt/lampp/htdocs/test/muhannad1/themes/altum/views/partials/cookie_consent.php on line 3
[04-Nov-2022 02:37:29 UTC] PHP Warning:  Undefined property: stdClass::$is_enabled in /opt/lampp/htdocs/test/muhannad1/themes/altum/views/partials/footer.php on line 69
[04-Nov-2022 02:37:29 UTC] PHP Warning:  Undefined property: stdClass::$is_enabled in /opt/lampp/htdocs/test/muhannad1/themes/altum/views/partials/cookie_consent.php on line 3
[04-Nov-2022 02:37:57 UTC] PHP Warning:  Undefined property: stdClass::$is_enabled in /opt/lampp/htdocs/test/muhannad1/themes/altum/views/partials/footer.php on line 69
[04-Nov-2022 02:37:57 UTC] PHP Warning:  Undefined property: stdClass::$is_enabled in /opt/lampp/htdocs/test/muhannad1/themes/altum/views/partials/cookie_consent.php on line 3
[04-Nov-2022 02:43:44 UTC] PHP Warning:  Undefined property: stdClass::$is_enabled in /opt/lampp/htdocs/test/muhannad1/themes/altum/views/partials/footer.php on line 69
[04-Nov-2022 02:43:44 UTC] PHP Warning:  Undefined property: stdClass::$is_enabled in /opt/lampp/htdocs/test/muhannad1/themes/altum/views/partials/cookie_consent.php on line 3
[04-Nov-2022 02:43:50 UTC] PHP Warning:  Undefined property: stdClass::$is_enabled in /opt/lampp/htdocs/test/muhannad1/themes/altum/views/partials/footer.php on line 69
[04-Nov-2022 02:43:50 UTC] PHP Warning:  Undefined property: stdClass::$is_enabled in /opt/lampp/htdocs/test/muhannad1/themes/altum/views/partials/cookie_consent.php on line 3
[04-Nov-2022 02:47:21 UTC] PHP Warning:  Undefined property: stdClass::$is_enabled in /opt/lampp/htdocs/test/muhannad1/themes/altum/views/partials/footer.php on line 69
[04-Nov-2022 02:47:21 UTC] PHP Warning:  Undefined property: stdClass::$is_enabled in /opt/lampp/htdocs/test/muhannad1/themes/altum/views/partials/cookie_consent.php on line 3
[04-Nov-2022 02:47:36 UTC] PHP Warning:  Undefined property: stdClass::$is_enabled in /opt/lampp/htdocs/test/muhannad1/themes/altum/views/partials/footer.php on line 69
[04-Nov-2022 02:47:36 UTC] PHP Warning:  Undefined property: stdClass::$is_enabled in /opt/lampp/htdocs/test/muhannad1/themes/altum/views/partials/cookie_consent.php on line 3
[04-Nov-2022 02:53:15 UTC] PHP Warning:  Undefined property: stdClass::$is_enabled in /opt/lampp/htdocs/test/muhannad1/themes/altum/views/partials/footer.php on line 69
[04-Nov-2022 02:53:15 UTC] PHP Warning:  Undefined property: stdClass::$is_enabled in /opt/lampp/htdocs/test/muhannad1/themes/altum/views/partials/cookie_consent.php on line 3
[04-Nov-2022 02:53:18 UTC] PHP Warning:  Undefined property: stdClass::$is_enabled in /opt/lampp/htdocs/test/muhannad1/themes/altum/views/partials/footer.php on line 69
[04-Nov-2022 02:53:18 UTC] PHP Warning:  Undefined property: stdClass::$is_enabled in /opt/lampp/htdocs/test/muhannad1/themes/altum/views/partials/cookie_consent.php on line 3
[04-Nov-2022 02:55:37 UTC] PHP Warning:  Undefined property: stdClass::$is_enabled in /opt/lampp/htdocs/test/muhannad1/themes/altum/views/partials/footer.php on line 69
[04-Nov-2022 02:55:37 UTC] PHP Warning:  Undefined property: stdClass::$is_enabled in /opt/lampp/htdocs/test/muhannad1/themes/altum/views/partials/cookie_consent.php on line 3
[04-Nov-2022 02:55:39 UTC] PHP Warning:  Undefined property: stdClass::$is_enabled in /opt/lampp/htdocs/test/muhannad1/themes/altum/views/partials/footer.php on line 69
[04-Nov-2022 02:55:39 UTC] PHP Warning:  Undefined property: stdClass::$is_enabled in /opt/lampp/htdocs/test/muhannad1/themes/altum/views/partials/cookie_consent.php on line 3
[04-Nov-2022 02:55:44 UTC] PHP Warning:  Undefined property: stdClass::$is_enabled in /opt/lampp/htdocs/test/muhannad1/themes/altum/views/partials/footer.php on line 69
[04-Nov-2022 02:55:44 UTC] PHP Warning:  Undefined property: stdClass::$is_enabled in /opt/lampp/htdocs/test/muhannad1/themes/altum/views/partials/cookie_consent.php on line 3
[04-Nov-2022 02:55:56 UTC] PHP Warning:  Undefined property: stdClass::$is_enabled in /opt/lampp/htdocs/test/muhannad1/themes/altum/views/partials/footer.php on line 69
[04-Nov-2022 02:55:56 UTC] PHP Warning:  Undefined property: stdClass::$is_enabled in /opt/lampp/htdocs/test/muhannad1/themes/altum/views/partials/cookie_consent.php on line 3
[04-Nov-2022 02:57:22 UTC] PHP Warning:  Undefined property: stdClass::$is_enabled in /opt/lampp/htdocs/test/muhannad1/themes/altum/views/partials/footer.php on line 69
[04-Nov-2022 02:57:22 UTC] PHP Warning:  Undefined property: stdClass::$is_enabled in /opt/lampp/htdocs/test/muhannad1/themes/altum/views/partials/cookie_consent.php on line 3
[04-Nov-2022 02:58:21 UTC] PHP Warning:  Undefined property: stdClass::$is_enabled in /opt/lampp/htdocs/test/muhannad1/themes/altum/views/partials/footer.php on line 69
[04-Nov-2022 02:58:21 UTC] PHP Warning:  Undefined property: stdClass::$is_enabled in /opt/lampp/htdocs/test/muhannad1/themes/altum/views/partials/cookie_consent.php on line 3
[04-Nov-2022 02:58:49 UTC] PHP Warning:  Undefined property: stdClass::$is_enabled in /opt/lampp/htdocs/test/muhannad1/themes/altum/views/partials/footer.php on line 69
[04-Nov-2022 02:58:49 UTC] PHP Warning:  Undefined property: stdClass::$is_enabled in /opt/lampp/htdocs/test/muhannad1/themes/altum/views/partials/cookie_consent.php on line 3
[04-Nov-2022 02:59:15 UTC] PHP Warning:  Undefined property: stdClass::$is_enabled in /opt/lampp/htdocs/test/muhannad1/themes/altum/views/partials/footer.php on line 69
[04-Nov-2022 02:59:15 UTC] PHP Warning:  Undefined property: stdClass::$is_enabled in /opt/lampp/htdocs/test/muhannad1/themes/altum/views/partials/cookie_consent.php on line 3
[04-Nov-2022 02:59:27 UTC] PHP Warning:  Undefined property: stdClass::$is_enabled in /opt/lampp/htdocs/test/muhannad1/themes/altum/views/partials/footer.php on line 69
[04-Nov-2022 02:59:27 UTC] PHP Warning:  Undefined property: stdClass::$is_enabled in /opt/lampp/htdocs/test/muhannad1/themes/altum/views/partials/cookie_consent.php on line 3
[04-Nov-2022 03:08:11 UTC] PHP Warning:  Undefined variable $stores in /opt/lampp/htdocs/test/muhannad1/app/controllers/Client.php on line 39
[04-Nov-2022 03:08:11 UTC] PHP Warning:  Undefined property: stdClass::$is_enabled in /opt/lampp/htdocs/test/muhannad1/themes/altum/views/partials/footer.php on line 69
[04-Nov-2022 03:08:11 UTC] PHP Warning:  Undefined property: stdClass::$is_enabled in /opt/lampp/htdocs/test/muhannad1/themes/altum/views/partials/cookie_consent.php on line 3
[04-Nov-2022 03:09:12 UTC] PHP Warning:  Undefined property: stdClass::$is_enabled in /opt/lampp/htdocs/test/muhannad1/themes/altum/views/partials/footer.php on line 69
[04-Nov-2022 03:09:12 UTC] PHP Warning:  Undefined property: stdClass::$is_enabled in /opt/lampp/htdocs/test/muhannad1/themes/altum/views/partials/cookie_consent.php on line 3
[04-Nov-2022 03:09:12 UTC] PHP Warning:  Undefined array key "content" in /opt/lampp/htdocs/test/muhannad1/themes/altum/views/app_wrapper.php on line 64
[04-Nov-2022 03:09:48 UTC] PHP Warning:  Undefined property: stdClass::$is_enabled in /opt/lampp/htdocs/test/muhannad1/themes/altum/views/partials/footer.php on line 69
[04-Nov-2022 03:09:48 UTC] PHP Warning:  Undefined property: stdClass::$is_enabled in /opt/lampp/htdocs/test/muhannad1/themes/altum/views/partials/cookie_consent.php on line 3
[04-Nov-2022 03:09:48 UTC] PHP Warning:  Undefined array key "content" in /opt/lampp/htdocs/test/muhannad1/themes/altum/views/app_wrapper.php on line 64
[04-Nov-2022 03:10:11 UTC] PHP Warning:  Undefined property: stdClass::$is_enabled in /opt/lampp/htdocs/test/muhannad1/themes/altum/views/partials/footer.php on line 69
[04-Nov-2022 03:10:11 UTC] PHP Warning:  Undefined property: stdClass::$is_enabled in /opt/lampp/htdocs/test/muhannad1/themes/altum/views/partials/cookie_consent.php on line 3
[04-Nov-2022 03:10:11 UTC] PHP Warning:  Undefined array key "content" in /opt/lampp/htdocs/test/muhannad1/themes/altum/views/app_wrapper.php on line 64
[04-Nov-2022 03:10:14 UTC] PHP Warning:  Undefined property: stdClass::$is_enabled in /opt/lampp/htdocs/test/muhannad1/themes/altum/views/partials/footer.php on line 69
[04-Nov-2022 03:10:14 UTC] PHP Warning:  Undefined property: stdClass::$is_enabled in /opt/lampp/htdocs/test/muhannad1/themes/altum/views/partials/cookie_consent.php on line 3
[04-Nov-2022 03:10:14 UTC] PHP Warning:  Undefined array key "content" in /opt/lampp/htdocs/test/muhannad1/themes/altum/views/app_wrapper.php on line 64
[04-Nov-2022 03:10:25 UTC] PHP Warning:  Undefined property: stdClass::$is_enabled in /opt/lampp/htdocs/test/muhannad1/themes/altum/views/partials/footer.php on line 69
[04-Nov-2022 03:10:25 UTC] PHP Warning:  Undefined property: stdClass::$is_enabled in /opt/lampp/htdocs/test/muhannad1/themes/altum/views/partials/cookie_consent.php on line 3
[04-Nov-2022 03:10:25 UTC] PHP Warning:  Undefined array key "content" in /opt/lampp/htdocs/test/muhannad1/themes/altum/views/app_wrapper.php on line 64
[04-Nov-2022 03:10:28 UTC] PHP Warning:  Undefined property: stdClass::$is_enabled in /opt/lampp/htdocs/test/muhannad1/themes/altum/views/partials/footer.php on line 69
[04-Nov-2022 03:10:28 UTC] PHP Warning:  Undefined property: stdClass::$is_enabled in /opt/lampp/htdocs/test/muhannad1/themes/altum/views/partials/cookie_consent.php on line 3
[04-Nov-2022 03:10:28 UTC] PHP Warning:  Undefined array key "content" in /opt/lampp/htdocs/test/muhannad1/themes/altum/views/app_wrapper.php on line 64
[04-Nov-2022 03:10:33 UTC] PHP Warning:  Undefined property: stdClass::$is_enabled in /opt/lampp/htdocs/test/muhannad1/themes/altum/views/partials/footer.php on line 69
[04-Nov-2022 03:10:33 UTC] PHP Warning:  Undefined property: stdClass::$is_enabled in /opt/lampp/htdocs/test/muhannad1/themes/altum/views/partials/cookie_consent.php on line 3
[04-Nov-2022 03:10:38 UTC] PHP Warning:  Undefined property: stdClass::$is_enabled in /opt/lampp/htdocs/test/muhannad1/themes/altum/views/partials/footer.php on line 69
[04-Nov-2022 03:10:38 UTC] PHP Warning:  Undefined property: stdClass::$is_enabled in /opt/lampp/htdocs/test/muhannad1/themes/altum/views/partials/cookie_consent.php on line 3
[04-Nov-2022 03:10:38 UTC] PHP Warning:  Undefined array key "content" in /opt/lampp/htdocs/test/muhannad1/themes/altum/views/app_wrapper.php on line 64
[04-Nov-2022 03:12:18 UTC] PHP Warning:  Undefined property: stdClass::$is_enabled in /opt/lampp/htdocs/test/muhannad1/themes/altum/views/partials/footer.php on line 69
[04-Nov-2022 03:12:18 UTC] PHP Warning:  Undefined property: stdClass::$is_enabled in /opt/lampp/htdocs/test/muhannad1/themes/altum/views/partials/cookie_consent.php on line 3
[04-Nov-2022 03:12:18 UTC] PHP Warning:  Undefined array key "content" in /opt/lampp/htdocs/test/muhannad1/themes/altum/views/app_wrapper.php on line 64
[04-Nov-2022 03:12:24 UTC] PHP Warning:  Undefined property: stdClass::$is_enabled in /opt/lampp/htdocs/test/muhannad1/themes/altum/views/partials/footer.php on line 69
[04-Nov-2022 03:12:24 UTC] PHP Warning:  Undefined property: stdClass::$is_enabled in /opt/lampp/htdocs/test/muhannad1/themes/altum/views/partials/cookie_consent.php on line 3
[04-Nov-2022 03:12:29 UTC] PHP Warning:  Undefined property: stdClass::$is_enabled in /opt/lampp/htdocs/test/muhannad1/themes/altum/views/partials/footer.php on line 69
[04-Nov-2022 03:12:29 UTC] PHP Warning:  Undefined property: stdClass::$is_enabled in /opt/lampp/htdocs/test/muhannad1/themes/altum/views/partials/cookie_consent.php on line 3
[04-Nov-2022 03:12:29 UTC] PHP Warning:  Undefined array key "content" in /opt/lampp/htdocs/test/muhannad1/themes/altum/views/app_wrapper.php on line 64
[04-Nov-2022 03:12:38 UTC] PHP Warning:  Undefined property: stdClass::$is_enabled in /opt/lampp/htdocs/test/muhannad1/themes/altum/views/partials/footer.php on line 69
[04-Nov-2022 03:12:38 UTC] PHP Warning:  Undefined property: stdClass::$is_enabled in /opt/lampp/htdocs/test/muhannad1/themes/altum/views/partials/cookie_consent.php on line 3
[04-Nov-2022 03:12:58 UTC] PHP Warning:  Undefined property: stdClass::$is_enabled in /opt/lampp/htdocs/test/muhannad1/themes/altum/views/partials/footer.php on line 69
[04-Nov-2022 03:12:58 UTC] PHP Warning:  Undefined property: stdClass::$is_enabled in /opt/lampp/htdocs/test/muhannad1/themes/altum/views/partials/cookie_consent.php on line 3
[04-Nov-2022 03:13:00 UTC] PHP Warning:  Undefined property: stdClass::$is_enabled in /opt/lampp/htdocs/test/muhannad1/themes/altum/views/partials/footer.php on line 69
[04-Nov-2022 03:13:00 UTC] PHP Warning:  Undefined property: stdClass::$is_enabled in /opt/lampp/htdocs/test/muhannad1/themes/altum/views/partials/cookie_consent.php on line 3
[04-Nov-2022 03:13:00 UTC] PHP Warning:  Undefined array key "content" in /opt/lampp/htdocs/test/muhannad1/themes/altum/views/app_wrapper.php on line 64
[04-Nov-2022 03:13:07 UTC] PHP Warning:  Undefined property: stdClass::$is_enabled in /opt/lampp/htdocs/test/muhannad1/themes/altum/views/partials/footer.php on line 69
[04-Nov-2022 03:13:07 UTC] PHP Warning:  Undefined property: stdClass::$is_enabled in /opt/lampp/htdocs/test/muhannad1/themes/altum/views/partials/cookie_consent.php on line 3
[04-Nov-2022 03:15:17 UTC] PHP Warning:  Undefined property: stdClass::$is_enabled in /opt/lampp/htdocs/test/muhannad1/themes/altum/views/partials/footer.php on line 69
[04-Nov-2022 03:15:17 UTC] PHP Warning:  Undefined property: stdClass::$is_enabled in /opt/lampp/htdocs/test/muhannad1/themes/altum/views/partials/cookie_consent.php on line 3
[04-Nov-2022 03:15:17 UTC] PHP Warning:  Undefined array key "content" in /opt/lampp/htdocs/test/muhannad1/themes/altum/views/app_wrapper.php on line 64
[04-Nov-2022 03:23:36 UTC] PHP Warning:  Undefined property: stdClass::$is_enabled in /opt/lampp/htdocs/test/muhannad1/themes/altum/views/partials/footer.php on line 69
[04-Nov-2022 03:23:36 UTC] PHP Warning:  Undefined property: stdClass::$is_enabled in /opt/lampp/htdocs/test/muhannad1/themes/altum/views/partials/cookie_consent.php on line 3
[04-Nov-2022 03:23:36 UTC] PHP Warning:  Undefined array key "content" in /opt/lampp/htdocs/test/muhannad1/themes/altum/views/app_wrapper.php on line 64
[04-Nov-2022 03:23:37 UTC] PHP Warning:  Undefined property: stdClass::$is_enabled in /opt/lampp/htdocs/test/muhannad1/themes/altum/views/partials/footer.php on line 69
[04-Nov-2022 03:23:37 UTC] PHP Warning:  Undefined property: stdClass::$is_enabled in /opt/lampp/htdocs/test/muhannad1/themes/altum/views/partials/cookie_consent.php on line 3
[04-Nov-2022 03:23:37 UTC] PHP Warning:  Undefined array key "content" in /opt/lampp/htdocs/test/muhannad1/themes/altum/views/app_wrapper.php on line 64
[04-Nov-2022 03:23:39 UTC] PHP Warning:  Undefined property: stdClass::$is_enabled in /opt/lampp/htdocs/test/muhannad1/themes/altum/views/partials/footer.php on line 69
[04-Nov-2022 03:23:39 UTC] PHP Warning:  Undefined property: stdClass::$is_enabled in /opt/lampp/htdocs/test/muhannad1/themes/altum/views/partials/cookie_consent.php on line 3
[04-Nov-2022 03:23:39 UTC] PHP Warning:  Undefined array key "content" in /opt/lampp/htdocs/test/muhannad1/themes/altum/views/app_wrapper.php on line 64
[04-Nov-2022 03:24:37 UTC] PHP Warning:  Undefined property: stdClass::$is_enabled in /opt/lampp/htdocs/test/muhannad1/themes/altum/views/partials/footer.php on line 69
[04-Nov-2022 03:24:37 UTC] PHP Warning:  Undefined property: stdClass::$is_enabled in /opt/lampp/htdocs/test/muhannad1/themes/altum/views/partials/cookie_consent.php on line 3
[04-Nov-2022 03:24:37 UTC] PHP Warning:  Undefined array key "content" in /opt/lampp/htdocs/test/muhannad1/themes/altum/views/app_wrapper.php on line 64
[04-Nov-2022 03:24:39 UTC] PHP Warning:  Undefined property: stdClass::$is_enabled in /opt/lampp/htdocs/test/muhannad1/themes/altum/views/partials/footer.php on line 69
[04-Nov-2022 03:24:39 UTC] PHP Warning:  Undefined property: stdClass::$is_enabled in /opt/lampp/htdocs/test/muhannad1/themes/altum/views/partials/cookie_consent.php on line 3
[04-Nov-2022 03:24:39 UTC] PHP Warning:  Undefined array key "content" in /opt/lampp/htdocs/test/muhannad1/themes/altum/views/app_wrapper.php on line 64
[04-Nov-2022 03:24:41 UTC] PHP Warning:  Undefined property: stdClass::$is_enabled in /opt/lampp/htdocs/test/muhannad1/themes/altum/views/partials/footer.php on line 69
[04-Nov-2022 03:24:41 UTC] PHP Warning:  Undefined property: stdClass::$is_enabled in /opt/lampp/htdocs/test/muhannad1/themes/altum/views/partials/cookie_consent.php on line 3
[04-Nov-2022 03:24:41 UTC] PHP Warning:  Undefined array key "content" in /opt/lampp/htdocs/test/muhannad1/themes/altum/views/app_wrapper.php on line 64
[04-Nov-2022 03:25:07 UTC] PHP Warning:  Undefined property: stdClass::$is_enabled in /opt/lampp/htdocs/test/muhannad1/themes/altum/views/partials/footer.php on line 69
[04-Nov-2022 03:25:07 UTC] PHP Warning:  Undefined property: stdClass::$is_enabled in /opt/lampp/htdocs/test/muhannad1/themes/altum/views/partials/cookie_consent.php on line 3
[04-Nov-2022 03:25:07 UTC] PHP Warning:  Undefined array key "content" in /opt/lampp/htdocs/test/muhannad1/themes/altum/views/app_wrapper.php on line 64
[04-Nov-2022 03:25:09 UTC] PHP Warning:  Undefined property: stdClass::$is_enabled in /opt/lampp/htdocs/test/muhannad1/themes/altum/views/partials/footer.php on line 69
[04-Nov-2022 03:25:09 UTC] PHP Warning:  Undefined property: stdClass::$is_enabled in /opt/lampp/htdocs/test/muhannad1/themes/altum/views/partials/cookie_consent.php on line 3
[04-Nov-2022 03:25:09 UTC] PHP Warning:  Undefined array key "content" in /opt/lampp/htdocs/test/muhannad1/themes/altum/views/app_wrapper.php on line 64
[04-Nov-2022 03:25:14 UTC] PHP Warning:  Undefined property: stdClass::$is_enabled in /opt/lampp/htdocs/test/muhannad1/themes/altum/views/partials/footer.php on line 69
[04-Nov-2022 03:25:14 UTC] PHP Warning:  Undefined property: stdClass::$is_enabled in /opt/lampp/htdocs/test/muhannad1/themes/altum/views/partials/cookie_consent.php on line 3
[04-Nov-2022 03:25:14 UTC] PHP Warning:  Undefined array key "content" in /opt/lampp/htdocs/test/muhannad1/themes/altum/views/app_wrapper.php on line 64
[04-Nov-2022 03:25:24 UTC] PHP Warning:  Undefined property: stdClass::$is_enabled in /opt/lampp/htdocs/test/muhannad1/themes/altum/views/partials/footer.php on line 69
[04-Nov-2022 03:25:24 UTC] PHP Warning:  Undefined property: stdClass::$is_enabled in /opt/lampp/htdocs/test/muhannad1/themes/altum/views/partials/cookie_consent.php on line 3
[04-Nov-2022 03:25:24 UTC] PHP Warning:  Undefined array key "content" in /opt/lampp/htdocs/test/muhannad1/themes/altum/views/app_wrapper.php on line 64
[04-Nov-2022 03:25:59 UTC] PHP Warning:  Undefined variable $data in /opt/lampp/htdocs/test/muhannad1/app/controllers/Client.php on line 40
[04-Nov-2022 03:25:59 UTC] PHP Warning:  Undefined property: stdClass::$is_enabled in /opt/lampp/htdocs/test/muhannad1/themes/altum/views/partials/footer.php on line 69
[04-Nov-2022 03:25:59 UTC] PHP Warning:  Undefined property: stdClass::$is_enabled in /opt/lampp/htdocs/test/muhannad1/themes/altum/views/partials/cookie_consent.php on line 3
[04-Nov-2022 03:26:15 UTC] PHP Warning:  Undefined property: stdClass::$is_enabled in /opt/lampp/htdocs/test/muhannad1/themes/altum/views/partials/footer.php on line 69
[04-Nov-2022 03:26:15 UTC] PHP Warning:  Undefined property: stdClass::$is_enabled in /opt/lampp/htdocs/test/muhannad1/themes/altum/views/partials/cookie_consent.php on line 3
[04-Nov-2022 03:26:15 UTC] PHP Warning:  Undefined array key "content" in /opt/lampp/htdocs/test/muhannad1/themes/altum/views/app_wrapper.php on line 64
[04-Nov-2022 03:27:38 UTC] PHP Warning:  Undefined property: stdClass::$is_enabled in /opt/lampp/htdocs/test/muhannad1/themes/altum/views/partials/footer.php on line 69
[04-Nov-2022 03:27:38 UTC] PHP Warning:  Undefined property: stdClass::$is_enabled in /opt/lampp/htdocs/test/muhannad1/themes/altum/views/partials/cookie_consent.php on line 3
[04-Nov-2022 03:27:59 UTC] PHP Warning:  Undefined property: stdClass::$is_enabled in /opt/lampp/htdocs/test/muhannad1/themes/altum/views/partials/footer.php on line 69
[04-Nov-2022 03:27:59 UTC] PHP Warning:  Undefined property: stdClass::$is_enabled in /opt/lampp/htdocs/test/muhannad1/themes/altum/views/partials/cookie_consent.php on line 3
[04-Nov-2022 03:28:33 UTC] PHP Warning:  Undefined property: stdClass::$is_enabled in /opt/lampp/htdocs/test/muhannad1/themes/altum/views/partials/footer.php on line 69
[04-Nov-2022 03:28:33 UTC] PHP Warning:  Undefined property: stdClass::$is_enabled in /opt/lampp/htdocs/test/muhannad1/themes/altum/views/partials/cookie_consent.php on line 3
[04-Nov-2022 03:31:16 UTC] PHP Warning:  Undefined property: stdClass::$is_enabled in /opt/lampp/htdocs/test/muhannad1/themes/altum/views/partials/footer.php on line 69
[04-Nov-2022 03:31:16 UTC] PHP Warning:  Undefined property: stdClass::$is_enabled in /opt/lampp/htdocs/test/muhannad1/themes/altum/views/partials/cookie_consent.php on line 3
[04-Nov-2022 03:32:05 UTC] PHP Warning:  Undefined property: stdClass::$is_enabled in /opt/lampp/htdocs/test/muhannad1/themes/altum/views/partials/footer.php on line 69
[04-Nov-2022 03:32:05 UTC] PHP Warning:  Undefined property: stdClass::$is_enabled in /opt/lampp/htdocs/test/muhannad1/themes/altum/views/partials/cookie_consent.php on line 3
[04-Nov-2022 03:32:09 UTC] PHP Warning:  Undefined property: stdClass::$is_enabled in /opt/lampp/htdocs/test/muhannad1/themes/altum/views/partials/footer.php on line 69
[04-Nov-2022 03:32:09 UTC] PHP Warning:  Undefined property: stdClass::$is_enabled in /opt/lampp/htdocs/test/muhannad1/themes/altum/views/partials/cookie_consent.php on line 3
[04-Nov-2022 03:32:12 UTC] PHP Warning:  Undefined property: stdClass::$is_enabled in /opt/lampp/htdocs/test/muhannad1/themes/altum/views/partials/footer.php on line 69
[04-Nov-2022 03:32:12 UTC] PHP Warning:  Undefined property: stdClass::$is_enabled in /opt/lampp/htdocs/test/muhannad1/themes/altum/views/partials/cookie_consent.php on line 3
[04-Nov-2022 03:32:24 UTC] PHP Warning:  Undefined property: stdClass::$is_enabled in /opt/lampp/htdocs/test/muhannad1/themes/altum/views/partials/footer.php on line 69
[04-Nov-2022 03:32:24 UTC] PHP Warning:  Undefined property: stdClass::$is_enabled in /opt/lampp/htdocs/test/muhannad1/themes/altum/views/partials/cookie_consent.php on line 3
[04-Nov-2022 03:33:13 UTC] PHP Warning:  Undefined property: stdClass::$is_enabled in /opt/lampp/htdocs/test/muhannad1/themes/altum/views/partials/footer.php on line 69
[04-Nov-2022 03:33:13 UTC] PHP Warning:  Undefined property: stdClass::$is_enabled in /opt/lampp/htdocs/test/muhannad1/themes/altum/views/partials/cookie_consent.php on line 3
[04-Nov-2022 03:33:57 UTC] PHP Warning:  Undefined property: stdClass::$is_enabled in /opt/lampp/htdocs/test/muhannad1/themes/altum/views/partials/footer.php on line 69
[04-Nov-2022 03:33:57 UTC] PHP Warning:  Undefined property: stdClass::$is_enabled in /opt/lampp/htdocs/test/muhannad1/themes/altum/views/partials/cookie_consent.php on line 3
[04-Nov-2022 03:35:04 UTC] PHP Warning:  Undefined property: stdClass::$is_enabled in /opt/lampp/htdocs/test/muhannad1/themes/altum/views/partials/footer.php on line 69
[04-Nov-2022 03:35:04 UTC] PHP Warning:  Undefined property: stdClass::$is_enabled in /opt/lampp/htdocs/test/muhannad1/themes/altum/views/partials/cookie_consent.php on line 3
[04-Nov-2022 03:35:06 UTC] PHP Warning:  Undefined property: stdClass::$is_enabled in /opt/lampp/htdocs/test/muhannad1/themes/altum/views/partials/footer.php on line 69
[04-Nov-2022 03:35:06 UTC] PHP Warning:  Undefined property: stdClass::$is_enabled in /opt/lampp/htdocs/test/muhannad1/themes/altum/views/partials/cookie_consent.php on line 3
[04-Nov-2022 03:35:14 UTC] PHP Warning:  Undefined property: stdClass::$is_enabled in /opt/lampp/htdocs/test/muhannad1/themes/altum/views/partials/footer.php on line 69
[04-Nov-2022 03:35:14 UTC] PHP Warning:  Undefined property: stdClass::$is_enabled in /opt/lampp/htdocs/test/muhannad1/themes/altum/views/partials/cookie_consent.php on line 3
[04-Nov-2022 03:35:23 UTC] PHP Warning:  Undefined property: stdClass::$is_enabled in /opt/lampp/htdocs/test/muhannad1/themes/altum/views/partials/footer.php on line 69
[04-Nov-2022 03:35:23 UTC] PHP Warning:  Undefined property: stdClass::$is_enabled in /opt/lampp/htdocs/test/muhannad1/themes/altum/views/partials/cookie_consent.php on line 3
[04-Nov-2022 03:35:42 UTC] PHP Warning:  Undefined property: stdClass::$is_enabled in /opt/lampp/htdocs/test/muhannad1/themes/altum/views/partials/footer.php on line 69
[04-Nov-2022 03:35:42 UTC] PHP Warning:  Undefined property: stdClass::$is_enabled in /opt/lampp/htdocs/test/muhannad1/themes/altum/views/partials/cookie_consent.php on line 3
[04-Nov-2022 03:36:54 UTC] PHP Warning:  Undefined property: stdClass::$is_enabled in /opt/lampp/htdocs/test/muhannad1/themes/altum/views/partials/footer.php on line 69
[04-Nov-2022 03:36:54 UTC] PHP Warning:  Undefined property: stdClass::$is_enabled in /opt/lampp/htdocs/test/muhannad1/themes/altum/views/partials/cookie_consent.php on line 3
[04-Nov-2022 03:37:43 UTC] PHP Warning:  Undefined property: stdClass::$is_enabled in /opt/lampp/htdocs/test/muhannad1/themes/altum/views/partials/footer.php on line 69
[04-Nov-2022 03:37:43 UTC] PHP Warning:  Undefined property: stdClass::$is_enabled in /opt/lampp/htdocs/test/muhannad1/themes/altum/views/partials/cookie_consent.php on line 3
[04-Nov-2022 03:39:56 UTC] PHP Warning:  Undefined property: stdClass::$is_enabled in /opt/lampp/htdocs/test/muhannad1/themes/altum/views/partials/footer.php on line 69
[04-Nov-2022 03:39:56 UTC] PHP Warning:  Undefined property: stdClass::$is_enabled in /opt/lampp/htdocs/test/muhannad1/themes/altum/views/partials/cookie_consent.php on line 3
[04-Nov-2022 03:45:10 UTC] PHP Warning:  Undefined property: stdClass::$is_enabled in /opt/lampp/htdocs/test/muhannad1/themes/altum/views/partials/footer.php on line 69
[04-Nov-2022 03:45:10 UTC] PHP Warning:  Undefined property: stdClass::$is_enabled in /opt/lampp/htdocs/test/muhannad1/themes/altum/views/partials/cookie_consent.php on line 3
[04-Nov-2022 03:47:17 UTC] PHP Warning:  Undefined property: stdClass::$is_enabled in /opt/lampp/htdocs/test/muhannad1/themes/altum/views/partials/footer.php on line 69
[04-Nov-2022 03:47:17 UTC] PHP Warning:  Undefined property: stdClass::$is_enabled in /opt/lampp/htdocs/test/muhannad1/themes/altum/views/partials/cookie_consent.php on line 3
[04-Nov-2022 03:47:21 UTC] PHP Warning:  Undefined property: stdClass::$is_enabled in /opt/lampp/htdocs/test/muhannad1/themes/altum/views/partials/footer.php on line 69
[04-Nov-2022 03:47:21 UTC] PHP Warning:  Undefined property: stdClass::$is_enabled in /opt/lampp/htdocs/test/muhannad1/themes/altum/views/partials/cookie_consent.php on line 3
[04-Nov-2022 03:47:24 UTC] PHP Warning:  Undefined property: stdClass::$is_enabled in /opt/lampp/htdocs/test/muhannad1/themes/altum/views/partials/footer.php on line 69
[04-Nov-2022 03:47:24 UTC] PHP Warning:  Undefined property: stdClass::$is_enabled in /opt/lampp/htdocs/test/muhannad1/themes/altum/views/partials/cookie_consent.php on line 3
[04-Nov-2022 03:47:31 UTC] PHP Warning:  Undefined property: stdClass::$is_enabled in /opt/lampp/htdocs/test/muhannad1/themes/altum/views/partials/footer.php on line 69
[04-Nov-2022 03:47:31 UTC] PHP Warning:  Undefined property: stdClass::$is_enabled in /opt/lampp/htdocs/test/muhannad1/themes/altum/views/partials/cookie_consent.php on line 3
[04-Nov-2022 03:48:41 UTC] PHP Warning:  Undefined property: stdClass::$values in /opt/lampp/htdocs/test/muhannad1/themes/altum/views/client/index.php on line 29
[04-Nov-2022 03:48:41 UTC] PHP Warning:  Trying to access array offset on value of type null in /opt/lampp/htdocs/test/muhannad1/themes/altum/views/client/index.php on line 29
[04-Nov-2022 03:48:41 UTC] PHP Warning:  Undefined property: stdClass::$values in /opt/lampp/htdocs/test/muhannad1/themes/altum/views/client/index.php on line 35
[04-Nov-2022 03:48:41 UTC] PHP Warning:  Trying to access array offset on value of type null in /opt/lampp/htdocs/test/muhannad1/themes/altum/views/client/index.php on line 35
[04-Nov-2022 03:48:41 UTC] PHP Warning:  Undefined property: stdClass::$values in /opt/lampp/htdocs/test/muhannad1/themes/altum/views/client/index.php on line 41
[04-Nov-2022 03:48:41 UTC] PHP Warning:  Trying to access array offset on value of type null in /opt/lampp/htdocs/test/muhannad1/themes/altum/views/client/index.php on line 41
[04-Nov-2022 03:48:41 UTC] PHP Warning:  Undefined property: stdClass::$values in /opt/lampp/htdocs/test/muhannad1/themes/altum/views/client/index.php on line 47
[04-Nov-2022 03:48:41 UTC] PHP Warning:  Trying to access array offset on value of type null in /opt/lampp/htdocs/test/muhannad1/themes/altum/views/client/index.php on line 47
[04-Nov-2022 03:48:41 UTC] PHP Warning:  Undefined property: stdClass::$is_enabled in /opt/lampp/htdocs/test/muhannad1/themes/altum/views/partials/footer.php on line 69
[04-Nov-2022 03:48:41 UTC] PHP Warning:  Undefined property: stdClass::$is_enabled in /opt/lampp/htdocs/test/muhannad1/themes/altum/views/partials/cookie_consent.php on line 3
[04-Nov-2022 03:54:00 UTC] PHP Warning:  Undefined property: stdClass::$blog_posts in /opt/lampp/htdocs/test/muhannad1/themes/altum/views/client/index.php on line 41
[04-Nov-2022 03:54:00 UTC] PHP Warning:  foreach() argument must be of type array|object, null given in /opt/lampp/htdocs/test/muhannad1/themes/altum/views/client/index.php on line 41
[04-Nov-2022 03:54:00 UTC] PHP Warning:  Undefined property: stdClass::$is_enabled in /opt/lampp/htdocs/test/muhannad1/themes/altum/views/partials/footer.php on line 69
[04-Nov-2022 03:54:00 UTC] PHP Warning:  Undefined property: stdClass::$is_enabled in /opt/lampp/htdocs/test/muhannad1/themes/altum/views/partials/cookie_consent.php on line 3
[04-Nov-2022 03:54:19 UTC] PHP Warning:  Undefined property: stdClass::$is_enabled in /opt/lampp/htdocs/test/muhannad1/themes/altum/views/partials/footer.php on line 69
[04-Nov-2022 03:54:19 UTC] PHP Warning:  Undefined property: stdClass::$is_enabled in /opt/lampp/htdocs/test/muhannad1/themes/altum/views/partials/cookie_consent.php on line 3
[04-Nov-2022 03:54:47 UTC] PHP Warning:  Undefined property: stdClass::$is_enabled in /opt/lampp/htdocs/test/muhannad1/themes/altum/views/partials/footer.php on line 69
[04-Nov-2022 03:54:47 UTC] PHP Warning:  Undefined property: stdClass::$is_enabled in /opt/lampp/htdocs/test/muhannad1/themes/altum/views/partials/cookie_consent.php on line 3
[04-Nov-2022 03:54:53 UTC] PHP Warning:  Undefined property: stdClass::$is_enabled in /opt/lampp/htdocs/test/muhannad1/themes/altum/views/partials/footer.php on line 69
[04-Nov-2022 03:54:53 UTC] PHP Warning:  Undefined property: stdClass::$is_enabled in /opt/lampp/htdocs/test/muhannad1/themes/altum/views/partials/cookie_consent.php on line 3
[04-Nov-2022 03:55:08 UTC] PHP Warning:  Undefined property: stdClass::$is_enabled in /opt/lampp/htdocs/test/muhannad1/themes/altum/views/partials/footer.php on line 69
[04-Nov-2022 03:55:08 UTC] PHP Warning:  Undefined property: stdClass::$is_enabled in /opt/lampp/htdocs/test/muhannad1/themes/altum/views/partials/cookie_consent.php on line 3
[04-Nov-2022 03:55:11 UTC] PHP Warning:  Undefined property: stdClass::$is_enabled in /opt/lampp/htdocs/test/muhannad1/themes/altum/views/partials/footer.php on line 69
[04-Nov-2022 03:55:11 UTC] PHP Warning:  Undefined property: stdClass::$is_enabled in /opt/lampp/htdocs/test/muhannad1/themes/altum/views/partials/cookie_consent.php on line 3
[04-Nov-2022 03:55:14 UTC] PHP Warning:  Undefined property: stdClass::$is_enabled in /opt/lampp/htdocs/test/muhannad1/themes/altum/views/partials/footer.php on line 69
[04-Nov-2022 03:55:14 UTC] PHP Warning:  Undefined property: stdClass::$is_enabled in /opt/lampp/htdocs/test/muhannad1/themes/altum/views/partials/cookie_consent.php on line 3
[04-Nov-2022 19:01:09 UTC] PHP Warning:  Undefined property: stdClass::$is_enabled in /opt/lampp/htdocs/test/muhannad1/themes/altum/views/partials/cookie_consent.php on line 3
[04-Nov-2022 19:01:15 UTC] PHP Warning:  Undefined property: stdClass::$is_enabled in /opt/lampp/htdocs/test/muhannad1/themes/altum/views/partials/footer.php on line 69
[04-Nov-2022 19:01:15 UTC] PHP Warning:  Undefined property: stdClass::$is_enabled in /opt/lampp/htdocs/test/muhannad1/themes/altum/views/partials/cookie_consent.php on line 3
[04-Nov-2022 19:01:15 UTC] PHP Warning:  Undefined property: stdClass::$is_enabled in /opt/lampp/htdocs/test/muhannad1/themes/altum/views/partials/footer.php on line 69
[04-Nov-2022 19:01:15 UTC] PHP Warning:  Undefined property: stdClass::$is_enabled in /opt/lampp/htdocs/test/muhannad1/themes/altum/views/partials/cookie_consent.php on line 3
[04-Nov-2022 19:01:19 UTC] PHP Warning:  Undefined property: stdClass::$is_enabled in /opt/lampp/htdocs/test/muhannad1/themes/altum/views/partials/cookie_consent.php on line 3
[04-Nov-2022 19:01:23 UTC] PHP Warning:  Undefined property: stdClass::$is_enabled in /opt/lampp/htdocs/test/muhannad1/themes/altum/views/partials/footer.php on line 69
[04-Nov-2022 19:01:23 UTC] PHP Warning:  Undefined property: stdClass::$is_enabled in /opt/lampp/htdocs/test/muhannad1/themes/altum/views/partials/cookie_consent.php on line 3
[04-Nov-2022 19:01:26 UTC] PHP Warning:  Undefined property: stdClass::$is_enabled in /opt/lampp/htdocs/test/muhannad1/themes/altum/views/partials/footer.php on line 69
[04-Nov-2022 19:01:26 UTC] PHP Warning:  Undefined property: stdClass::$is_enabled in /opt/lampp/htdocs/test/muhannad1/themes/altum/views/partials/cookie_consent.php on line 3
[04-Nov-2022 19:13:11 UTC] PHP Warning:  Undefined property: stdClass::$is_enabled in /opt/lampp/htdocs/test/muhannad1/themes/altum/views/partials/footer.php on line 69
[04-Nov-2022 19:13:11 UTC] PHP Warning:  Undefined property: stdClass::$is_enabled in /opt/lampp/htdocs/test/muhannad1/themes/altum/views/partials/cookie_consent.php on line 3
[04-Nov-2022 19:15:15 UTC] PHP Warning:  Undefined property: stdClass::$is_enabled in /opt/lampp/htdocs/test/muhannad1/themes/altum/views/partials/footer.php on line 69
[04-Nov-2022 19:15:15 UTC] PHP Warning:  Undefined property: stdClass::$is_enabled in /opt/lampp/htdocs/test/muhannad1/themes/altum/views/partials/cookie_consent.php on line 3
[04-Nov-2022 19:16:01 UTC] PHP Warning:  Undefined property: stdClass::$is_enabled in /opt/lampp/htdocs/test/muhannad1/themes/altum/views/partials/footer.php on line 69
[04-Nov-2022 19:16:01 UTC] PHP Warning:  Undefined property: stdClass::$is_enabled in /opt/lampp/htdocs/test/muhannad1/themes/altum/views/partials/cookie_consent.php on line 3
[04-Nov-2022 19:18:41 UTC] PHP Warning:  Undefined property: stdClass::$is_enabled in /opt/lampp/htdocs/test/muhannad1/themes/altum/views/partials/footer.php on line 69
[04-Nov-2022 19:18:41 UTC] PHP Warning:  Undefined property: stdClass::$is_enabled in /opt/lampp/htdocs/test/muhannad1/themes/altum/views/partials/cookie_consent.php on line 3
[04-Nov-2022 21:32:35 UTC] PHP Warning:  Undefined property: stdClass::$is_enabled in /opt/lampp/htdocs/test/muhannad1/themes/altum/views/partials/footer.php on line 69
[04-Nov-2022 21:32:35 UTC] PHP Warning:  Undefined property: stdClass::$is_enabled in /opt/lampp/htdocs/test/muhannad1/themes/altum/views/partials/cookie_consent.php on line 3
[04-Nov-2022 21:35:20 UTC] PHP Warning:  Undefined property: stdClass::$is_enabled in /opt/lampp/htdocs/test/muhannad1/themes/altum/views/partials/footer.php on line 69
[04-Nov-2022 21:35:20 UTC] PHP Warning:  Undefined property: stdClass::$is_enabled in /opt/lampp/htdocs/test/muhannad1/themes/altum/views/partials/cookie_consent.php on line 3
[04-Nov-2022 21:35:22 UTC] PHP Warning:  Undefined property: stdClass::$is_enabled in /opt/lampp/htdocs/test/muhannad1/themes/altum/views/partials/footer.php on line 69
[04-Nov-2022 21:35:22 UTC] PHP Warning:  Undefined property: stdClass::$is_enabled in /opt/lampp/htdocs/test/muhannad1/themes/altum/views/partials/cookie_consent.php on line 3
[04-Nov-2022 21:35:39 UTC] PHP Warning:  Undefined property: stdClass::$is_enabled in /opt/lampp/htdocs/test/muhannad1/themes/altum/views/partials/footer.php on line 69
[04-Nov-2022 21:35:39 UTC] PHP Warning:  Undefined property: stdClass::$is_enabled in /opt/lampp/htdocs/test/muhannad1/themes/altum/views/partials/cookie_consent.php on line 3
[04-Nov-2022 21:38:48 UTC] PHP Warning:  Undefined property: stdClass::$is_enabled in /opt/lampp/htdocs/test/muhannad1/themes/altum/views/partials/footer.php on line 69
[04-Nov-2022 21:38:48 UTC] PHP Warning:  Undefined property: stdClass::$is_enabled in /opt/lampp/htdocs/test/muhannad1/themes/altum/views/partials/cookie_consent.php on line 3
[04-Nov-2022 21:39:25 UTC] PHP Warning:  Undefined property: stdClass::$is_enabled in /opt/lampp/htdocs/test/muhannad1/themes/altum/views/partials/footer.php on line 69
[04-Nov-2022 21:39:25 UTC] PHP Warning:  Undefined property: stdClass::$is_enabled in /opt/lampp/htdocs/test/muhannad1/themes/altum/views/partials/cookie_consent.php on line 3
[04-Nov-2022 21:39:27 UTC] PHP Warning:  Undefined property: stdClass::$is_enabled in /opt/lampp/htdocs/test/muhannad1/themes/altum/views/partials/footer.php on line 69
[04-Nov-2022 21:39:27 UTC] PHP Warning:  Undefined property: stdClass::$is_enabled in /opt/lampp/htdocs/test/muhannad1/themes/altum/views/partials/cookie_consent.php on line 3
[04-Nov-2022 21:39:38 UTC] PHP Warning:  Undefined property: stdClass::$is_enabled in /opt/lampp/htdocs/test/muhannad1/themes/altum/views/partials/footer.php on line 69
[04-Nov-2022 21:39:38 UTC] PHP Warning:  Undefined property: stdClass::$is_enabled in /opt/lampp/htdocs/test/muhannad1/themes/altum/views/partials/cookie_consent.php on line 3
[04-Nov-2022 21:43:14 UTC] PHP Warning:  Undefined property: stdClass::$is_enabled in /opt/lampp/htdocs/test/muhannad1/themes/altum/views/partials/footer.php on line 69
[04-Nov-2022 21:43:14 UTC] PHP Warning:  Undefined property: stdClass::$is_enabled in /opt/lampp/htdocs/test/muhannad1/themes/altum/views/partials/cookie_consent.php on line 3
[04-Nov-2022 21:43:24 UTC] PHP Warning:  Attempt to read property "user_id" on null in /opt/lampp/htdocs/test/muhannad1/app/models/Domain.php on line 20
[04-Nov-2022 21:43:24 UTC] PHP Warning:  Attempt to read property "plan_settings" on null in /opt/lampp/htdocs/test/muhannad1/app/models/Domain.php on line 26
[04-Nov-2022 21:43:24 UTC] PHP Warning:  Attempt to read property "additional_domains_is_enabled" on null in /opt/lampp/htdocs/test/muhannad1/app/models/Domain.php on line 26
[04-Nov-2022 21:43:24 UTC] PHP Warning:  Attempt to read property "user_id" on null in /opt/lampp/htdocs/test/muhannad1/app/models/Domain.php on line 29
[04-Nov-2022 21:43:24 UTC] PHP Fatal error:  Uncaught mysqli_sql_exception: You have an error in your SQL syntax; check the manual that corresponds to your MariaDB server version for the right syntax to use near 'AND `is_enabled` = 1' at line 6 in /opt/lampp/htdocs/test/muhannad1/app/models/Domain.php:49
Stack trace:
#0 /opt/lampp/htdocs/test/muhannad1/app/models/Domain.php(49): mysqli->query('\n              ...')
#1 /opt/lampp/htdocs/test/muhannad1/app/controllers/Client.php(19): Altum\Models\Domain->get_available_domains_by_user(NULL, false)
#2 [internal function]: Altum\Controllers\Client->index()
#3 /opt/lampp/htdocs/test/muhannad1/app/core/App.php(181): call_user_func_array(Array, Array)
#4 /opt/lampp/htdocs/test/muhannad1/index.php(21): Altum\App->__construct()
#5 {main}
  thrown in /opt/lampp/htdocs/test/muhannad1/app/models/Domain.php on line 49
[04-Nov-2022 21:43:24 UTC] PHP Warning:  Attempt to read property "user_id" on null in /opt/lampp/htdocs/test/muhannad1/app/models/Domain.php on line 20
[04-Nov-2022 21:43:24 UTC] PHP Warning:  Attempt to read property "plan_settings" on null in /opt/lampp/htdocs/test/muhannad1/app/models/Domain.php on line 26
[04-Nov-2022 21:43:24 UTC] PHP Warning:  Attempt to read property "additional_domains_is_enabled" on null in /opt/lampp/htdocs/test/muhannad1/app/models/Domain.php on line 26
[04-Nov-2022 21:43:24 UTC] PHP Warning:  Attempt to read property "user_id" on null in /opt/lampp/htdocs/test/muhannad1/app/models/Domain.php on line 29
[04-Nov-2022 21:43:24 UTC] PHP Fatal error:  Uncaught mysqli_sql_exception: You have an error in your SQL syntax; check the manual that corresponds to your MariaDB server version for the right syntax to use near 'AND `is_enabled` = 1' at line 6 in /opt/lampp/htdocs/test/muhannad1/app/models/Domain.php:49
Stack trace:
#0 /opt/lampp/htdocs/test/muhannad1/app/models/Domain.php(49): mysqli->query('\n              ...')
#1 /opt/lampp/htdocs/test/muhannad1/app/controllers/Client.php(19): Altum\Models\Domain->get_available_domains_by_user(NULL, false)
#2 [internal function]: Altum\Controllers\Client->index()
#3 /opt/lampp/htdocs/test/muhannad1/app/core/App.php(181): call_user_func_array(Array, Array)
#4 /opt/lampp/htdocs/test/muhannad1/index.php(21): Altum\App->__construct()
#5 {main}
  thrown in /opt/lampp/htdocs/test/muhannad1/app/models/Domain.php on line 49
[04-Nov-2022 21:44:35 UTC] PHP Warning:  Undefined property: stdClass::$is_enabled in /opt/lampp/htdocs/test/muhannad1/themes/altum/views/partials/footer.php on line 69
[04-Nov-2022 21:44:35 UTC] PHP Warning:  Undefined property: stdClass::$is_enabled in /opt/lampp/htdocs/test/muhannad1/themes/altum/views/partials/cookie_consent.php on line 3
[04-Nov-2022 21:45:45 UTC] PHP Warning:  Undefined property: stdClass::$is_enabled in /opt/lampp/htdocs/test/muhannad1/themes/altum/views/partials/footer.php on line 69
[04-Nov-2022 21:45:45 UTC] PHP Warning:  Undefined property: stdClass::$is_enabled in /opt/lampp/htdocs/test/muhannad1/themes/altum/views/partials/cookie_consent.php on line 3
[04-Nov-2022 21:47:40 UTC] PHP Warning:  Undefined property: stdClass::$is_enabled in /opt/lampp/htdocs/test/muhannad1/themes/altum/views/partials/footer.php on line 69
[04-Nov-2022 21:47:40 UTC] PHP Warning:  Undefined property: stdClass::$is_enabled in /opt/lampp/htdocs/test/muhannad1/themes/altum/views/partials/cookie_consent.php on line 3
[04-Nov-2022 21:48:29 UTC] PHP Warning:  Undefined property: stdClass::$is_enabled in /opt/lampp/htdocs/test/muhannad1/themes/altum/views/partials/footer.php on line 69
[04-Nov-2022 21:48:29 UTC] PHP Warning:  Undefined property: stdClass::$is_enabled in /opt/lampp/htdocs/test/muhannad1/themes/altum/views/partials/cookie_consent.php on line 3
[04-Nov-2022 21:49:04 UTC] PHP Warning:  Undefined property: stdClass::$is_enabled in /opt/lampp/htdocs/test/muhannad1/themes/altum/views/partials/footer.php on line 69
[04-Nov-2022 21:49:04 UTC] PHP Warning:  Undefined property: stdClass::$is_enabled in /opt/lampp/htdocs/test/muhannad1/themes/altum/views/partials/cookie_consent.php on line 3
[04-Nov-2022 21:50:25 UTC] PHP Warning:  Undefined property: stdClass::$is_enabled in /opt/lampp/htdocs/test/muhannad1/themes/altum/views/partials/footer.php on line 69
[04-Nov-2022 21:50:25 UTC] PHP Warning:  Undefined property: stdClass::$is_enabled in /opt/lampp/htdocs/test/muhannad1/themes/altum/views/partials/cookie_consent.php on line 3
[04-Nov-2022 21:50:29 UTC] PHP Warning:  Undefined property: stdClass::$is_enabled in /opt/lampp/htdocs/test/muhannad1/themes/altum/views/partials/footer.php on line 69
[04-Nov-2022 21:50:29 UTC] PHP Warning:  Undefined property: stdClass::$is_enabled in /opt/lampp/htdocs/test/muhannad1/themes/altum/views/partials/cookie_consent.php on line 3
[04-Nov-2022 21:50:59 UTC] PHP Warning:  Undefined property: stdClass::$is_enabled in /opt/lampp/htdocs/test/muhannad1/themes/altum/views/partials/footer.php on line 69
[04-Nov-2022 21:50:59 UTC] PHP Warning:  Undefined property: stdClass::$is_enabled in /opt/lampp/htdocs/test/muhannad1/themes/altum/views/partials/cookie_consent.php on line 3
[04-Nov-2022 21:51:07 UTC] PHP Warning:  Undefined property: stdClass::$is_enabled in /opt/lampp/htdocs/test/muhannad1/themes/altum/views/partials/footer.php on line 69
[04-Nov-2022 21:51:07 UTC] PHP Warning:  Undefined property: stdClass::$is_enabled in /opt/lampp/htdocs/test/muhannad1/themes/altum/views/partials/cookie_consent.php on line 3
[04-Nov-2022 21:51:10 UTC] PHP Warning:  Undefined property: stdClass::$is_enabled in /opt/lampp/htdocs/test/muhannad1/themes/altum/views/partials/footer.php on line 69
[04-Nov-2022 21:51:10 UTC] PHP Warning:  Undefined property: stdClass::$is_enabled in /opt/lampp/htdocs/test/muhannad1/themes/altum/views/partials/cookie_consent.php on line 3
[04-Nov-2022 21:51:14 UTC] PHP Warning:  Undefined property: stdClass::$is_enabled in /opt/lampp/htdocs/test/muhannad1/themes/altum/views/partials/footer.php on line 69
[04-Nov-2022 21:51:14 UTC] PHP Warning:  Undefined property: stdClass::$is_enabled in /opt/lampp/htdocs/test/muhannad1/themes/altum/views/partials/cookie_consent.php on line 3
[04-Nov-2022 21:51:49 UTC] PHP Warning:  Undefined property: stdClass::$is_enabled in /opt/lampp/htdocs/test/muhannad1/themes/altum/views/partials/footer.php on line 69
[04-Nov-2022 21:51:49 UTC] PHP Warning:  Undefined property: stdClass::$is_enabled in /opt/lampp/htdocs/test/muhannad1/themes/altum/views/partials/cookie_consent.php on line 3
[04-Nov-2022 21:52:07 UTC] PHP Warning:  Undefined property: stdClass::$is_enabled in /opt/lampp/htdocs/test/muhannad1/themes/altum/views/partials/footer.php on line 69
[04-Nov-2022 21:52:07 UTC] PHP Warning:  Undefined property: stdClass::$is_enabled in /opt/lampp/htdocs/test/muhannad1/themes/altum/views/partials/cookie_consent.php on line 3
[04-Nov-2022 21:52:18 UTC] PHP Warning:  Undefined property: stdClass::$is_enabled in /opt/lampp/htdocs/test/muhannad1/themes/altum/views/partials/footer.php on line 69
[04-Nov-2022 21:52:18 UTC] PHP Warning:  Undefined property: stdClass::$is_enabled in /opt/lampp/htdocs/test/muhannad1/themes/altum/views/partials/cookie_consent.php on line 3
[04-Nov-2022 21:56:30 UTC] PHP Warning:  Undefined property: stdClass::$is_enabled in /opt/lampp/htdocs/test/muhannad1/themes/altum/views/partials/footer.php on line 69
[04-Nov-2022 21:56:30 UTC] PHP Warning:  Undefined property: stdClass::$is_enabled in /opt/lampp/htdocs/test/muhannad1/themes/altum/views/partials/cookie_consent.php on line 3
[04-Nov-2022 21:56:58 UTC] PHP Warning:  Undefined property: stdClass::$is_enabled in /opt/lampp/htdocs/test/muhannad1/themes/altum/views/partials/footer.php on line 69
[04-Nov-2022 21:56:58 UTC] PHP Warning:  Undefined property: stdClass::$is_enabled in /opt/lampp/htdocs/test/muhannad1/themes/altum/views/partials/cookie_consent.php on line 3
[04-Nov-2022 21:57:02 UTC] PHP Warning:  Undefined property: stdClass::$is_enabled in /opt/lampp/htdocs/test/muhannad1/themes/altum/views/partials/cookie_consent.php on line 3
[04-Nov-2022 21:57:04 UTC] PHP Warning:  Undefined property: stdClass::$is_enabled in /opt/lampp/htdocs/test/muhannad1/themes/altum/views/partials/cookie_consent.php on line 3
[04-Nov-2022 21:57:06 UTC] PHP Warning:  Undefined property: stdClass::$is_enabled in /opt/lampp/htdocs/test/muhannad1/themes/altum/views/partials/cookie_consent.php on line 3
[04-Nov-2022 21:57:08 UTC] PHP Warning:  Undefined property: stdClass::$is_enabled in /opt/lampp/htdocs/test/muhannad1/themes/altum/views/partials/cookie_consent.php on line 3
[04-Nov-2022 21:57:32 UTC] PHP Warning:  Undefined property: stdClass::$is_enabled in /opt/lampp/htdocs/test/muhannad1/themes/altum/views/partials/cookie_consent.php on line 3
[04-Nov-2022 21:57:42 UTC] PHP Warning:  Undefined property: stdClass::$is_enabled in /opt/lampp/htdocs/test/muhannad1/themes/altum/views/partials/footer.php on line 69
[04-Nov-2022 21:57:42 UTC] PHP Warning:  Undefined property: stdClass::$is_enabled in /opt/lampp/htdocs/test/muhannad1/themes/altum/views/partials/cookie_consent.php on line 3
[04-Nov-2022 21:58:35 UTC] PHP Warning:  Undefined property: stdClass::$is_enabled in /opt/lampp/htdocs/test/muhannad1/themes/altum/views/partials/footer.php on line 69
[04-Nov-2022 21:58:35 UTC] PHP Warning:  Undefined property: stdClass::$is_enabled in /opt/lampp/htdocs/test/muhannad1/themes/altum/views/partials/cookie_consent.php on line 3
[04-Nov-2022 21:59:18 UTC] PHP Warning:  Undefined property: stdClass::$is_enabled in /opt/lampp/htdocs/test/muhannad1/themes/altum/views/partials/footer.php on line 69
[04-Nov-2022 21:59:18 UTC] PHP Warning:  Undefined property: stdClass::$is_enabled in /opt/lampp/htdocs/test/muhannad1/themes/altum/views/partials/cookie_consent.php on line 3
[04-Nov-2022 22:17:51 UTC] PHP Warning:  Undefined property: stdClass::$is_enabled in /opt/lampp/htdocs/test/muhannad1/themes/altum/views/partials/footer.php on line 69
[04-Nov-2022 22:17:51 UTC] PHP Warning:  Undefined property: stdClass::$is_enabled in /opt/lampp/htdocs/test/muhannad1/themes/altum/views/partials/cookie_consent.php on line 3
