[03-Nov-2022 00:34:51 Europe/Berlin] PHP Fatal error:  Uncaught mysqli_sql_exception: Access denied for user ''@'localhost' to database 'muhannad1_Database' in /opt/lampp/htdocs/test/muhannad1/app/core/Database.php:23
Stack trace:
#0 /opt/lampp/htdocs/test/muhannad1/app/core/Database.php(23): mysqli->__construct('localhost', '', '', 'muhannad1_Datab...')
#1 /opt/lampp/htdocs/test/muhannad1/app/core/App.php(21): Altum\Database::initialize()
#2 /opt/lampp/htdocs/test/muhannad1/index.php(20): Altum\App->__construct()
#3 {main}
  thrown in /opt/lampp/htdocs/test/muhannad1/app/core/Database.php on line 23
[03-Nov-2022 00:35:43 Europe/Berlin] PHP Fatal error:  Uncaught mysqli_sql_exception: Access denied for user ''@'localhost' to database 'muhannad1_Database' in /opt/lampp/htdocs/test/muhannad1/app/core/Database.php:23
Stack trace:
#0 /opt/lampp/htdocs/test/muhannad1/app/core/Database.php(23): mysqli->__construct('localhost', '', '', 'muhannad1_Datab...')
#1 /opt/lampp/htdocs/test/muhannad1/app/core/App.php(21): Altum\Database::initialize()
#2 /opt/lampp/htdocs/test/muhannad1/index.php(20): Altum\App->__construct()
#3 {main}
  thrown in /opt/lampp/htdocs/test/muhannad1/app/core/Database.php on line 23
[03-Nov-2022 00:41:20 Europe/Berlin] PHP Fatal error:  Uncaught mysqli_sql_exception: Access denied for user ''@'localhost' to database 'muhannad1_Database' in /opt/lampp/htdocs/test/muhannad1/app/core/Database.php:23
Stack trace:
#0 /opt/lampp/htdocs/test/muhannad1/app/core/Database.php(23): mysqli->__construct('localhost', '', '', 'muhannad1_Datab...')
#1 /opt/lampp/htdocs/test/muhannad1/app/core/App.php(21): Altum\Database::initialize()
#2 /opt/lampp/htdocs/test/muhannad1/index.php(21): Altum\App->__construct()
#3 {main}
  thrown in /opt/lampp/htdocs/test/muhannad1/app/core/Database.php on line 23
[02-Nov-2022 23:41:37 UTC] PHP Warning:  Undefined property: stdClass::$is_enabled in /opt/lampp/htdocs/test/muhannad1/themes/altum/views/partials/footer.php on line 69
[02-Nov-2022 23:41:37 UTC] PHP Warning:  Undefined property: stdClass::$is_enabled in /opt/lampp/htdocs/test/muhannad1/themes/altum/views/partials/cookie_consent.php on line 3
[03-Nov-2022 01:00:24 Europe/Berlin] PHP Fatal error:  Uncaught Error: Undefined constant "SITE_URL" in /opt/lampp/htdocs/test/muhannad1/app/helpers/links.php:11
Stack trace:
#0 /opt/lampp/htdocs/test/muhannad1/app/core/Router.php(1048): url()
#1 /opt/lampp/htdocs/test/muhannad1/app/core/App.php(39): Altum\Router::parse_controller()
#2 /opt/lampp/htdocs/test/muhannad1/index.php(21): Altum\App->__construct()
#3 {main}
  thrown in /opt/lampp/htdocs/test/muhannad1/app/helpers/links.php on line 11
[03-Nov-2022 00:01:03 UTC] PHP Warning:  Undefined property: stdClass::$is_enabled in /opt/lampp/htdocs/test/muhannad1/themes/altum/views/partials/footer.php on line 69
[03-Nov-2022 00:01:03 UTC] PHP Warning:  Undefined property: stdClass::$is_enabled in /opt/lampp/htdocs/test/muhannad1/themes/altum/views/partials/cookie_consent.php on line 3
[03-Nov-2022 00:03:02 UTC] PHP Warning:  Undefined property: stdClass::$is_enabled in /opt/lampp/htdocs/test/muhannad1/themes/altum/views/partials/footer.php on line 69
[03-Nov-2022 00:03:02 UTC] PHP Warning:  Undefined property: stdClass::$is_enabled in /opt/lampp/htdocs/test/muhannad1/themes/altum/views/partials/cookie_consent.php on line 3
[03-Nov-2022 00:03:02 UTC] PHP Warning:  Undefined property: stdClass::$is_enabled in /opt/lampp/htdocs/test/muhannad1/themes/altum/views/partials/footer.php on line 69
[03-Nov-2022 00:03:02 UTC] PHP Warning:  Undefined property: stdClass::$is_enabled in /opt/lampp/htdocs/test/muhannad1/themes/altum/views/partials/cookie_consent.php on line 3
[03-Nov-2022 00:03:02 UTC] PHP Warning:  Undefined property: stdClass::$is_enabled in /opt/lampp/htdocs/test/muhannad1/themes/altum/views/partials/footer.php on line 69
[03-Nov-2022 00:03:02 UTC] PHP Warning:  Undefined property: stdClass::$is_enabled in /opt/lampp/htdocs/test/muhannad1/themes/altum/views/partials/cookie_consent.php on line 3
[03-Nov-2022 00:03:02 UTC] PHP Warning:  Undefined property: stdClass::$is_enabled in /opt/lampp/htdocs/test/muhannad1/themes/altum/views/partials/footer.php on line 69
[03-Nov-2022 00:03:02 UTC] PHP Warning:  Undefined property: stdClass::$is_enabled in /opt/lampp/htdocs/test/muhannad1/themes/altum/views/partials/cookie_consent.php on line 3
[03-Nov-2022 00:03:02 UTC] PHP Warning:  Undefined property: stdClass::$is_enabled in /opt/lampp/htdocs/test/muhannad1/themes/altum/views/partials/footer.php on line 69
[03-Nov-2022 00:03:02 UTC] PHP Warning:  Undefined property: stdClass::$is_enabled in /opt/lampp/htdocs/test/muhannad1/themes/altum/views/partials/cookie_consent.php on line 3
[03-Nov-2022 00:03:02 UTC] PHP Warning:  Undefined property: stdClass::$is_enabled in /opt/lampp/htdocs/test/muhannad1/themes/altum/views/partials/footer.php on line 69
[03-Nov-2022 00:03:02 UTC] PHP Warning:  Undefined property: stdClass::$is_enabled in /opt/lampp/htdocs/test/muhannad1/themes/altum/views/partials/cookie_consent.php on line 3
[03-Nov-2022 00:03:02 UTC] PHP Warning:  Undefined property: stdClass::$is_enabled in /opt/lampp/htdocs/test/muhannad1/themes/altum/views/partials/footer.php on line 69
[03-Nov-2022 00:03:02 UTC] PHP Warning:  Undefined property: stdClass::$is_enabled in /opt/lampp/htdocs/test/muhannad1/themes/altum/views/partials/cookie_consent.php on line 3
[03-Nov-2022 00:03:02 UTC] PHP Warning:  Undefined property: stdClass::$is_enabled in /opt/lampp/htdocs/test/muhannad1/themes/altum/views/partials/footer.php on line 69
[03-Nov-2022 00:03:02 UTC] PHP Warning:  Undefined property: stdClass::$is_enabled in /opt/lampp/htdocs/test/muhannad1/themes/altum/views/partials/cookie_consent.php on line 3
[03-Nov-2022 00:03:02 UTC] PHP Warning:  Undefined property: stdClass::$is_enabled in /opt/lampp/htdocs/test/muhannad1/themes/altum/views/partials/footer.php on line 69
[03-Nov-2022 00:03:02 UTC] PHP Warning:  Undefined property: stdClass::$is_enabled in /opt/lampp/htdocs/test/muhannad1/themes/altum/views/partials/cookie_consent.php on line 3
[03-Nov-2022 00:03:02 UTC] PHP Warning:  Undefined property: stdClass::$is_enabled in /opt/lampp/htdocs/test/muhannad1/themes/altum/views/partials/footer.php on line 69
[03-Nov-2022 00:03:02 UTC] PHP Warning:  Undefined property: stdClass::$is_enabled in /opt/lampp/htdocs/test/muhannad1/themes/altum/views/partials/cookie_consent.php on line 3
[03-Nov-2022 00:03:02 UTC] PHP Warning:  Undefined property: stdClass::$is_enabled in /opt/lampp/htdocs/test/muhannad1/themes/altum/views/partials/footer.php on line 69
[03-Nov-2022 00:03:02 UTC] PHP Warning:  Undefined property: stdClass::$is_enabled in /opt/lampp/htdocs/test/muhannad1/themes/altum/views/partials/cookie_consent.php on line 3
[03-Nov-2022 00:03:02 UTC] PHP Warning:  Undefined property: stdClass::$is_enabled in /opt/lampp/htdocs/test/muhannad1/themes/altum/views/partials/footer.php on line 69
[03-Nov-2022 00:03:02 UTC] PHP Warning:  Undefined property: stdClass::$is_enabled in /opt/lampp/htdocs/test/muhannad1/themes/altum/views/partials/cookie_consent.php on line 3
[03-Nov-2022 00:03:02 UTC] PHP Warning:  Undefined property: stdClass::$is_enabled in /opt/lampp/htdocs/test/muhannad1/themes/altum/views/partials/footer.php on line 69
[03-Nov-2022 00:03:02 UTC] PHP Warning:  Undefined property: stdClass::$is_enabled in /opt/lampp/htdocs/test/muhannad1/themes/altum/views/partials/cookie_consent.php on line 3
[03-Nov-2022 00:03:02 UTC] PHP Warning:  Undefined property: stdClass::$is_enabled in /opt/lampp/htdocs/test/muhannad1/themes/altum/views/partials/footer.php on line 69
[03-Nov-2022 00:03:02 UTC] PHP Warning:  Undefined property: stdClass::$is_enabled in /opt/lampp/htdocs/test/muhannad1/themes/altum/views/partials/cookie_consent.php on line 3
[03-Nov-2022 00:03:02 UTC] PHP Warning:  Undefined property: stdClass::$is_enabled in /opt/lampp/htdocs/test/muhannad1/themes/altum/views/partials/footer.php on line 69
[03-Nov-2022 00:03:02 UTC] PHP Warning:  Undefined property: stdClass::$is_enabled in /opt/lampp/htdocs/test/muhannad1/themes/altum/views/partials/cookie_consent.php on line 3
[03-Nov-2022 00:03:02 UTC] PHP Warning:  Undefined property: stdClass::$is_enabled in /opt/lampp/htdocs/test/muhannad1/themes/altum/views/partials/footer.php on line 69
[03-Nov-2022 00:03:02 UTC] PHP Warning:  Undefined property: stdClass::$is_enabled in /opt/lampp/htdocs/test/muhannad1/themes/altum/views/partials/cookie_consent.php on line 3
[03-Nov-2022 00:03:02 UTC] PHP Warning:  Undefined property: stdClass::$is_enabled in /opt/lampp/htdocs/test/muhannad1/themes/altum/views/partials/footer.php on line 69
[03-Nov-2022 00:03:02 UTC] PHP Warning:  Undefined property: stdClass::$is_enabled in /opt/lampp/htdocs/test/muhannad1/themes/altum/views/partials/cookie_consent.php on line 3
[03-Nov-2022 00:03:02 UTC] PHP Warning:  Undefined property: stdClass::$is_enabled in /opt/lampp/htdocs/test/muhannad1/themes/altum/views/partials/footer.php on line 69
[03-Nov-2022 00:03:02 UTC] PHP Warning:  Undefined property: stdClass::$is_enabled in /opt/lampp/htdocs/test/muhannad1/themes/altum/views/partials/cookie_consent.php on line 3
[03-Nov-2022 00:03:02 UTC] PHP Warning:  Undefined property: stdClass::$is_enabled in /opt/lampp/htdocs/test/muhannad1/themes/altum/views/partials/footer.php on line 69
[03-Nov-2022 00:03:02 UTC] PHP Warning:  Undefined property: stdClass::$is_enabled in /opt/lampp/htdocs/test/muhannad1/themes/altum/views/partials/cookie_consent.php on line 3
[03-Nov-2022 00:03:28 UTC] PHP Warning:  Undefined property: stdClass::$is_enabled in /opt/lampp/htdocs/test/muhannad1/themes/altum/views/partials/footer.php on line 69
[03-Nov-2022 00:03:28 UTC] PHP Warning:  Undefined property: stdClass::$is_enabled in /opt/lampp/htdocs/test/muhannad1/themes/altum/views/partials/cookie_consent.php on line 3
[03-Nov-2022 00:03:28 UTC] PHP Warning:  Undefined property: stdClass::$is_enabled in /opt/lampp/htdocs/test/muhannad1/themes/altum/views/partials/footer.php on line 69
[03-Nov-2022 00:03:28 UTC] PHP Warning:  Undefined property: stdClass::$is_enabled in /opt/lampp/htdocs/test/muhannad1/themes/altum/views/partials/cookie_consent.php on line 3
[03-Nov-2022 00:03:28 UTC] PHP Warning:  Undefined property: stdClass::$is_enabled in /opt/lampp/htdocs/test/muhannad1/themes/altum/views/partials/footer.php on line 69
[03-Nov-2022 00:03:28 UTC] PHP Warning:  Undefined property: stdClass::$is_enabled in /opt/lampp/htdocs/test/muhannad1/themes/altum/views/partials/cookie_consent.php on line 3
[03-Nov-2022 00:03:28 UTC] PHP Warning:  Undefined property: stdClass::$is_enabled in /opt/lampp/htdocs/test/muhannad1/themes/altum/views/partials/footer.php on line 69
[03-Nov-2022 00:03:28 UTC] PHP Warning:  Undefined property: stdClass::$is_enabled in /opt/lampp/htdocs/test/muhannad1/themes/altum/views/partials/cookie_consent.php on line 3
[03-Nov-2022 00:03:28 UTC] PHP Warning:  Undefined property: stdClass::$is_enabled in /opt/lampp/htdocs/test/muhannad1/themes/altum/views/partials/footer.php on line 69
[03-Nov-2022 00:03:28 UTC] PHP Warning:  Undefined property: stdClass::$is_enabled in /opt/lampp/htdocs/test/muhannad1/themes/altum/views/partials/cookie_consent.php on line 3
[03-Nov-2022 00:03:28 UTC] PHP Warning:  Undefined property: stdClass::$is_enabled in /opt/lampp/htdocs/test/muhannad1/themes/altum/views/partials/footer.php on line 69
[03-Nov-2022 00:03:28 UTC] PHP Warning:  Undefined property: stdClass::$is_enabled in /opt/lampp/htdocs/test/muhannad1/themes/altum/views/partials/cookie_consent.php on line 3
[03-Nov-2022 00:03:28 UTC] PHP Warning:  Undefined property: stdClass::$is_enabled in /opt/lampp/htdocs/test/muhannad1/themes/altum/views/partials/footer.php on line 69
[03-Nov-2022 00:03:28 UTC] PHP Warning:  Undefined property: stdClass::$is_enabled in /opt/lampp/htdocs/test/muhannad1/themes/altum/views/partials/cookie_consent.php on line 3
[03-Nov-2022 00:03:28 UTC] PHP Warning:  Undefined property: stdClass::$is_enabled in /opt/lampp/htdocs/test/muhannad1/themes/altum/views/partials/footer.php on line 69
[03-Nov-2022 00:03:28 UTC] PHP Warning:  Undefined property: stdClass::$is_enabled in /opt/lampp/htdocs/test/muhannad1/themes/altum/views/partials/cookie_consent.php on line 3
[03-Nov-2022 00:03:29 UTC] PHP Warning:  Undefined property: stdClass::$is_enabled in /opt/lampp/htdocs/test/muhannad1/themes/altum/views/partials/footer.php on line 69
[03-Nov-2022 00:03:29 UTC] PHP Warning:  Undefined property: stdClass::$is_enabled in /opt/lampp/htdocs/test/muhannad1/themes/altum/views/partials/cookie_consent.php on line 3
[03-Nov-2022 00:03:29 UTC] PHP Warning:  Undefined property: stdClass::$is_enabled in /opt/lampp/htdocs/test/muhannad1/themes/altum/views/partials/footer.php on line 69
[03-Nov-2022 00:03:29 UTC] PHP Warning:  Undefined property: stdClass::$is_enabled in /opt/lampp/htdocs/test/muhannad1/themes/altum/views/partials/cookie_consent.php on line 3
[03-Nov-2022 00:03:29 UTC] PHP Warning:  Undefined property: stdClass::$is_enabled in /opt/lampp/htdocs/test/muhannad1/themes/altum/views/partials/footer.php on line 69
[03-Nov-2022 00:03:29 UTC] PHP Warning:  Undefined property: stdClass::$is_enabled in /opt/lampp/htdocs/test/muhannad1/themes/altum/views/partials/cookie_consent.php on line 3
[03-Nov-2022 00:03:29 UTC] PHP Warning:  Undefined property: stdClass::$is_enabled in /opt/lampp/htdocs/test/muhannad1/themes/altum/views/partials/footer.php on line 69
[03-Nov-2022 00:03:29 UTC] PHP Warning:  Undefined property: stdClass::$is_enabled in /opt/lampp/htdocs/test/muhannad1/themes/altum/views/partials/cookie_consent.php on line 3
[03-Nov-2022 00:03:29 UTC] PHP Warning:  Undefined property: stdClass::$is_enabled in /opt/lampp/htdocs/test/muhannad1/themes/altum/views/partials/footer.php on line 69
[03-Nov-2022 00:03:29 UTC] PHP Warning:  Undefined property: stdClass::$is_enabled in /opt/lampp/htdocs/test/muhannad1/themes/altum/views/partials/cookie_consent.php on line 3
[03-Nov-2022 00:03:29 UTC] PHP Warning:  Undefined property: stdClass::$is_enabled in /opt/lampp/htdocs/test/muhannad1/themes/altum/views/partials/footer.php on line 69
[03-Nov-2022 00:03:29 UTC] PHP Warning:  Undefined property: stdClass::$is_enabled in /opt/lampp/htdocs/test/muhannad1/themes/altum/views/partials/cookie_consent.php on line 3
[03-Nov-2022 00:03:29 UTC] PHP Warning:  Undefined property: stdClass::$is_enabled in /opt/lampp/htdocs/test/muhannad1/themes/altum/views/partials/footer.php on line 69
[03-Nov-2022 00:03:29 UTC] PHP Warning:  Undefined property: stdClass::$is_enabled in /opt/lampp/htdocs/test/muhannad1/themes/altum/views/partials/cookie_consent.php on line 3
[03-Nov-2022 00:03:29 UTC] PHP Warning:  Undefined property: stdClass::$is_enabled in /opt/lampp/htdocs/test/muhannad1/themes/altum/views/partials/footer.php on line 69
[03-Nov-2022 00:03:29 UTC] PHP Warning:  Undefined property: stdClass::$is_enabled in /opt/lampp/htdocs/test/muhannad1/themes/altum/views/partials/cookie_consent.php on line 3
[03-Nov-2022 00:03:29 UTC] PHP Warning:  Undefined property: stdClass::$is_enabled in /opt/lampp/htdocs/test/muhannad1/themes/altum/views/partials/footer.php on line 69
[03-Nov-2022 00:03:29 UTC] PHP Warning:  Undefined property: stdClass::$is_enabled in /opt/lampp/htdocs/test/muhannad1/themes/altum/views/partials/cookie_consent.php on line 3
[03-Nov-2022 00:03:29 UTC] PHP Warning:  Undefined property: stdClass::$is_enabled in /opt/lampp/htdocs/test/muhannad1/themes/altum/views/partials/footer.php on line 69
[03-Nov-2022 00:03:29 UTC] PHP Warning:  Undefined property: stdClass::$is_enabled in /opt/lampp/htdocs/test/muhannad1/themes/altum/views/partials/cookie_consent.php on line 3
[03-Nov-2022 00:03:29 UTC] PHP Warning:  Undefined property: stdClass::$is_enabled in /opt/lampp/htdocs/test/muhannad1/themes/altum/views/partials/footer.php on line 69
[03-Nov-2022 00:03:29 UTC] PHP Warning:  Undefined property: stdClass::$is_enabled in /opt/lampp/htdocs/test/muhannad1/themes/altum/views/partials/cookie_consent.php on line 3
[03-Nov-2022 00:03:29 UTC] PHP Warning:  Undefined property: stdClass::$is_enabled in /opt/lampp/htdocs/test/muhannad1/themes/altum/views/partials/footer.php on line 69
[03-Nov-2022 00:03:29 UTC] PHP Warning:  Undefined property: stdClass::$is_enabled in /opt/lampp/htdocs/test/muhannad1/themes/altum/views/partials/cookie_consent.php on line 3
[03-Nov-2022 00:03:29 UTC] PHP Warning:  Undefined property: stdClass::$is_enabled in /opt/lampp/htdocs/test/muhannad1/themes/altum/views/partials/footer.php on line 69
[03-Nov-2022 00:03:29 UTC] PHP Warning:  Undefined property: stdClass::$is_enabled in /opt/lampp/htdocs/test/muhannad1/themes/altum/views/partials/cookie_consent.php on line 3
[03-Nov-2022 00:03:41 UTC] PHP Warning:  Undefined property: stdClass::$is_enabled in /opt/lampp/htdocs/test/muhannad1/themes/altum/views/partials/footer.php on line 69
[03-Nov-2022 00:03:41 UTC] PHP Warning:  Undefined property: stdClass::$is_enabled in /opt/lampp/htdocs/test/muhannad1/themes/altum/views/partials/cookie_consent.php on line 3
[03-Nov-2022 00:03:41 UTC] PHP Warning:  Undefined property: stdClass::$is_enabled in /opt/lampp/htdocs/test/muhannad1/themes/altum/views/partials/footer.php on line 69
[03-Nov-2022 00:03:41 UTC] PHP Warning:  Undefined property: stdClass::$is_enabled in /opt/lampp/htdocs/test/muhannad1/themes/altum/views/partials/cookie_consent.php on line 3
[03-Nov-2022 00:03:41 UTC] PHP Warning:  Undefined property: stdClass::$is_enabled in /opt/lampp/htdocs/test/muhannad1/themes/altum/views/partials/footer.php on line 69
[03-Nov-2022 00:03:41 UTC] PHP Warning:  Undefined property: stdClass::$is_enabled in /opt/lampp/htdocs/test/muhannad1/themes/altum/views/partials/cookie_consent.php on line 3
[03-Nov-2022 00:03:41 UTC] PHP Warning:  Undefined property: stdClass::$is_enabled in /opt/lampp/htdocs/test/muhannad1/themes/altum/views/partials/footer.php on line 69
[03-Nov-2022 00:03:41 UTC] PHP Warning:  Undefined property: stdClass::$is_enabled in /opt/lampp/htdocs/test/muhannad1/themes/altum/views/partials/cookie_consent.php on line 3
[03-Nov-2022 00:03:41 UTC] PHP Warning:  Undefined property: stdClass::$is_enabled in /opt/lampp/htdocs/test/muhannad1/themes/altum/views/partials/footer.php on line 69
[03-Nov-2022 00:03:41 UTC] PHP Warning:  Undefined property: stdClass::$is_enabled in /opt/lampp/htdocs/test/muhannad1/themes/altum/views/partials/cookie_consent.php on line 3
[03-Nov-2022 00:03:41 UTC] PHP Warning:  Undefined property: stdClass::$is_enabled in /opt/lampp/htdocs/test/muhannad1/themes/altum/views/partials/footer.php on line 69
[03-Nov-2022 00:03:41 UTC] PHP Warning:  Undefined property: stdClass::$is_enabled in /opt/lampp/htdocs/test/muhannad1/themes/altum/views/partials/cookie_consent.php on line 3
[03-Nov-2022 00:03:41 UTC] PHP Warning:  Undefined property: stdClass::$is_enabled in /opt/lampp/htdocs/test/muhannad1/themes/altum/views/partials/footer.php on line 69
[03-Nov-2022 00:03:41 UTC] PHP Warning:  Undefined property: stdClass::$is_enabled in /opt/lampp/htdocs/test/muhannad1/themes/altum/views/partials/cookie_consent.php on line 3
[03-Nov-2022 00:03:41 UTC] PHP Warning:  Undefined property: stdClass::$is_enabled in /opt/lampp/htdocs/test/muhannad1/themes/altum/views/partials/footer.php on line 69
[03-Nov-2022 00:03:41 UTC] PHP Warning:  Undefined property: stdClass::$is_enabled in /opt/lampp/htdocs/test/muhannad1/themes/altum/views/partials/cookie_consent.php on line 3
[03-Nov-2022 00:03:41 UTC] PHP Warning:  Undefined property: stdClass::$is_enabled in /opt/lampp/htdocs/test/muhannad1/themes/altum/views/partials/footer.php on line 69
[03-Nov-2022 00:03:41 UTC] PHP Warning:  Undefined property: stdClass::$is_enabled in /opt/lampp/htdocs/test/muhannad1/themes/altum/views/partials/cookie_consent.php on line 3
[03-Nov-2022 00:03:41 UTC] PHP Warning:  Undefined property: stdClass::$is_enabled in /opt/lampp/htdocs/test/muhannad1/themes/altum/views/partials/footer.php on line 69
[03-Nov-2022 00:03:41 UTC] PHP Warning:  Undefined property: stdClass::$is_enabled in /opt/lampp/htdocs/test/muhannad1/themes/altum/views/partials/cookie_consent.php on line 3
[03-Nov-2022 00:03:42 UTC] PHP Warning:  Undefined property: stdClass::$is_enabled in /opt/lampp/htdocs/test/muhannad1/themes/altum/views/partials/footer.php on line 69
[03-Nov-2022 00:03:42 UTC] PHP Warning:  Undefined property: stdClass::$is_enabled in /opt/lampp/htdocs/test/muhannad1/themes/altum/views/partials/cookie_consent.php on line 3
[03-Nov-2022 00:03:42 UTC] PHP Warning:  Undefined property: stdClass::$is_enabled in /opt/lampp/htdocs/test/muhannad1/themes/altum/views/partials/footer.php on line 69
[03-Nov-2022 00:03:42 UTC] PHP Warning:  Undefined property: stdClass::$is_enabled in /opt/lampp/htdocs/test/muhannad1/themes/altum/views/partials/cookie_consent.php on line 3
[03-Nov-2022 00:03:42 UTC] PHP Warning:  Undefined property: stdClass::$is_enabled in /opt/lampp/htdocs/test/muhannad1/themes/altum/views/partials/footer.php on line 69
[03-Nov-2022 00:03:42 UTC] PHP Warning:  Undefined property: stdClass::$is_enabled in /opt/lampp/htdocs/test/muhannad1/themes/altum/views/partials/cookie_consent.php on line 3
[03-Nov-2022 00:03:42 UTC] PHP Warning:  Undefined property: stdClass::$is_enabled in /opt/lampp/htdocs/test/muhannad1/themes/altum/views/partials/footer.php on line 69
[03-Nov-2022 00:03:42 UTC] PHP Warning:  Undefined property: stdClass::$is_enabled in /opt/lampp/htdocs/test/muhannad1/themes/altum/views/partials/cookie_consent.php on line 3
[03-Nov-2022 00:03:42 UTC] PHP Warning:  Undefined property: stdClass::$is_enabled in /opt/lampp/htdocs/test/muhannad1/themes/altum/views/partials/footer.php on line 69
[03-Nov-2022 00:03:42 UTC] PHP Warning:  Undefined property: stdClass::$is_enabled in /opt/lampp/htdocs/test/muhannad1/themes/altum/views/partials/cookie_consent.php on line 3
[03-Nov-2022 00:03:42 UTC] PHP Warning:  Undefined property: stdClass::$is_enabled in /opt/lampp/htdocs/test/muhannad1/themes/altum/views/partials/footer.php on line 69
[03-Nov-2022 00:03:42 UTC] PHP Warning:  Undefined property: stdClass::$is_enabled in /opt/lampp/htdocs/test/muhannad1/themes/altum/views/partials/cookie_consent.php on line 3
[03-Nov-2022 00:03:42 UTC] PHP Warning:  Undefined property: stdClass::$is_enabled in /opt/lampp/htdocs/test/muhannad1/themes/altum/views/partials/footer.php on line 69
[03-Nov-2022 00:03:42 UTC] PHP Warning:  Undefined property: stdClass::$is_enabled in /opt/lampp/htdocs/test/muhannad1/themes/altum/views/partials/cookie_consent.php on line 3
[03-Nov-2022 00:03:42 UTC] PHP Warning:  Undefined property: stdClass::$is_enabled in /opt/lampp/htdocs/test/muhannad1/themes/altum/views/partials/footer.php on line 69
[03-Nov-2022 00:03:42 UTC] PHP Warning:  Undefined property: stdClass::$is_enabled in /opt/lampp/htdocs/test/muhannad1/themes/altum/views/partials/cookie_consent.php on line 3
[03-Nov-2022 00:03:42 UTC] PHP Warning:  Undefined property: stdClass::$is_enabled in /opt/lampp/htdocs/test/muhannad1/themes/altum/views/partials/footer.php on line 69
[03-Nov-2022 00:03:42 UTC] PHP Warning:  Undefined property: stdClass::$is_enabled in /opt/lampp/htdocs/test/muhannad1/themes/altum/views/partials/cookie_consent.php on line 3
[03-Nov-2022 00:03:42 UTC] PHP Warning:  Undefined property: stdClass::$is_enabled in /opt/lampp/htdocs/test/muhannad1/themes/altum/views/partials/footer.php on line 69
[03-Nov-2022 00:03:42 UTC] PHP Warning:  Undefined property: stdClass::$is_enabled in /opt/lampp/htdocs/test/muhannad1/themes/altum/views/partials/cookie_consent.php on line 3
[03-Nov-2022 00:03:42 UTC] PHP Warning:  Undefined property: stdClass::$is_enabled in /opt/lampp/htdocs/test/muhannad1/themes/altum/views/partials/footer.php on line 69
[03-Nov-2022 00:03:42 UTC] PHP Warning:  Undefined property: stdClass::$is_enabled in /opt/lampp/htdocs/test/muhannad1/themes/altum/views/partials/cookie_consent.php on line 3
[03-Nov-2022 00:07:16 UTC] PHP Warning:  Undefined property: stdClass::$is_enabled in /opt/lampp/htdocs/test/muhannad1/themes/altum/views/partials/footer.php on line 69
[03-Nov-2022 00:07:16 UTC] PHP Warning:  Undefined property: stdClass::$is_enabled in /opt/lampp/htdocs/test/muhannad1/themes/altum/views/partials/cookie_consent.php on line 3
[03-Nov-2022 00:07:16 UTC] PHP Warning:  Undefined property: stdClass::$is_enabled in /opt/lampp/htdocs/test/muhannad1/themes/altum/views/partials/footer.php on line 69
[03-Nov-2022 00:07:16 UTC] PHP Warning:  Undefined property: stdClass::$is_enabled in /opt/lampp/htdocs/test/muhannad1/themes/altum/views/partials/cookie_consent.php on line 3
[03-Nov-2022 00:07:30 UTC] PHP Warning:  Undefined property: stdClass::$is_enabled in /opt/lampp/htdocs/test/muhannad1/themes/altum/views/partials/cookie_consent.php on line 3
[03-Nov-2022 00:07:42 UTC] PHP Warning:  Undefined property: stdClass::$is_enabled in /opt/lampp/htdocs/test/muhannad1/themes/altum/views/partials/cookie_consent.php on line 3
[03-Nov-2022 00:07:46 UTC] PHP Warning:  Undefined property: stdClass::$is_enabled in /opt/lampp/htdocs/test/muhannad1/themes/altum/views/partials/cookie_consent.php on line 3
[03-Nov-2022 00:08:09 UTC] PHP Warning:  Undefined property: stdClass::$is_enabled in /opt/lampp/htdocs/test/muhannad1/themes/altum/views/partials/cookie_consent.php on line 3
[03-Nov-2022 00:15:08 UTC] PHP Warning:  Undefined property: stdClass::$is_enabled in /opt/lampp/htdocs/test/muhannad1/themes/altum/views/partials/cookie_consent.php on line 3
[03-Nov-2022 00:15:12 UTC] PHP Warning:  Undefined property: stdClass::$is_enabled in /opt/lampp/htdocs/test/muhannad1/themes/altum/views/partials/footer.php on line 69
[03-Nov-2022 00:15:12 UTC] PHP Warning:  Undefined property: stdClass::$is_enabled in /opt/lampp/htdocs/test/muhannad1/themes/altum/views/partials/cookie_consent.php on line 3
[03-Nov-2022 00:22:10 UTC] PHP Warning:  Undefined property: stdClass::$is_enabled in /opt/lampp/htdocs/test/muhannad1/themes/altum/views/partials/footer.php on line 69
[03-Nov-2022 00:22:10 UTC] PHP Warning:  Undefined property: stdClass::$is_enabled in /opt/lampp/htdocs/test/muhannad1/themes/altum/views/partials/cookie_consent.php on line 3
[03-Nov-2022 00:22:17 UTC] PHP Warning:  Undefined property: stdClass::$is_enabled in /opt/lampp/htdocs/test/muhannad1/themes/altum/views/partials/cookie_consent.php on line 3
[03-Nov-2022 00:26:46 UTC] PHP Warning:  Undefined property: stdClass::$is_enabled in /opt/lampp/htdocs/test/muhannad1/themes/altum/views/partials/cookie_consent.php on line 3
[03-Nov-2022 00:26:52 UTC] PHP Warning:  Undefined property: stdClass::$is_enabled in /opt/lampp/htdocs/test/muhannad1/themes/altum/views/partials/cookie_consent.php on line 3
[03-Nov-2022 00:26:59 UTC] PHP Warning:  Undefined property: stdClass::$is_enabled in /opt/lampp/htdocs/test/muhannad1/themes/altum/views/partials/cookie_consent.php on line 3
[03-Nov-2022 00:27:15 UTC] PHP Warning:  Undefined property: stdClass::$is_enabled in /opt/lampp/htdocs/test/muhannad1/themes/altum/views/partials/cookie_consent.php on line 3
[03-Nov-2022 00:27:21 UTC] PHP Warning:  Undefined property: stdClass::$is_enabled in /opt/lampp/htdocs/test/muhannad1/themes/altum/views/partials/cookie_consent.php on line 3
[03-Nov-2022 00:31:41 UTC] PHP Warning:  Undefined property: stdClass::$is_enabled in /opt/lampp/htdocs/test/muhannad1/themes/altum/views/partials/cookie_consent.php on line 3
[03-Nov-2022 00:31:44 UTC] PHP Warning:  Undefined property: stdClass::$is_enabled in /opt/lampp/htdocs/test/muhannad1/themes/altum/views/partials/cookie_consent.php on line 3
[03-Nov-2022 00:42:20 UTC] PHP Warning:  Undefined variable $action in /opt/lampp/htdocs/test/muhannad1/themes/altum/views/s/cart/new-york/index.php on line 270
[03-Nov-2022 00:42:20 UTC] PHP Warning:  Undefined property: stdClass::$is_enabled in /opt/lampp/htdocs/test/muhannad1/themes/altum/views/partials/cookie_consent.php on line 3
[03-Nov-2022 00:42:45 UTC] PHP Warning:  Undefined variable $action in /opt/lampp/htdocs/test/muhannad1/themes/altum/views/s/cart/new-york/index.php on line 270
[03-Nov-2022 00:42:45 UTC] PHP Warning:  Undefined property: stdClass::$is_enabled in /opt/lampp/htdocs/test/muhannad1/themes/altum/views/partials/cookie_consent.php on line 3
[03-Nov-2022 00:42:55 UTC] PHP Warning:  Undefined property: stdClass::$is_enabled in /opt/lampp/htdocs/test/muhannad1/themes/altum/views/partials/cookie_consent.php on line 3
[03-Nov-2022 00:48:35 UTC] PHP Warning:  Undefined property: stdClass::$is_enabled in /opt/lampp/htdocs/test/muhannad1/themes/altum/views/partials/cookie_consent.php on line 3
[03-Nov-2022 00:48:37 UTC] PHP Warning:  Undefined property: stdClass::$is_enabled in /opt/lampp/htdocs/test/muhannad1/themes/altum/views/partials/cookie_consent.php on line 3
[03-Nov-2022 00:48:39 UTC] PHP Warning:  Undefined property: stdClass::$is_enabled in /opt/lampp/htdocs/test/muhannad1/themes/altum/views/partials/cookie_consent.php on line 3
[03-Nov-2022 00:48:43 UTC] PHP Warning:  Undefined property: stdClass::$is_enabled in /opt/lampp/htdocs/test/muhannad1/themes/altum/views/partials/cookie_consent.php on line 3
[03-Nov-2022 13:41:37 UTC] PHP Warning:  Undefined property: stdClass::$is_enabled in /opt/lampp/htdocs/test/muhannad1/themes/altum/views/partials/footer.php on line 69
[03-Nov-2022 13:41:37 UTC] PHP Warning:  Undefined property: stdClass::$is_enabled in /opt/lampp/htdocs/test/muhannad1/themes/altum/views/partials/cookie_consent.php on line 3
[03-Nov-2022 13:41:37 UTC] PHP Warning:  Undefined property: stdClass::$is_enabled in /opt/lampp/htdocs/test/muhannad1/themes/altum/views/partials/footer.php on line 69
[03-Nov-2022 13:41:37 UTC] PHP Warning:  Undefined property: stdClass::$is_enabled in /opt/lampp/htdocs/test/muhannad1/themes/altum/views/partials/cookie_consent.php on line 3
[03-Nov-2022 13:41:48 UTC] PHP Warning:  Undefined property: stdClass::$is_enabled in /opt/lampp/htdocs/test/muhannad1/themes/altum/views/partials/cookie_consent.php on line 3
[03-Nov-2022 13:41:53 UTC] PHP Warning:  Undefined property: stdClass::$is_enabled in /opt/lampp/htdocs/test/muhannad1/themes/altum/views/partials/cookie_consent.php on line 3
[03-Nov-2022 13:42:00 UTC] PHP Warning:  Undefined property: stdClass::$is_enabled in /opt/lampp/htdocs/test/muhannad1/themes/altum/views/partials/cookie_consent.php on line 3
[03-Nov-2022 13:42:04 UTC] PHP Warning:  Undefined property: stdClass::$is_enabled in /opt/lampp/htdocs/test/muhannad1/themes/altum/views/partials/cookie_consent.php on line 3
[03-Nov-2022 13:46:23 UTC] PHP Warning:  Undefined property: stdClass::$is_enabled in /opt/lampp/htdocs/test/muhannad1/themes/altum/views/partials/cookie_consent.php on line 3
[03-Nov-2022 13:46:51 UTC] PHP Warning:  Undefined property: stdClass::$is_enabled in /opt/lampp/htdocs/test/muhannad1/themes/altum/views/partials/cookie_consent.php on line 3
[03-Nov-2022 13:47:28 UTC] PHP Warning:  Undefined property: stdClass::$is_enabled in /opt/lampp/htdocs/test/muhannad1/themes/altum/views/partials/cookie_consent.php on line 3
[03-Nov-2022 13:47:30 UTC] PHP Warning:  Undefined property: stdClass::$is_enabled in /opt/lampp/htdocs/test/muhannad1/themes/altum/views/partials/cookie_consent.php on line 3
[03-Nov-2022 13:47:57 UTC] PHP Warning:  Undefined property: stdClass::$is_enabled in /opt/lampp/htdocs/test/muhannad1/themes/altum/views/partials/cookie_consent.php on line 3
[03-Nov-2022 13:47:59 UTC] PHP Warning:  Undefined property: stdClass::$is_enabled in /opt/lampp/htdocs/test/muhannad1/themes/altum/views/partials/cookie_consent.php on line 3
[03-Nov-2022 13:48:03 UTC] PHP Warning:  Undefined property: stdClass::$is_enabled in /opt/lampp/htdocs/test/muhannad1/themes/altum/views/partials/cookie_consent.php on line 3
[03-Nov-2022 13:48:24 UTC] PHP Warning:  Undefined property: stdClass::$is_enabled in /opt/lampp/htdocs/test/muhannad1/themes/altum/views/partials/cookie_consent.php on line 3
[03-Nov-2022 13:48:46 UTC] PHP Warning:  Undefined property: stdClass::$is_enabled in /opt/lampp/htdocs/test/muhannad1/themes/altum/views/partials/cookie_consent.php on line 3
[03-Nov-2022 13:50:03 UTC] PHP Warning:  Undefined property: stdClass::$is_enabled in /opt/lampp/htdocs/test/muhannad1/themes/altum/views/partials/cookie_consent.php on line 3
[03-Nov-2022 13:50:30 UTC] PHP Warning:  Undefined property: stdClass::$is_enabled in /opt/lampp/htdocs/test/muhannad1/themes/altum/views/partials/cookie_consent.php on line 3
[03-Nov-2022 13:50:58 UTC] PHP Warning:  Undefined property: stdClass::$is_enabled in /opt/lampp/htdocs/test/muhannad1/themes/altum/views/partials/cookie_consent.php on line 3
[03-Nov-2022 13:51:15 UTC] PHP Warning:  Undefined property: stdClass::$is_enabled in /opt/lampp/htdocs/test/muhannad1/themes/altum/views/partials/cookie_consent.php on line 3
[03-Nov-2022 13:51:30 UTC] PHP Warning:  Undefined property: stdClass::$is_enabled in /opt/lampp/htdocs/test/muhannad1/themes/altum/views/partials/cookie_consent.php on line 3
[03-Nov-2022 13:53:57 UTC] PHP Warning:  Undefined property: stdClass::$is_enabled in /opt/lampp/htdocs/test/muhannad1/themes/altum/views/partials/cookie_consent.php on line 3
[03-Nov-2022 13:54:18 UTC] PHP Warning:  Undefined property: stdClass::$is_enabled in /opt/lampp/htdocs/test/muhannad1/themes/altum/views/partials/cookie_consent.php on line 3
[03-Nov-2022 13:56:02 UTC] PHP Warning:  Undefined property: stdClass::$is_enabled in /opt/lampp/htdocs/test/muhannad1/themes/altum/views/partials/cookie_consent.php on line 3
[03-Nov-2022 13:56:43 UTC] PHP Warning:  Undefined property: stdClass::$is_enabled in /opt/lampp/htdocs/test/muhannad1/themes/altum/views/partials/cookie_consent.php on line 3
[03-Nov-2022 13:56:48 UTC] PHP Warning:  Undefined property: stdClass::$is_enabled in /opt/lampp/htdocs/test/muhannad1/themes/altum/views/partials/cookie_consent.php on line 3
[03-Nov-2022 13:57:34 UTC] PHP Warning:  Undefined property: stdClass::$is_enabled in /opt/lampp/htdocs/test/muhannad1/themes/altum/views/partials/cookie_consent.php on line 3
[03-Nov-2022 13:57:54 UTC] PHP Warning:  Undefined property: stdClass::$is_enabled in /opt/lampp/htdocs/test/muhannad1/themes/altum/views/partials/cookie_consent.php on line 3
[03-Nov-2022 13:58:02 UTC] PHP Warning:  Undefined property: stdClass::$is_enabled in /opt/lampp/htdocs/test/muhannad1/themes/altum/views/partials/cookie_consent.php on line 3
[03-Nov-2022 13:58:32 UTC] PHP Warning:  Undefined property: stdClass::$is_enabled in /opt/lampp/htdocs/test/muhannad1/themes/altum/views/partials/cookie_consent.php on line 3
[03-Nov-2022 13:58:34 UTC] PHP Warning:  Undefined property: stdClass::$is_enabled in /opt/lampp/htdocs/test/muhannad1/themes/altum/views/partials/cookie_consent.php on line 3
[03-Nov-2022 13:58:37 UTC] PHP Warning:  Undefined property: stdClass::$is_enabled in /opt/lampp/htdocs/test/muhannad1/themes/altum/views/partials/cookie_consent.php on line 3
[03-Nov-2022 13:58:46 UTC] PHP Warning:  Undefined property: stdClass::$is_enabled in /opt/lampp/htdocs/test/muhannad1/themes/altum/views/partials/cookie_consent.php on line 3
[03-Nov-2022 14:00:21 UTC] PHP Warning:  Undefined property: stdClass::$is_enabled in /opt/lampp/htdocs/test/muhannad1/themes/altum/views/partials/cookie_consent.php on line 3
[03-Nov-2022 14:01:09 UTC] PHP Warning:  Undefined property: stdClass::$is_enabled in /opt/lampp/htdocs/test/muhannad1/themes/altum/views/partials/cookie_consent.php on line 3
[03-Nov-2022 14:01:31 UTC] PHP Warning:  Undefined property: stdClass::$is_enabled in /opt/lampp/htdocs/test/muhannad1/themes/altum/views/partials/cookie_consent.php on line 3
[03-Nov-2022 14:01:53 UTC] PHP Warning:  Undefined property: stdClass::$is_enabled in /opt/lampp/htdocs/test/muhannad1/themes/altum/views/partials/cookie_consent.php on line 3
[03-Nov-2022 14:01:55 UTC] PHP Warning:  Undefined property: stdClass::$is_enabled in /opt/lampp/htdocs/test/muhannad1/themes/altum/views/partials/cookie_consent.php on line 3
[03-Nov-2022 14:01:57 UTC] PHP Warning:  Undefined property: stdClass::$is_enabled in /opt/lampp/htdocs/test/muhannad1/themes/altum/views/partials/cookie_consent.php on line 3
[03-Nov-2022 14:03:19 UTC] PHP Warning:  Undefined property: stdClass::$is_enabled in /opt/lampp/htdocs/test/muhannad1/themes/altum/views/partials/cookie_consent.php on line 3
[03-Nov-2022 14:03:42 UTC] PHP Warning:  Undefined array key "number" in /opt/lampp/htdocs/test/muhannad1/app/controllers/s/Cart.php on line 65
[03-Nov-2022 14:03:42 UTC] PHP Warning:  Undefined property: stdClass::$is_enabled in /opt/lampp/htdocs/test/muhannad1/themes/altum/views/partials/cookie_consent.php on line 3
[03-Nov-2022 14:03:53 UTC] PHP Warning:  Undefined property: stdClass::$is_enabled in /opt/lampp/htdocs/test/muhannad1/themes/altum/views/partials/cookie_consent.php on line 3
[03-Nov-2022 14:09:12 UTC] PHP Warning:  Undefined property: stdClass::$is_enabled in /opt/lampp/htdocs/test/muhannad1/themes/altum/views/partials/cookie_consent.php on line 3
[03-Nov-2022 14:09:16 UTC] PHP Warning:  Undefined property: stdClass::$is_enabled in /opt/lampp/htdocs/test/muhannad1/themes/altum/views/partials/cookie_consent.php on line 3
[03-Nov-2022 15:09:20 Europe/Berlin] PHP Parse error:  syntax error, unexpected token "=>" in /opt/lampp/htdocs/test/muhannad1/app/controllers/s/Cart.php on line 85
[03-Nov-2022 15:09:42 Europe/Berlin] PHP Parse error:  syntax error, unexpected token "*" in /opt/lampp/htdocs/test/muhannad1/app/controllers/s/Cart.php on line 81
[03-Nov-2022 15:09:44 Europe/Berlin] PHP Parse error:  syntax error, unexpected token "*" in /opt/lampp/htdocs/test/muhannad1/app/controllers/s/Cart.php on line 81
[03-Nov-2022 15:09:47 Europe/Berlin] PHP Parse error:  syntax error, unexpected token "*" in /opt/lampp/htdocs/test/muhannad1/app/controllers/s/Cart.php on line 81
[03-Nov-2022 15:11:58 Europe/Berlin] PHP Parse error:  syntax error, unexpected single-quoted string "phone", expecting "]" in /opt/lampp/htdocs/test/muhannad1/app/controllers/s/Cart.php on line 66
[03-Nov-2022 14:12:07 UTC] PHP Warning:  Undefined property: stdClass::$is_enabled in /opt/lampp/htdocs/test/muhannad1/themes/altum/views/partials/cookie_consent.php on line 3
[03-Nov-2022 14:12:53 UTC] PHP Warning:  Undefined property: stdClass::$is_enabled in /opt/lampp/htdocs/test/muhannad1/themes/altum/views/partials/cookie_consent.php on line 3
[03-Nov-2022 14:13:04 UTC] PHP Warning:  Undefined array key "number" in /opt/lampp/htdocs/test/muhannad1/app/controllers/s/Cart.php on line 65
[03-Nov-2022 14:13:04 UTC] PHP Warning:  Undefined property: stdClass::$is_enabled in /opt/lampp/htdocs/test/muhannad1/themes/altum/views/partials/cookie_consent.php on line 3
[03-Nov-2022 14:13:14 UTC] PHP Warning:  Undefined property: stdClass::$is_enabled in /opt/lampp/htdocs/test/muhannad1/themes/altum/views/partials/cookie_consent.php on line 3
[03-Nov-2022 14:14:08 UTC] PHP Warning:  Undefined property: stdClass::$is_enabled in /opt/lampp/htdocs/test/muhannad1/themes/altum/views/partials/cookie_consent.php on line 3
[03-Nov-2022 14:14:10 UTC] PHP Warning:  Undefined property: stdClass::$is_enabled in /opt/lampp/htdocs/test/muhannad1/themes/altum/views/partials/cookie_consent.php on line 3
[03-Nov-2022 14:14:13 UTC] PHP Warning:  Undefined property: stdClass::$is_enabled in /opt/lampp/htdocs/test/muhannad1/themes/altum/views/partials/cookie_consent.php on line 3
[03-Nov-2022 14:14:18 UTC] PHP Warning:  Undefined property: stdClass::$is_enabled in /opt/lampp/htdocs/test/muhannad1/themes/altum/views/partials/cookie_consent.php on line 3
[03-Nov-2022 14:14:30 UTC] PHP Warning:  Undefined property: stdClass::$is_enabled in /opt/lampp/htdocs/test/muhannad1/themes/altum/views/partials/cookie_consent.php on line 3
[03-Nov-2022 14:14:40 UTC] PHP Warning:  Undefined property: stdClass::$is_enabled in /opt/lampp/htdocs/test/muhannad1/themes/altum/views/partials/cookie_consent.php on line 3
[03-Nov-2022 14:35:03 UTC] PHP Warning:  Undefined property: stdClass::$is_enabled in /opt/lampp/htdocs/test/muhannad1/themes/altum/views/partials/cookie_consent.php on line 3
[03-Nov-2022 14:35:04 UTC] PHP Warning:  Undefined property: stdClass::$is_enabled in /opt/lampp/htdocs/test/muhannad1/themes/altum/views/partials/cookie_consent.php on line 3
[03-Nov-2022 14:35:08 UTC] PHP Warning:  Undefined property: stdClass::$is_enabled in /opt/lampp/htdocs/test/muhannad1/themes/altum/views/partials/cookie_consent.php on line 3
[03-Nov-2022 14:35:14 UTC] PHP Warning:  Undefined property: stdClass::$is_enabled in /opt/lampp/htdocs/test/muhannad1/themes/altum/views/partials/cookie_consent.php on line 3
[03-Nov-2022 14:44:25 UTC] PHP Warning:  Undefined property: stdClass::$is_enabled in /opt/lampp/htdocs/test/muhannad1/themes/altum/views/partials/cookie_consent.php on line 3
[03-Nov-2022 14:44:35 UTC] PHP Warning:  Undefined property: stdClass::$is_enabled in /opt/lampp/htdocs/test/muhannad1/themes/altum/views/partials/cookie_consent.php on line 3
[03-Nov-2022 21:28:45 UTC] PHP Warning:  Undefined property: stdClass::$is_enabled in /opt/lampp/htdocs/test/muhannad1/themes/altum/views/partials/cookie_consent.php on line 3
[03-Nov-2022 21:28:52 UTC] PHP Warning:  Undefined property: stdClass::$is_enabled in /opt/lampp/htdocs/test/muhannad1/themes/altum/views/partials/cookie_consent.php on line 3
[03-Nov-2022 22:07:04 UTC] PHP Warning:  Undefined property: stdClass::$is_enabled in /opt/lampp/htdocs/test/muhannad1/themes/altum/views/partials/cookie_consent.php on line 3
[03-Nov-2022 22:08:19 UTC] PHP Warning:  Undefined property: stdClass::$is_enabled in /opt/lampp/htdocs/test/muhannad1/themes/altum/views/partials/footer.php on line 69
[03-Nov-2022 22:08:19 UTC] PHP Warning:  Undefined property: stdClass::$is_enabled in /opt/lampp/htdocs/test/muhannad1/themes/altum/views/partials/cookie_consent.php on line 3
[03-Nov-2022 22:08:19 UTC] PHP Warning:  Undefined property: stdClass::$is_enabled in /opt/lampp/htdocs/test/muhannad1/themes/altum/views/partials/footer.php on line 69
[03-Nov-2022 22:08:19 UTC] PHP Warning:  Undefined property: stdClass::$is_enabled in /opt/lampp/htdocs/test/muhannad1/themes/altum/views/partials/cookie_consent.php on line 3
[03-Nov-2022 22:08:23 UTC] PHP Warning:  Undefined property: stdClass::$is_enabled in /opt/lampp/htdocs/test/muhannad1/themes/altum/views/partials/cookie_consent.php on line 3
[03-Nov-2022 22:14:48 UTC] PHP Warning:  Undefined property: stdClass::$is_enabled in /opt/lampp/htdocs/test/muhannad1/themes/altum/views/partials/cookie_consent.php on line 3
[03-Nov-2022 22:14:51 UTC] PHP Warning:  Undefined property: stdClass::$is_enabled in /opt/lampp/htdocs/test/muhannad1/themes/altum/views/partials/cookie_consent.php on line 3
[03-Nov-2022 22:14:54 UTC] PHP Warning:  Undefined property: stdClass::$blog_posts in /opt/lampp/htdocs/test/muhannad1/themes/altum/views/s/cart/new-york/index.php on line 353
[03-Nov-2022 22:14:54 UTC] PHP Warning:  foreach() argument must be of type array|object, null given in /opt/lampp/htdocs/test/muhannad1/themes/altum/views/s/cart/new-york/index.php on line 353
[03-Nov-2022 22:14:54 UTC] PHP Warning:  Undefined property: stdClass::$is_enabled in /opt/lampp/htdocs/test/muhannad1/themes/altum/views/partials/cookie_consent.php on line 3
[03-Nov-2022 22:15:29 UTC] PHP Warning:  Undefined property: stdClass::$blog_posts in /opt/lampp/htdocs/test/muhannad1/themes/altum/views/s/cart/new-york/index.php on line 352
[03-Nov-2022 22:15:29 UTC] PHP Warning:  foreach() argument must be of type array|object, null given in /opt/lampp/htdocs/test/muhannad1/themes/altum/views/s/cart/new-york/index.php on line 352
[03-Nov-2022 22:15:29 UTC] PHP Warning:  Undefined property: stdClass::$is_enabled in /opt/lampp/htdocs/test/muhannad1/themes/altum/views/partials/cookie_consent.php on line 3
[03-Nov-2022 22:16:24 UTC] PHP Warning:  Undefined property: stdClass::$blog_posts in /opt/lampp/htdocs/test/muhannad1/themes/altum/views/s/cart/new-york/index.php on line 352
[03-Nov-2022 22:16:24 UTC] PHP Warning:  foreach() argument must be of type array|object, null given in /opt/lampp/htdocs/test/muhannad1/themes/altum/views/s/cart/new-york/index.php on line 352
[03-Nov-2022 22:16:24 UTC] PHP Warning:  Undefined property: stdClass::$is_enabled in /opt/lampp/htdocs/test/muhannad1/themes/altum/views/partials/cookie_consent.php on line 3
[03-Nov-2022 22:18:03 UTC] PHP Warning:  Undefined property: stdClass::$is_enabled in /opt/lampp/htdocs/test/muhannad1/themes/altum/views/partials/cookie_consent.php on line 3
[03-Nov-2022 22:31:57 UTC] PHP Warning:  Undefined property: stdClass::$is_enabled in /opt/lampp/htdocs/test/muhannad1/themes/altum/views/partials/footer.php on line 69
[03-Nov-2022 22:31:57 UTC] PHP Warning:  Undefined property: stdClass::$is_enabled in /opt/lampp/htdocs/test/muhannad1/themes/altum/views/partials/cookie_consent.php on line 3
[03-Nov-2022 22:31:57 UTC] PHP Warning:  Undefined property: stdClass::$is_enabled in /opt/lampp/htdocs/test/muhannad1/themes/altum/views/partials/footer.php on line 69
[03-Nov-2022 22:31:57 UTC] PHP Warning:  Undefined property: stdClass::$is_enabled in /opt/lampp/htdocs/test/muhannad1/themes/altum/views/partials/cookie_consent.php on line 3
[03-Nov-2022 22:32:00 UTC] PHP Warning:  Undefined property: stdClass::$is_enabled in /opt/lampp/htdocs/test/muhannad1/themes/altum/views/partials/cookie_consent.php on line 3
[03-Nov-2022 22:32:09 UTC] PHP Warning:  Undefined property: stdClass::$is_enabled in /opt/lampp/htdocs/test/muhannad1/themes/altum/views/partials/cookie_consent.php on line 3
[03-Nov-2022 22:32:21 UTC] PHP Warning:  Undefined property: stdClass::$is_enabled in /opt/lampp/htdocs/test/muhannad1/themes/altum/views/partials/cookie_consent.php on line 3
[03-Nov-2022 22:33:45 UTC] PHP Warning:  Undefined property: stdClass::$is_enabled in /opt/lampp/htdocs/test/muhannad1/themes/altum/views/partials/cookie_consent.php on line 3
[03-Nov-2022 22:33:53 UTC] PHP Warning:  Undefined property: stdClass::$is_enabled in /opt/lampp/htdocs/test/muhannad1/themes/altum/views/partials/cookie_consent.php on line 3
[03-Nov-2022 22:35:02 UTC] PHP Warning:  Undefined property: stdClass::$is_enabled in /opt/lampp/htdocs/test/muhannad1/themes/altum/views/partials/cookie_consent.php on line 3
[03-Nov-2022 22:35:09 UTC] PHP Warning:  Undefined property: stdClass::$is_enabled in /opt/lampp/htdocs/test/muhannad1/themes/altum/views/partials/cookie_consent.php on line 3
[03-Nov-2022 22:36:03 UTC] PHP Warning:  Undefined property: stdClass::$is_enabled in /opt/lampp/htdocs/test/muhannad1/themes/altum/views/partials/cookie_consent.php on line 3
[03-Nov-2022 22:36:43 UTC] PHP Warning:  Undefined property: stdClass::$is_enabled in /opt/lampp/htdocs/test/muhannad1/themes/altum/views/partials/cookie_consent.php on line 3
[03-Nov-2022 22:37:12 UTC] PHP Warning:  Undefined property: stdClass::$is_enabled in /opt/lampp/htdocs/test/muhannad1/themes/altum/views/partials/cookie_consent.php on line 3
[03-Nov-2022 22:38:02 UTC] PHP Warning:  Undefined property: stdClass::$is_enabled in /opt/lampp/htdocs/test/muhannad1/themes/altum/views/partials/footer.php on line 69
[03-Nov-2022 22:38:02 UTC] PHP Warning:  Undefined property: stdClass::$is_enabled in /opt/lampp/htdocs/test/muhannad1/themes/altum/views/partials/cookie_consent.php on line 3
[03-Nov-2022 22:38:09 UTC] PHP Warning:  Undefined property: stdClass::$is_enabled in /opt/lampp/htdocs/test/muhannad1/themes/altum/views/partials/footer.php on line 69
[03-Nov-2022 22:38:09 UTC] PHP Warning:  Undefined property: stdClass::$is_enabled in /opt/lampp/htdocs/test/muhannad1/themes/altum/views/partials/cookie_consent.php on line 3
[03-Nov-2022 22:38:35 UTC] PHP Warning:  Undefined property: stdClass::$is_enabled in /opt/lampp/htdocs/test/muhannad1/themes/altum/views/partials/footer.php on line 69
[03-Nov-2022 22:38:35 UTC] PHP Warning:  Undefined property: stdClass::$is_enabled in /opt/lampp/htdocs/test/muhannad1/themes/altum/views/partials/cookie_consent.php on line 3
[03-Nov-2022 22:38:40 UTC] PHP Warning:  Undefined property: stdClass::$is_enabled in /opt/lampp/htdocs/test/muhannad1/themes/altum/views/partials/footer.php on line 69
[03-Nov-2022 22:38:40 UTC] PHP Warning:  Undefined property: stdClass::$is_enabled in /opt/lampp/htdocs/test/muhannad1/themes/altum/views/partials/cookie_consent.php on line 3
[03-Nov-2022 22:38:43 UTC] PHP Warning:  Undefined property: stdClass::$is_enabled in /opt/lampp/htdocs/test/muhannad1/themes/altum/views/partials/footer.php on line 69
[03-Nov-2022 22:38:43 UTC] PHP Warning:  Undefined property: stdClass::$is_enabled in /opt/lampp/htdocs/test/muhannad1/themes/altum/views/partials/cookie_consent.php on line 3
[03-Nov-2022 22:38:58 UTC] PHP Warning:  Undefined property: stdClass::$is_enabled in /opt/lampp/htdocs/test/muhannad1/themes/altum/views/partials/footer.php on line 69
[03-Nov-2022 22:38:58 UTC] PHP Warning:  Undefined property: stdClass::$is_enabled in /opt/lampp/htdocs/test/muhannad1/themes/altum/views/partials/cookie_consent.php on line 3
[03-Nov-2022 22:39:00 UTC] PHP Warning:  Undefined property: stdClass::$is_enabled in /opt/lampp/htdocs/test/muhannad1/themes/altum/views/partials/footer.php on line 69
[03-Nov-2022 22:39:00 UTC] PHP Warning:  Undefined property: stdClass::$is_enabled in /opt/lampp/htdocs/test/muhannad1/themes/altum/views/partials/cookie_consent.php on line 3
[03-Nov-2022 22:39:02 UTC] PHP Warning:  Undefined property: stdClass::$is_enabled in /opt/lampp/htdocs/test/muhannad1/themes/altum/views/partials/footer.php on line 69
[03-Nov-2022 22:39:02 UTC] PHP Warning:  Undefined property: stdClass::$is_enabled in /opt/lampp/htdocs/test/muhannad1/themes/altum/views/partials/cookie_consent.php on line 3
[03-Nov-2022 22:39:07 UTC] PHP Warning:  Undefined property: stdClass::$is_enabled in /opt/lampp/htdocs/test/muhannad1/themes/altum/views/partials/footer.php on line 69
[03-Nov-2022 22:39:07 UTC] PHP Warning:  Undefined property: stdClass::$is_enabled in /opt/lampp/htdocs/test/muhannad1/themes/altum/views/partials/cookie_consent.php on line 3
[03-Nov-2022 22:39:38 UTC] PHP Warning:  Undefined property: stdClass::$is_enabled in /opt/lampp/htdocs/test/muhannad1/themes/altum/views/partials/footer.php on line 69
[03-Nov-2022 22:39:38 UTC] PHP Warning:  Undefined property: stdClass::$is_enabled in /opt/lampp/htdocs/test/muhannad1/themes/altum/views/partials/cookie_consent.php on line 3
[03-Nov-2022 22:40:14 UTC] PHP Warning:  Undefined property: stdClass::$is_enabled in /opt/lampp/htdocs/test/muhannad1/themes/altum/views/partials/footer.php on line 69
[03-Nov-2022 22:40:14 UTC] PHP Warning:  Undefined property: stdClass::$is_enabled in /opt/lampp/htdocs/test/muhannad1/themes/altum/views/partials/cookie_consent.php on line 3
[03-Nov-2022 22:41:02 UTC] PHP Warning:  Undefined property: stdClass::$is_enabled in /opt/lampp/htdocs/test/muhannad1/themes/altum/views/partials/footer.php on line 69
[03-Nov-2022 22:41:02 UTC] PHP Warning:  Undefined property: stdClass::$is_enabled in /opt/lampp/htdocs/test/muhannad1/themes/altum/views/partials/cookie_consent.php on line 3
[03-Nov-2022 22:41:35 UTC] PHP Warning:  Undefined property: stdClass::$is_enabled in /opt/lampp/htdocs/test/muhannad1/themes/altum/views/partials/footer.php on line 69
[03-Nov-2022 22:41:35 UTC] PHP Warning:  Undefined property: stdClass::$is_enabled in /opt/lampp/htdocs/test/muhannad1/themes/altum/views/partials/cookie_consent.php on line 3
[03-Nov-2022 22:43:19 UTC] PHP Warning:  Undefined property: stdClass::$is_enabled in /opt/lampp/htdocs/test/muhannad1/themes/altum/views/partials/footer.php on line 69
[03-Nov-2022 22:43:19 UTC] PHP Warning:  Undefined property: stdClass::$is_enabled in /opt/lampp/htdocs/test/muhannad1/themes/altum/views/partials/cookie_consent.php on line 3
[03-Nov-2022 22:43:30 UTC] PHP Warning:  Undefined property: stdClass::$is_enabled in /opt/lampp/htdocs/test/muhannad1/themes/altum/views/partials/footer.php on line 69
[03-Nov-2022 22:43:30 UTC] PHP Warning:  Undefined property: stdClass::$is_enabled in /opt/lampp/htdocs/test/muhannad1/themes/altum/views/partials/cookie_consent.php on line 3
[03-Nov-2022 22:43:35 UTC] PHP Warning:  Undefined property: stdClass::$is_enabled in /opt/lampp/htdocs/test/muhannad1/themes/altum/views/partials/footer.php on line 69
[03-Nov-2022 22:43:35 UTC] PHP Warning:  Undefined property: stdClass::$is_enabled in /opt/lampp/htdocs/test/muhannad1/themes/altum/views/partials/cookie_consent.php on line 3
[03-Nov-2022 22:47:19 UTC] PHP Warning:  Undefined property: stdClass::$is_enabled in /opt/lampp/htdocs/test/muhannad1/themes/altum/views/partials/footer.php on line 69
[03-Nov-2022 22:47:19 UTC] PHP Warning:  Undefined property: stdClass::$is_enabled in /opt/lampp/htdocs/test/muhannad1/themes/altum/views/partials/cookie_consent.php on line 3
[03-Nov-2022 22:47:27 UTC] PHP Warning:  Undefined property: stdClass::$is_enabled in /opt/lampp/htdocs/test/muhannad1/themes/altum/views/partials/footer.php on line 69
[03-Nov-2022 22:47:27 UTC] PHP Warning:  Undefined property: stdClass::$is_enabled in /opt/lampp/htdocs/test/muhannad1/themes/altum/views/partials/cookie_consent.php on line 3
[03-Nov-2022 22:48:13 UTC] PHP Warning:  Undefined property: stdClass::$is_enabled in /opt/lampp/htdocs/test/muhannad1/themes/altum/views/partials/footer.php on line 69
[03-Nov-2022 22:48:13 UTC] PHP Warning:  Undefined property: stdClass::$is_enabled in /opt/lampp/htdocs/test/muhannad1/themes/altum/views/partials/cookie_consent.php on line 3
[03-Nov-2022 22:48:21 UTC] PHP Warning:  Undefined property: stdClass::$is_enabled in /opt/lampp/htdocs/test/muhannad1/themes/altum/views/partials/footer.php on line 69
[03-Nov-2022 22:48:21 UTC] PHP Warning:  Undefined property: stdClass::$is_enabled in /opt/lampp/htdocs/test/muhannad1/themes/altum/views/partials/cookie_consent.php on line 3
[03-Nov-2022 22:55:23 UTC] PHP Warning:  Undefined property: stdClass::$is_enabled in /opt/lampp/htdocs/test/muhannad1/themes/altum/views/partials/footer.php on line 69
[03-Nov-2022 22:55:23 UTC] PHP Warning:  Undefined property: stdClass::$is_enabled in /opt/lampp/htdocs/test/muhannad1/themes/altum/views/partials/cookie_consent.php on line 3
[03-Nov-2022 22:55:30 UTC] PHP Warning:  Undefined property: stdClass::$is_enabled in /opt/lampp/htdocs/test/muhannad1/themes/altum/views/partials/footer.php on line 69
[03-Nov-2022 22:55:30 UTC] PHP Warning:  Undefined property: stdClass::$is_enabled in /opt/lampp/htdocs/test/muhannad1/themes/altum/views/partials/cookie_consent.php on line 3
[03-Nov-2022 22:56:53 UTC] PHP Warning:  Undefined property: stdClass::$is_enabled in /opt/lampp/htdocs/test/muhannad1/themes/altum/views/partials/footer.php on line 69
[03-Nov-2022 22:56:53 UTC] PHP Warning:  Undefined property: stdClass::$is_enabled in /opt/lampp/htdocs/test/muhannad1/themes/altum/views/partials/cookie_consent.php on line 3
