[17-Nov-2022 00:08:05 UTC] PHP Notice:  Undefined variable: order in /home/muhannad1/public_html/app/controllers/QrTable.php on line 50
[17-Nov-2022 00:08:05 UTC] PHP Notice:  Undefined index: table_number in /home/muhannad1/public_html/themes/altum/views/qr-table/index.php on line 15
[17-Nov-2022 00:08:05 UTC] PHP Notice:  Undefined index: table_person in /home/muhannad1/public_html/themes/altum/views/qr-table/index.php on line 16
[17-Nov-2022 00:09:34 UTC] PHP Notice:  Undefined variable: order in /home/muhannad1/public_html/app/controllers/QrTable.php on line 50
[17-Nov-2022 00:09:34 UTC] PHP Notice:  Undefined index: table_number in /home/muhannad1/public_html/themes/altum/views/qr-table/index.php on line 15
[17-Nov-2022 00:09:34 UTC] PHP Notice:  Undefined index: table_person in /home/muhannad1/public_html/themes/altum/views/qr-table/index.php on line 16
[17-Nov-2022 00:11:06 UTC] PHP Notice:  Undefined variable: order in /home/muhannad1/public_html/app/controllers/QrTable.php on line 50
[17-Nov-2022 00:11:06 UTC] PHP Notice:  Undefined index: table_number in /home/muhannad1/public_html/themes/altum/views/qr-table/index.php on line 15
[17-Nov-2022 00:11:06 UTC] PHP Notice:  Undefined index: table_person in /home/muhannad1/public_html/themes/altum/views/qr-table/index.php on line 16
[17-Nov-2022 00:11:29 UTC] PHP Notice:  session_start(): A session had already been started - ignoring in /home/muhannad1/public_html/themes/altum/views/s/store/new-york/index.php on line 7
[17-Nov-2022 00:11:47 UTC] PHP Notice:  Undefined index: table in /home/muhannad1/public_html/themes/altum/views/s/store/new-york/index.php on line 5
[17-Nov-2022 00:11:47 UTC] PHP Notice:  session_start(): A session had already been started - ignoring in /home/muhannad1/public_html/themes/altum/views/s/store/new-york/index.php on line 7
[17-Nov-2022 00:20:28 UTC] PHP Notice:  Undefined index: table in /home/muhannad1/public_html/themes/altum/views/s/store/new-york/index.php on line 5
[17-Nov-2022 00:20:28 UTC] PHP Notice:  session_start(): A session had already been started - ignoring in /home/muhannad1/public_html/themes/altum/views/s/store/new-york/index.php on line 7
[17-Nov-2022 09:26:47 UTC] PHP Notice:  Undefined index: table in /home/muhannad1/public_html/themes/altum/views/s/store/new-york/index.php on line 5
[17-Nov-2022 09:26:47 UTC] PHP Notice:  session_start(): A session had already been started - ignoring in /home/muhannad1/public_html/themes/altum/views/s/store/new-york/index.php on line 7
[17-Nov-2022 09:26:53 UTC] PHP Notice:  Undefined index: table in /home/muhannad1/public_html/themes/altum/views/s/store/new-york/index.php on line 5
[17-Nov-2022 09:26:53 UTC] PHP Notice:  session_start(): A session had already been started - ignoring in /home/muhannad1/public_html/themes/altum/views/s/store/new-york/index.php on line 7
[17-Nov-2022 09:27:19 UTC] PHP Notice:  Undefined index: table in /home/muhannad1/public_html/themes/altum/views/s/store/new-york/index.php on line 5
[17-Nov-2022 09:27:19 UTC] PHP Notice:  session_start(): A session had already been started - ignoring in /home/muhannad1/public_html/themes/altum/views/s/store/new-york/index.php on line 7
[17-Nov-2022 09:27:52 UTC] PHP Notice:  Undefined index: table in /home/muhannad1/public_html/themes/altum/views/s/store/new-york/index.php on line 5
[17-Nov-2022 09:27:52 UTC] PHP Notice:  session_start(): A session had already been started - ignoring in /home/muhannad1/public_html/themes/altum/views/s/store/new-york/index.php on line 7
[17-Nov-2022 09:28:13 UTC] PHP Notice:  Undefined variable: pending_orders in /home/muhannad1/public_html/app/controllers/Client.php on line 74
[17-Nov-2022 09:28:20 UTC] PHP Notice:  Undefined index: table in /home/muhannad1/public_html/themes/altum/views/s/store/new-york/index.php on line 5
[17-Nov-2022 09:28:20 UTC] PHP Notice:  session_start(): A session had already been started - ignoring in /home/muhannad1/public_html/themes/altum/views/s/store/new-york/index.php on line 7
[17-Nov-2022 09:28:39 UTC] PHP Notice:  Undefined variable: order in /home/muhannad1/public_html/app/controllers/QrTable.php on line 50
[17-Nov-2022 09:28:39 UTC] PHP Notice:  Undefined index: table_number in /home/muhannad1/public_html/themes/altum/views/qr-table/index.php on line 15
[17-Nov-2022 09:28:39 UTC] PHP Notice:  Undefined index: table_person in /home/muhannad1/public_html/themes/altum/views/qr-table/index.php on line 16
[17-Nov-2022 09:28:52 UTC] PHP Notice:  Undefined index: table in /home/muhannad1/public_html/themes/altum/views/s/store/new-york/index.php on line 5
[17-Nov-2022 09:28:52 UTC] PHP Notice:  session_start(): A session had already been started - ignoring in /home/muhannad1/public_html/themes/altum/views/s/store/new-york/index.php on line 7
[17-Nov-2022 09:29:01 UTC] PHP Notice:  Undefined variable: order in /home/muhannad1/public_html/app/controllers/QrTable.php on line 50
[17-Nov-2022 09:29:01 UTC] PHP Notice:  Undefined index: table_number in /home/muhannad1/public_html/themes/altum/views/qr-table/index.php on line 15
[17-Nov-2022 09:29:01 UTC] PHP Notice:  Undefined index: table_person in /home/muhannad1/public_html/themes/altum/views/qr-table/index.php on line 16
[17-Nov-2022 09:29:18 UTC] PHP Notice:  session_start(): A session had already been started - ignoring in /home/muhannad1/public_html/themes/altum/views/s/store/new-york/index.php on line 7
[17-Nov-2022 09:29:30 UTC] PHP Notice:  Undefined variable: order in /home/muhannad1/public_html/app/controllers/QrTable.php on line 50
[17-Nov-2022 09:29:30 UTC] PHP Notice:  Undefined index: table_number in /home/muhannad1/public_html/themes/altum/views/qr-table/index.php on line 15
[17-Nov-2022 09:29:30 UTC] PHP Notice:  Undefined index: table_person in /home/muhannad1/public_html/themes/altum/views/qr-table/index.php on line 16
[17-Nov-2022 09:29:38 UTC] PHP Notice:  session_start(): A session had already been started - ignoring in /home/muhannad1/public_html/themes/altum/views/s/store/new-york/index.php on line 7
[17-Nov-2022 09:29:56 UTC] PHP Notice:  Undefined variable: pending_orders in /home/muhannad1/public_html/app/controllers/Client.php on line 74
[17-Nov-2022 09:30:32 UTC] PHP Notice:  Undefined index: referred_by in /home/muhannad1/public_html/app/controllers/admin/AdminUserUpdate.php on line 144
[17-Nov-2022 09:31:29 UTC] PHP Notice:  Undefined index: table in /home/muhannad1/public_html/themes/altum/views/s/store/new-york/index.php on line 5
[17-Nov-2022 09:31:29 UTC] PHP Notice:  session_start(): A session had already been started - ignoring in /home/muhannad1/public_html/themes/altum/views/s/store/new-york/index.php on line 7
[17-Nov-2022 09:32:06 UTC] PHP Notice:  Undefined variable: orders in /home/muhannad1/public_html/app/controllers/StoreQr.php on line 50
[17-Nov-2022 09:32:10 UTC] PHP Notice:  Undefined variable: order in /home/muhannad1/public_html/app/controllers/QrTable.php on line 50
[17-Nov-2022 09:32:10 UTC] PHP Notice:  Undefined index: table_number in /home/muhannad1/public_html/themes/altum/views/qr-table/index.php on line 15
[17-Nov-2022 09:32:10 UTC] PHP Notice:  Undefined index: table_person in /home/muhannad1/public_html/themes/altum/views/qr-table/index.php on line 16
[17-Nov-2022 09:32:13 UTC] PHP Notice:  Undefined variable: pending_orders in /home/muhannad1/public_html/app/controllers/Client.php on line 74
[17-Nov-2022 09:32:47 UTC] PHP Notice:  Undefined variable: order in /home/muhannad1/public_html/app/controllers/QrTable.php on line 50
[17-Nov-2022 09:32:47 UTC] PHP Notice:  Undefined index: table_number in /home/muhannad1/public_html/themes/altum/views/qr-table/index.php on line 15
[17-Nov-2022 09:32:47 UTC] PHP Notice:  Undefined index: table_person in /home/muhannad1/public_html/themes/altum/views/qr-table/index.php on line 16
[17-Nov-2022 09:33:10 UTC] PHP Notice:  Undefined variable: order in /home/muhannad1/public_html/app/controllers/QrTable.php on line 50
[17-Nov-2022 09:33:10 UTC] PHP Notice:  Undefined index: table_number in /home/muhannad1/public_html/themes/altum/views/qr-table/index.php on line 15
[17-Nov-2022 09:33:10 UTC] PHP Notice:  Undefined index: table_person in /home/muhannad1/public_html/themes/altum/views/qr-table/index.php on line 16
[17-Nov-2022 09:33:14 UTC] PHP Notice:  Undefined variable: order in /home/muhannad1/public_html/app/controllers/QrTable.php on line 50
[17-Nov-2022 09:33:14 UTC] PHP Notice:  Undefined index: table_number in /home/muhannad1/public_html/themes/altum/views/qr-table/index.php on line 15
[17-Nov-2022 09:33:14 UTC] PHP Notice:  Undefined index: table_person in /home/muhannad1/public_html/themes/altum/views/qr-table/index.php on line 16
[17-Nov-2022 09:36:04 UTC] PHP Notice:  Undefined variable: pending_orders in /home/muhannad1/public_html/app/controllers/Client.php on line 74
[17-Nov-2022 09:38:18 UTC] PHP Notice:  Undefined variable: pending_orders in /home/muhannad1/public_html/app/controllers/Client.php on line 74
[17-Nov-2022 09:38:40 UTC] PHP Notice:  Undefined index: dateof in /home/muhannad1/public_html/themes/altum/views/orders-of/index.php on line 79
[17-Nov-2022 09:38:40 UTC] PHP Notice:  Undefined index: dateof in /home/muhannad1/public_html/themes/altum/views/orders-of/index.php on line 79
[17-Nov-2022 09:38:40 UTC] PHP Notice:  Undefined variable: today in /home/muhannad1/public_html/themes/altum/views/orders-of/index.php on line 150
[17-Nov-2022 09:38:43 UTC] PHP Notice:  Undefined variable: today in /home/muhannad1/public_html/themes/altum/views/orders-of/index.php on line 150
[17-Nov-2022 09:38:43 UTC] PHP Notice:  Undefined variable: today in /home/muhannad1/public_html/themes/altum/views/orders-of/index.php on line 150
[17-Nov-2022 09:41:43 UTC] PHP Notice:  Undefined index: table in /home/muhannad1/public_html/themes/altum/views/s/store/new-york/index.php on line 5
[17-Nov-2022 09:41:43 UTC] PHP Notice:  session_start(): A session had already been started - ignoring in /home/muhannad1/public_html/themes/altum/views/s/store/new-york/index.php on line 7
[17-Nov-2022 09:41:56 UTC] PHP Notice:  Undefined variable: orders in /home/muhannad1/public_html/app/controllers/StoreQr.php on line 50
[17-Nov-2022 09:47:10 UTC] PHP Notice:  Undefined index: table in /home/muhannad1/public_html/themes/altum/views/s/store/new-york/index.php on line 5
[17-Nov-2022 09:47:10 UTC] PHP Notice:  session_start(): A session had already been started - ignoring in /home/muhannad1/public_html/themes/altum/views/s/store/new-york/index.php on line 7
[17-Nov-2022 09:47:17 UTC] PHP Notice:  Undefined index: table in /home/muhannad1/public_html/themes/altum/views/s/store/new-york/index.php on line 5
[17-Nov-2022 09:47:17 UTC] PHP Notice:  session_start(): A session had already been started - ignoring in /home/muhannad1/public_html/themes/altum/views/s/store/new-york/index.php on line 7
[17-Nov-2022 09:47:50 UTC] PHP Notice:  Undefined index: table in /home/muhannad1/public_html/themes/altum/views/s/store/new-york/index.php on line 5
[17-Nov-2022 09:47:50 UTC] PHP Notice:  session_start(): A session had already been started - ignoring in /home/muhannad1/public_html/themes/altum/views/s/store/new-york/index.php on line 7
[17-Nov-2022 09:48:29 UTC] PHP Notice:  session_start(): A session had already been started - ignoring in /home/muhannad1/public_html/themes/altum/views/s/store/new-york/index.php on line 7
[17-Nov-2022 09:49:03 UTC] PHP Notice:  Undefined variable: order in /home/muhannad1/public_html/app/controllers/QrTable.php on line 50
[17-Nov-2022 09:49:03 UTC] PHP Notice:  Undefined index: table_number in /home/muhannad1/public_html/themes/altum/views/qr-table/index.php on line 15
[17-Nov-2022 09:49:03 UTC] PHP Notice:  Undefined index: table_person in /home/muhannad1/public_html/themes/altum/views/qr-table/index.php on line 16
[17-Nov-2022 09:49:19 UTC] PHP Notice:  Undefined variable: order in /home/muhannad1/public_html/app/controllers/QrTable.php on line 50
[17-Nov-2022 09:49:19 UTC] PHP Notice:  Undefined index: table_number in /home/muhannad1/public_html/themes/altum/views/qr-table/index.php on line 15
[17-Nov-2022 09:49:19 UTC] PHP Notice:  Undefined index: table_person in /home/muhannad1/public_html/themes/altum/views/qr-table/index.php on line 16
[17-Nov-2022 09:50:53 UTC] PHP Notice:  Undefined variable: order in /home/muhannad1/public_html/app/controllers/QrTable.php on line 50
[17-Nov-2022 09:50:53 UTC] PHP Notice:  Undefined index: table_number in /home/muhannad1/public_html/themes/altum/views/qr-table/index.php on line 15
[17-Nov-2022 09:50:53 UTC] PHP Notice:  Undefined index: table_person in /home/muhannad1/public_html/themes/altum/views/qr-table/index.php on line 16
[17-Nov-2022 09:52:26 UTC] PHP Notice:  Undefined variable: order in /home/muhannad1/public_html/app/controllers/QrTable.php on line 50
[17-Nov-2022 09:52:26 UTC] PHP Notice:  Undefined index: table_number in /home/muhannad1/public_html/themes/altum/views/qr-table/index.php on line 15
[17-Nov-2022 09:52:26 UTC] PHP Notice:  Undefined index: table_person in /home/muhannad1/public_html/themes/altum/views/qr-table/index.php on line 16
[17-Nov-2022 09:59:09 UTC] PHP Notice:  Undefined variable: orders in /home/muhannad1/public_html/app/controllers/StoreQr.php on line 50
[17-Nov-2022 16:08:32 UTC] PHP Notice:  Undefined property: stdClass::$resource_name in /home/muhannad1/public_html/themes/altum/views/admin/languages/admin_language_dropdown_button.php on line 11
[17-Nov-2022 16:10:49 UTC] PHP Notice:  Undefined property: stdClass::$resource_name in /home/muhannad1/public_html/themes/altum/views/admin/languages/admin_language_dropdown_button.php on line 11
[17-Nov-2022 16:11:58 UTC] PHP Notice:  Undefined property: stdClass::$resource_name in /home/muhannad1/public_html/themes/altum/views/admin/languages/admin_language_dropdown_button.php on line 11
[17-Nov-2022 16:17:03 UTC] PHP Notice:  Undefined property: stdClass::$resource_name in /home/muhannad1/public_html/themes/altum/views/admin/languages/admin_language_dropdown_button.php on line 11
[17-Nov-2022 16:17:16 UTC] PHP Notice:  Undefined index: table in /home/muhannad1/public_html/themes/altum/views/s/store/new-york/index.php on line 5
[17-Nov-2022 16:17:16 UTC] PHP Notice:  session_start(): A session had already been started - ignoring in /home/muhannad1/public_html/themes/altum/views/s/store/new-york/index.php on line 7
[17-Nov-2022 16:19:06 UTC] PHP Notice:  Undefined property: stdClass::$resource_name in /home/muhannad1/public_html/themes/altum/views/admin/languages/admin_language_dropdown_button.php on line 11
[17-Nov-2022 16:19:34 UTC] PHP Notice:  Undefined property: stdClass::$resource_name in /home/muhannad1/public_html/themes/altum/views/admin/languages/admin_language_dropdown_button.php on line 11
[17-Nov-2022 16:22:41 UTC] PHP Notice:  Undefined property: stdClass::$resource_name in /home/muhannad1/public_html/themes/altum/views/admin/languages/admin_language_dropdown_button.php on line 11
[17-Nov-2022 16:25:49 UTC] PHP Notice:  Undefined index: referred_by in /home/muhannad1/public_html/app/controllers/admin/AdminUserUpdate.php on line 144
[17-Nov-2022 16:27:15 UTC] PHP Notice:  Undefined property: stdClass::$resource_name in /home/muhannad1/public_html/themes/altum/views/admin/languages/admin_language_dropdown_button.php on line 11
[17-Nov-2022 16:29:00 UTC] PHP Notice:  Undefined property: stdClass::$resource_name in /home/muhannad1/public_html/themes/altum/views/admin/languages/admin_language_dropdown_button.php on line 11
[17-Nov-2022 16:52:01 UTC] PHP Notice:  Undefined index: table in /home/muhannad1/public_html/themes/altum/views/s/store/new-york/index.php on line 5
[17-Nov-2022 16:52:01 UTC] PHP Notice:  session_start(): A session had already been started - ignoring in /home/muhannad1/public_html/themes/altum/views/s/store/new-york/index.php on line 7
[17-Nov-2022 16:52:10 UTC] PHP Notice:  Undefined index: table in /home/muhannad1/public_html/themes/altum/views/s/store/new-york/index.php on line 5
[17-Nov-2022 16:52:10 UTC] PHP Notice:  session_start(): A session had already been started - ignoring in /home/muhannad1/public_html/themes/altum/views/s/store/new-york/index.php on line 7
[17-Nov-2022 16:52:18 UTC] PHP Notice:  Undefined index: table in /home/muhannad1/public_html/themes/altum/views/s/store/new-york/index.php on line 5
[17-Nov-2022 16:52:18 UTC] PHP Notice:  session_start(): A session had already been started - ignoring in /home/muhannad1/public_html/themes/altum/views/s/store/new-york/index.php on line 7
[17-Nov-2022 16:52:35 UTC] PHP Notice:  Undefined variable: pending_orders in /home/muhannad1/public_html/app/controllers/Client.php on line 74
[17-Nov-2022 16:52:58 UTC] PHP Notice:  Undefined index: table in /home/muhannad1/public_html/themes/altum/views/s/store/new-york/index.php on line 5
[17-Nov-2022 16:52:58 UTC] PHP Notice:  session_start(): A session had already been started - ignoring in /home/muhannad1/public_html/themes/altum/views/s/store/new-york/index.php on line 7
[17-Nov-2022 16:53:33 UTC] PHP Notice:  Undefined index: table in /home/muhannad1/public_html/themes/altum/views/s/store/new-york/index.php on line 5
[17-Nov-2022 16:53:33 UTC] PHP Notice:  session_start(): A session had already been started - ignoring in /home/muhannad1/public_html/themes/altum/views/s/store/new-york/index.php on line 7
[17-Nov-2022 16:55:01 UTC] PHP Notice:  Undefined index: table in /home/muhannad1/public_html/themes/altum/views/s/store/new-york/index.php on line 5
[17-Nov-2022 16:55:01 UTC] PHP Notice:  session_start(): A session had already been started - ignoring in /home/muhannad1/public_html/themes/altum/views/s/store/new-york/index.php on line 7
[17-Nov-2022 16:55:36 UTC] PHP Notice:  Undefined index: table in /home/muhannad1/public_html/themes/altum/views/s/store/new-york/index.php on line 5
[17-Nov-2022 16:55:36 UTC] PHP Notice:  session_start(): A session had already been started - ignoring in /home/muhannad1/public_html/themes/altum/views/s/store/new-york/index.php on line 7
[17-Nov-2022 16:56:35 UTC] PHP Notice:  Undefined index: table in /home/muhannad1/public_html/themes/altum/views/s/store/new-york/index.php on line 5
[17-Nov-2022 16:56:35 UTC] PHP Notice:  session_start(): A session had already been started - ignoring in /home/muhannad1/public_html/themes/altum/views/s/store/new-york/index.php on line 7
[17-Nov-2022 16:56:36 UTC] PHP Notice:  Undefined variable: orders in /home/muhannad1/public_html/app/controllers/StoreQr.php on line 50
[17-Nov-2022 16:56:39 UTC] PHP Notice:  Undefined variable: order in /home/muhannad1/public_html/app/controllers/QrTable.php on line 50
[17-Nov-2022 16:56:39 UTC] PHP Notice:  Undefined index: table_number in /home/muhannad1/public_html/themes/altum/views/qr-table/index.php on line 15
[17-Nov-2022 16:56:39 UTC] PHP Notice:  Undefined index: table_person in /home/muhannad1/public_html/themes/altum/views/qr-table/index.php on line 16
[17-Nov-2022 16:56:44 UTC] PHP Notice:  Undefined variable: pending_orders in /home/muhannad1/public_html/app/controllers/Client.php on line 74
[17-Nov-2022 16:57:39 UTC] PHP Notice:  Undefined index: table in /home/muhannad1/public_html/themes/altum/views/s/store/new-york/index.php on line 5
[17-Nov-2022 16:57:39 UTC] PHP Notice:  session_start(): A session had already been started - ignoring in /home/muhannad1/public_html/themes/altum/views/s/store/new-york/index.php on line 7
[17-Nov-2022 18:17:59 UTC] PHP Notice:  Undefined index: table in /home/muhannad1/public_html/themes/altum/views/s/store/new-york/index.php on line 5
[17-Nov-2022 18:17:59 UTC] PHP Notice:  session_start(): A session had already been started - ignoring in /home/muhannad1/public_html/themes/altum/views/s/store/new-york/index.php on line 7
[17-Nov-2022 18:19:19 UTC] PHP Notice:  Undefined index: table in /home/muhannad1/public_html/themes/altum/views/s/store/new-york/index.php on line 5
[17-Nov-2022 18:19:19 UTC] PHP Notice:  session_start(): A session had already been started - ignoring in /home/muhannad1/public_html/themes/altum/views/s/store/new-york/index.php on line 7
[17-Nov-2022 18:19:25 UTC] PHP Notice:  Undefined index: table in /home/muhannad1/public_html/themes/altum/views/s/store/new-york/index.php on line 5
[17-Nov-2022 18:19:25 UTC] PHP Notice:  session_start(): A session had already been started - ignoring in /home/muhannad1/public_html/themes/altum/views/s/store/new-york/index.php on line 7
[17-Nov-2022 21:27:58 UTC] PHP Notice:  Undefined variable: orders in /home/muhannad1/public_html/app/controllers/StoreQr.php on line 50
[17-Nov-2022 21:28:32 UTC] PHP Notice:  Undefined variable: order in /home/muhannad1/public_html/app/controllers/QrTable.php on line 50
[17-Nov-2022 21:28:32 UTC] PHP Notice:  Undefined index: table_number in /home/muhannad1/public_html/themes/altum/views/qr-table/index.php on line 15
[17-Nov-2022 21:28:32 UTC] PHP Notice:  Undefined index: table_person in /home/muhannad1/public_html/themes/altum/views/qr-table/index.php on line 16
[17-Nov-2022 21:28:43 UTC] PHP Notice:  Undefined variable: pending_orders in /home/muhannad1/public_html/app/controllers/Client.php on line 74
[17-Nov-2022 21:28:59 UTC] PHP Notice:  Undefined index: dateof in /home/muhannad1/public_html/themes/altum/views/orders-of/index.php on line 79
[17-Nov-2022 21:28:59 UTC] PHP Notice:  Undefined index: dateof in /home/muhannad1/public_html/themes/altum/views/orders-of/index.php on line 79
[17-Nov-2022 21:28:59 UTC] PHP Notice:  Undefined index: dateof in /home/muhannad1/public_html/themes/altum/views/orders-of/index.php on line 79
[17-Nov-2022 21:28:59 UTC] PHP Notice:  Undefined index: dateof in /home/muhannad1/public_html/themes/altum/views/orders-of/index.php on line 79
[17-Nov-2022 21:28:59 UTC] PHP Notice:  Undefined index: dateof in /home/muhannad1/public_html/themes/altum/views/orders-of/index.php on line 79
[17-Nov-2022 21:28:59 UTC] PHP Notice:  Undefined index: dateof in /home/muhannad1/public_html/themes/altum/views/orders-of/index.php on line 79
[17-Nov-2022 21:28:59 UTC] PHP Notice:  Undefined variable: today in /home/muhannad1/public_html/themes/altum/views/orders-of/index.php on line 150
[17-Nov-2022 21:29:04 UTC] PHP Notice:  Undefined variable: today in /home/muhannad1/public_html/themes/altum/views/orders-of/index.php on line 150
[17-Nov-2022 21:29:15 UTC] PHP Notice:  Undefined variable: today in /home/muhannad1/public_html/themes/altum/views/orders-of/index.php on line 150
[17-Nov-2022 21:29:22 UTC] PHP Notice:  Undefined variable: today in /home/muhannad1/public_html/themes/altum/views/orders-of/index.php on line 150
[17-Nov-2022 21:29:37 UTC] PHP Notice:  Undefined variable: today in /home/muhannad1/public_html/themes/altum/views/orders-of/index.php on line 150
[17-Nov-2022 21:30:02 UTC] PHP Notice:  Undefined index: table in /home/muhannad1/public_html/themes/altum/views/s/store/new-york/index.php on line 5
[17-Nov-2022 21:30:02 UTC] PHP Notice:  session_start(): A session had already been started - ignoring in /home/muhannad1/public_html/themes/altum/views/s/store/new-york/index.php on line 7
